2020-05-11 13:21:39.222661: I tensorflow/core/platform/cpu_feature_guard.cc:141] Your CPU supports instructions that this TensorFlow binary was not compiled to use: SSE4.1 SSE4.2
2020-05-11 13:21:39.321568: I tensorflow/stream_executor/cuda/cuda_gpu_executor.cc:964] successful NUMA node read from SysFS had negative value (-1), but there must be at least one NUMA node, so returning NUMA node zero
2020-05-11 13:21:39.321976: I tensorflow/core/common_runtime/gpu/gpu_device.cc:1432] Found device 0 with properties: 
name: GeForce GTX 1050 major: 6 minor: 1 memoryClockRate(GHz): 1.506
pciBusID: 0000:01:00.0
totalMemory: 1.95GiB freeMemory: 1.90GiB
2020-05-11 13:21:39.321998: I tensorflow/core/common_runtime/gpu/gpu_device.cc:1511] Adding visible gpu devices: 0
2020-05-11 13:21:39.662689: I tensorflow/core/common_runtime/gpu/gpu_device.cc:982] Device interconnect StreamExecutor with strength 1 edge matrix:
2020-05-11 13:21:39.662733: I tensorflow/core/common_runtime/gpu/gpu_device.cc:988]      0 
2020-05-11 13:21:39.662745: I tensorflow/core/common_runtime/gpu/gpu_device.cc:1001] 0:   N 
2020-05-11 13:21:39.662851: I tensorflow/core/common_runtime/gpu/gpu_device.cc:1115] Created TensorFlow device (/job:localhost/replica:0/task:0/device:GPU:0 with 1658 MB memory) -> physical GPU (device: 0, name: GeForce GTX 1050, pci bus id: 0000:01:00.0, compute capability: 6.1)
0 120.92134 [-1.8898889] [-0.4246569]
20 0.08663774 [1.1628743] [0.47179416]
40 0.07368612 [1.1644894] [0.51979357]
60 0.06452797 [1.1531204] [0.56108254]
80 0.056530155 [1.1424378] [0.5996513]
100 0.049545567 [1.1324545] [0.63569397]
120 0.043445934 [1.1231251] [0.66937613]
140 0.03811901 [1.1144067] [0.70085263]
160 0.033467017 [1.1062591] [0.7302675]
180 0.029404333 [1.0986452] [0.75775623]
200 0.025856394 [1.09153] [0.78344464]
220 0.022757972 [1.0848807] [0.8074506]
240 0.020052042 [1.0786669] [0.82988447]
260 0.01768901 [1.0728601] [0.85084903]
280 0.015625302 [1.0674335] [0.8704405]
300 0.013823086 [1.0623624] [0.888749]
320 0.012249149 [1.0576233] [0.90585864]
340 0.010874664 [1.0531945] [0.92184764]
360 0.009674297 [1.0490558] [0.9367894]
380 0.0086259935 [1.0451882] [0.95075274]
400 0.0077104955 [1.0415738] [0.96380186]
420 0.0069109933 [1.0381962] [0.9759962]
440 0.006212803 [1.0350399] [0.9873917]
460 0.0056030587 [1.0320902] [0.99804103]
480 0.0050705783 [1.0293337] [1.0079927]
500 0.0046055415 [1.0267577] [1.0172929]
520 0.0041994294 [1.0243504] [1.0259838]
540 0.0038447652 [1.0221008] [1.0341058]
560 0.003535036 [1.0199984] [1.041696]
580 0.0032645348 [1.0180339] [1.0487888]
600 0.0030283097 [1.0161979] [1.0554173]
620 0.0028220317 [1.0144823] [1.0616113]
640 0.002641866 [1.0128789] [1.0674001]
660 0.0024845223 [1.0113804] [1.0728098]
680 0.0023471205 [1.0099802] [1.077865]
700 0.0022271317 [1.0086718] [1.082589]
720 0.002122347 [1.0074489] [1.0870037]
740 0.0020308318 [1.006306] [1.0911297]
760 0.0019508967 [1.005238] [1.0949854]
780 0.0018811105 [1.0042402] [1.0985882]
800 0.001820148 [1.0033076] [1.1019553]
820 0.001766925 [1.0024362] [1.1051018]
840 0.0017204449 [1.0016216] [1.1080421]
860 0.0016798408 [1.0008607] [1.11079]
880 0.0016443873 [1.0001491] [1.1133578]
900 0.0016134285 [0.99948454] [1.1157575]
920 0.0015863895 [0.99886346] [1.118]
940 0.0015627781 [0.998283] [1.1200955]
960 0.0015421521 [0.99774057] [1.1220539]
980 0.0015241484 [0.9972337] [1.1238841]
1000 0.0015084194 [0.99675995] [1.1255945]
1020 0.0014946844 [0.9963172] [1.1271929]
1040 0.0014826886 [0.9959035] [1.1286865]
1060 0.001472215 [0.995517] [1.1300821]
1080 0.0014630628 [0.99515563] [1.1313865]
1100 0.001455074 [0.9948179] [1.1326056]
1120 0.0014480999 [0.9945024] [1.1337447]
1140 0.0014420089 [0.99420756] [1.1348093]
1160 0.0014366844 [0.99393195] [1.135804]
1180 0.0014320343 [0.99367446] [1.136734]
1200 0.0014279762 [0.9934339] [1.1376027]
1220 0.0014244376 [0.99320894] [1.1384145]
1240 0.0014213427 [0.99299884] [1.139173]
1260 0.001418634 [0.99280244] [1.1398823]
1280 0.001416277 [0.9926189] [1.1405449]
1300 0.0014142154 [0.9924474] [1.141164]
1320 0.0014124103 [0.9922871] [1.1417427]
1340 0.0014108361 [0.9921373] [1.1422836]
1360 0.0014094729 [0.9919973] [1.1427889]
1380 0.0014082703 [0.9918666] [1.1432611]
1400 0.0014072207 [0.99174434] [1.1437023]
1420 0.0014063114 [0.99163014] [1.1441146]
1440 0.0014055115 [0.9915234] [1.1445]
1460 0.0014048088 [0.99142367] [1.14486]
1480 0.0014042045 [0.99133044] [1.1451966]
1500 0.0014036716 [0.99124336] [1.1455112]
1520 0.001403203 [0.99116194] [1.145805]
1540 0.0014027955 [0.9910859] [1.1460798]
1560 0.0014024412 [0.9910147] [1.1463364]
1580 0.0014021377 [0.99094826] [1.1465763]
1600 0.0014018673 [0.9908862] [1.1468004]
1620 0.0014016294 [0.9908282] [1.14701]
1640 0.001401427 [0.990774] [1.1472057]
1660 0.0014012472 [0.9907233] [1.1473887]
1680 0.0014010877 [0.99067587] [1.1475598]
1700 0.0014009534 [0.99063164] [1.1477195]
1720 0.0014008327 [0.9905903] [1.1478689]
1740 0.0014007242 [0.99055165] [1.1480083]
1760 0.0014006288 [0.99051553] [1.1481388]
1780 0.0014005557 [0.99048173] [1.1482606]
1800 0.0014004868 [0.9904502] [1.1483746]
1820 0.0014004239 [0.99042076] [1.148481]
1840 0.0014003707 [0.99039316] [1.1485806]
1860 0.0014003243 [0.9903674] [1.1486735]
1880 0.0014002818 [0.99034333] [1.1487603]
1900 0.0014002465 [0.99032086] [1.1488415]
1920 0.0014002193 [0.9902999] [1.1489174]
1940 0.0014001894 [0.9902803] [1.1489882]
1960 0.0014001706 [0.9902619] [1.1490544]
1980 0.0014001499 [0.9902448] [1.1491163]
2000 0.0014001272 [0.9902288] [1.1491742]
[6.100317]
[3.6247468]
[2.634519 4.614975]
