2020-05-11 13:21:57.949959: I tensorflow/core/platform/cpu_feature_guard.cc:141] Your CPU supports instructions that this TensorFlow binary was not compiled to use: SSE4.1 SSE4.2
2020-05-11 13:21:58.047245: I tensorflow/stream_executor/cuda/cuda_gpu_executor.cc:964] successful NUMA node read from SysFS had negative value (-1), but there must be at least one NUMA node, so returning NUMA node zero
2020-05-11 13:21:58.047658: I tensorflow/core/common_runtime/gpu/gpu_device.cc:1432] Found device 0 with properties: 
name: GeForce GTX 1050 major: 6 minor: 1 memoryClockRate(GHz): 1.506
pciBusID: 0000:01:00.0
totalMemory: 1.95GiB freeMemory: 1.90GiB
2020-05-11 13:21:58.047682: I tensorflow/core/common_runtime/gpu/gpu_device.cc:1511] Adding visible gpu devices: 0
2020-05-11 13:21:58.387951: I tensorflow/core/common_runtime/gpu/gpu_device.cc:982] Device interconnect StreamExecutor with strength 1 edge matrix:
2020-05-11 13:21:58.387996: I tensorflow/core/common_runtime/gpu/gpu_device.cc:988]      0 
2020-05-11 13:21:58.388008: I tensorflow/core/common_runtime/gpu/gpu_device.cc:1001] 0:   N 
2020-05-11 13:21:58.388110: I tensorflow/core/common_runtime/gpu/gpu_device.cc:1115] Created TensorFlow device (/job:localhost/replica:0/task:0/device:GPU:0 with 1658 MB memory) -> physical GPU (device: 0, name: GeForce GTX 1050, pci bus id: 0000:01:00.0, compute capability: 6.1)
2020-05-11 13:21:58.401882: I tensorflow/core/common_runtime/gpu/gpu_device.cc:1511] Adding visible gpu devices: 0
2020-05-11 13:21:58.401948: I tensorflow/core/common_runtime/gpu/gpu_device.cc:982] Device interconnect StreamExecutor with strength 1 edge matrix:
2020-05-11 13:21:58.401976: I tensorflow/core/common_runtime/gpu/gpu_device.cc:988]      0 
2020-05-11 13:21:58.402000: I tensorflow/core/common_runtime/gpu/gpu_device.cc:1001] 0:   N 
2020-05-11 13:21:58.402111: I tensorflow/core/common_runtime/gpu/gpu_device.cc:1115] Created TensorFlow device (/job:localhost/replica:0/task:0/device:GPU:0 with 1658 MB memory) -> physical GPU (device: 0, name: GeForce GTX 1050, pci bus id: 0000:01:00.0, compute capability: 6.1)
2020-05-11 13:21:58.506561: I tensorflow/core/common_runtime/gpu/gpu_device.cc:1511] Adding visible gpu devices: 0
2020-05-11 13:21:58.506613: I tensorflow/core/common_runtime/gpu/gpu_device.cc:982] Device interconnect StreamExecutor with strength 1 edge matrix:
2020-05-11 13:21:58.506625: I tensorflow/core/common_runtime/gpu/gpu_device.cc:988]      0 
2020-05-11 13:21:58.506635: I tensorflow/core/common_runtime/gpu/gpu_device.cc:1001] 0:   N 
2020-05-11 13:21:58.506699: I tensorflow/core/common_runtime/gpu/gpu_device.cc:1115] Created TensorFlow device (/job:localhost/replica:0/task:0/device:GPU:0 with 1658 MB memory) -> physical GPU (device: 0, name: GeForce GTX 1050, pci bus id: 0000:01:00.0, compute capability: 6.1)
2020-05-11 13:22:00.007859: I tensorflow/core/common_runtime/gpu/gpu_device.cc:1511] Adding visible gpu devices: 0
2020-05-11 13:22:00.007919: I tensorflow/core/common_runtime/gpu/gpu_device.cc:982] Device interconnect StreamExecutor with strength 1 edge matrix:
2020-05-11 13:22:00.007933: I tensorflow/core/common_runtime/gpu/gpu_device.cc:988]      0 
2020-05-11 13:22:00.007944: I tensorflow/core/common_runtime/gpu/gpu_device.cc:1001] 0:   N 
2020-05-11 13:22:00.008027: I tensorflow/core/common_runtime/gpu/gpu_device.cc:1115] Created TensorFlow device (/job:localhost/replica:0/task:0/device:GPU:0 with 1658 MB memory) -> physical GPU (device: 0, name: GeForce GTX 1050, pci bus id: 0000:01:00.0, compute capability: 6.1)
b'Hello, Tensorflow!'
node1: Tensor("Const_1:0", shape=(), dtype=float32) node2: Tensor("Const_2:0", shape=(), dtype=float32)
node3:  Tensor("Add:0", shape=(), dtype=float32)
sess.run(node1, node2):  [3.0, 4.0]
sess.run(node3):  7.0
7.5
[3. 7.]
0 2.1155927 [0.06661722] [0.6278989]
20 0.11683897 [0.5827936] [0.8061602]
40 0.08975351 [0.64737386] [0.7880574]
60 0.081367224 [0.6682282] [0.7529054]
80 0.07389768 [0.6842281] [0.71770096]
100 0.067115 [0.699107] [0.68398875]
120 0.06095494 [0.7132516] [0.6518454]
140 0.055360213 [0.7267281] [0.62121123]
160 0.05027908 [0.73957086] [0.5920167]
180 0.04566427 [0.75181] [0.56419414]
200 0.041473016 [0.76347405] [0.537679]
220 0.037666444 [0.7745899] [0.51241004]
240 0.034209274 [0.7851834] [0.48832873]
260 0.03106942 [0.79527897] [0.465379]
280 0.028217712 [0.80490017] [0.44350782]
300 0.025627777 [0.81406915] [0.42266452]
320 0.023275575 [0.82280725] [0.40280083]
340 0.021139236 [0.8311346] [0.3838707]
360 0.019198986 [0.83907074] [0.36583015]
380 0.017436827 [0.84663373] [0.34863743]
400 0.015836397 [0.8538414] [0.3322527]
420 0.014382884 [0.8607103] [0.31663808]
440 0.013062749 [0.86725646] [0.30175728]
460 0.011863803 [0.87349486] [0.28757578]
480 0.010774914 [0.8794402] [0.2740608]
500 0.009785945 [0.885106] [0.26118097]
520 0.008887748 [0.8905056] [0.24890639]
540 0.008071994 [0.8956515] [0.23720871]
560 0.0073311073 [0.90055543] [0.2260608]
580 0.0066582463 [0.905229] [0.21543679]
600 0.006047109 [0.90968287] [0.20531206]
620 0.005492086 [0.9139275] [0.19566314]
640 0.0049880063 [0.91797245] [0.18646769]
660 0.004530189 [0.9218275] [0.17770444]
680 0.0041143876 [0.92550135] [0.16935298]
700 0.0037367532 [0.9290024] [0.16139407]
720 0.0033937886 [0.9323391] [0.15380917]
740 0.003082283 [0.93551886] [0.14658074]
760 0.002799378 [0.93854916] [0.139692]
780 0.0025424443 [0.94143724] [0.133127]
800 0.0023090912 [0.9441895] [0.1268705]
820 0.0020971566 [0.94681233] [0.12090805]
840 0.0019046646 [0.94931185] [0.11522584]
860 0.0017298497 [0.95169413] [0.10981067]
880 0.0015710709 [0.95396435] [0.10464994]
900 0.0014268792 [0.9561278] [0.09973177]
920 0.0012959087 [0.9581896] [0.09504477]
940 0.0011769661 [0.9601546] [0.09057807]
960 0.0010689426 [0.96202713] [0.08632122]
980 0.0009708327 [0.96381176] [0.08226444]
1000 0.00088172616 [0.96551245] [0.0783983]
1020 0.0008007937 [0.9671333] [0.07471385]
1040 0.00072729605 [0.9686778] [0.07120255]
1060 0.00066054385 [0.97014993] [0.06785635]
1080 0.00059991726 [0.9715527] [0.06466734]
1100 0.000544853 [0.97288966] [0.0616282]
1120 0.000494844 [0.9741638] [0.05873189]
1140 0.00044942545 [0.975378] [0.05597169]
1160 0.0004081756 [0.9765351] [0.05334123]
1180 0.00037070856 [0.9776378] [0.05083441]
1200 0.00033668266 [0.97868884] [0.04844539]
1220 0.00030578245 [0.9796902] [0.0461687]
1240 0.00027771902 [0.98064476] [0.04399896]
1260 0.00025222902 [0.9815544] [0.04193117]
1280 0.00022907917 [0.9824213] [0.03996057]
1300 0.00020805137 [0.9832474] [0.03808258]
1320 0.00018895748 [0.9840347] [0.03629283]
1340 0.00017161416 [0.984785] [0.0345872]
1360 0.00015586212 [0.98550004] [0.03296174]
1380 0.0001415562 [0.98618156] [0.03141265]
1400 0.00012856306 [0.98683095] [0.02993635]
1420 0.000116764284 [0.9874498] [0.02852945]
1440 0.000106046406 [0.9880397] [0.02718866]
1460 9.631394e-05 [0.9886017] [0.02591092]
1480 8.747304e-05 [0.9891373] [0.02469322]
1500 7.944423e-05 [0.9896479] [0.02353277]
1520 7.215188e-05 [0.99013454] [0.02242678]
1540 6.552971e-05 [0.99059814] [0.02137275]
1560 5.951544e-05 [0.99104] [0.02036829]
1580 5.40529e-05 [0.99146104] [0.01941105]
1600 4.9091115e-05 [0.99186236] [0.01849881]
1620 4.458499e-05 [0.99224484] [0.01762942]
1640 4.049248e-05 [0.9926093] [0.01680087]
1660 3.67772e-05 [0.9929566] [0.01601128]
1680 3.3401117e-05 [0.99328756] [0.01525884]
1700 3.0336118e-05 [0.9936031] [0.01454173]
1720 2.7551292e-05 [0.99390364] [0.01385833]
1740 2.5022875e-05 [0.99419016] [0.01320707]
1760 2.2725857e-05 [0.9944632] [0.0125864]
1780 2.0640247e-05 [0.9947234] [0.01199489]
1800 1.8745372e-05 [0.99497133] [0.01143121]
1820 1.7025206e-05 [0.9952077] [0.01089401]
1840 1.5462569e-05 [0.995433] [0.01038203]
1860 1.4043238e-05 [0.99564755] [0.00989409]
1880 1.2754011e-05 [0.9958521] [0.00942911]
1900 1.1583389e-05 [0.9960471] [0.00898598]
1920 1.0520384e-05 [0.9962328] [0.00856368]
1940 9.555017e-06 [0.99640983] [0.00816123]
1960 8.678225e-06 [0.9965786] [0.00777769]
1980 7.881557e-06 [0.9967394] [0.00741217]
2000 7.158045e-06 [0.99689263] [0.00706382]
Done
0 0.1360748 [0.6791098] [0.3821117]
20 0.026027985 [0.80400765] [0.41246265]
40 0.022754515 [0.8236753] [0.39767832]
60 0.020658018 [0.83295745] [0.37942693]
80 0.01876188 [0.84090275] [0.36163697]
100 0.017039815 [0.8483888] [0.3446453]
120 0.015475843 [0.8555148] [0.3284486]
140 0.014055401 [0.86230516] [0.31301275]
160 0.012765351 [0.8687763] [0.2983023]
180 0.011593678 [0.8749433] [0.28428313]
200 0.010529562 [0.8808206] [0.2709228]
220 0.00956313 [0.8864216] [0.25819042]
240 0.008685384 [0.8917594] [0.24605642]
260 0.0078882035 [0.89684623] [0.23449269]
280 0.00716419 [0.90169406] [0.22347242]
300 0.006506643 [0.90631413] [0.2129701]
320 0.005909439 [0.91071695] [0.20296133]
340 0.005367048 [0.91491294] [0.19342288]
360 0.0048744394 [0.91891164] [0.18433271]
380 0.004427045 [0.9227225] [0.17566977]
400 0.0040207137 [0.9263543] [0.16741398]
420 0.0036516695 [0.9298154] [0.15954614]
440 0.003316503 [0.9331139] [0.15204802]
460 0.0030121051 [0.9362572] [0.1449023]
480 0.0027356397 [0.93925303] [0.13809243]
500 0.0024845535 [0.94210786] [0.13160253]
520 0.0022565096 [0.9448285] [0.12541768]
540 0.0020493923 [0.9474214] [0.11952353]
560 0.001861299 [0.9498924] [0.11390641]
580 0.0016904556 [0.95224726] [0.10855322]
600 0.0015353062 [0.9544915] [0.1034516]
620 0.0013943883 [0.9566302] [0.09858976]
640 0.0012664035 [0.95866835] [0.09395643]
660 0.0011501702 [0.9606108] [0.08954085]
680 0.0010446011 [0.962462] [0.08533274]
700 0.0009487213 [0.96422607] [0.08132242]
720 0.00086164713 [0.96590734] [0.07750058]
740 0.0007825617 [0.96750957] [0.07385834]
760 0.00071073876 [0.96903646] [0.07038731]
780 0.0006455016 [0.9704917] [0.06707937]
800 0.00058625435 [0.97187847] [0.06392687]
820 0.0005324442 [0.9732001] [0.06092254]
840 0.00048357528 [0.9744596] [0.05805938]
860 0.00043919115 [0.9756599] [0.05533079]
880 0.00039887917 [0.97680384] [0.05273042]
900 0.00036226874 [0.97789395] [0.05025229]
920 0.0003290189 [0.97893286] [0.04789062]
940 0.000298818 [0.979923] [0.04563993]
960 0.00027139278 [0.9808665] [0.04349495]
980 0.00024648313 [0.9817657] [0.04145087]
1000 0.00022385998 [0.9826226] [0.03950282]
1020 0.00020331336 [0.9834393] [0.03764633]
1040 0.0001846525 [0.98421764] [0.03587708]
1060 0.00016770455 [0.9849593] [0.034191]
1080 0.00015231255 [0.98566616] [0.03258416]
1100 0.0001383317 [0.9863398] [0.03105283]
1120 0.0001256345 [0.9869818] [0.02959345]
1140 0.000114103896 [0.9875936] [0.02820267]
1160 0.000103630846 [0.98817664] [0.02687725]
1180 9.411967e-05 [0.98873234] [0.0256141]
1200 8.548069e-05 [0.98926175] [0.02441036]
1220 7.763493e-05 [0.9897666] [0.02326318]
1240 7.050772e-05 [0.99024755] [0.02216979]
1260 6.403685e-05 [0.99070585] [0.02112787]
1280 5.815981e-05 [0.99114263] [0.02013493]
1300 5.282159e-05 [0.9915589] [0.01918865]
1320 4.7972644e-05 [0.9919556] [0.01828683]
1340 4.3569904e-05 [0.99233365] [0.01742742]
1360 3.957034e-05 [0.99269396] [0.01660838]
1380 3.593827e-05 [0.9930373] [0.01582783]
1400 3.2640197e-05 [0.9933646] [0.01508398]
1420 2.96445e-05 [0.99367636] [0.01437507]
1440 2.6922848e-05 [0.99397355] [0.01369952]
1460 2.4452092e-05 [0.99425673] [0.01305571]
1480 2.2207998e-05 [0.9945266] [0.01244214]
1500 2.0169473e-05 [0.9947839] [0.01185741]
1520 1.8318473e-05 [0.99502903] [0.01130019]
1540 1.6637234e-05 [0.9952626] [0.0107691]
1560 1.5110545e-05 [0.99548525] [0.01026302]
1580 1.3723645e-05 [0.99569744] [0.00978071]
1600 1.2463984e-05 [0.9958997] [0.00932104]
1620 1.1319829e-05 [0.9960923] [0.00888301]
1640 1.0281012e-05 [0.99627596] [0.00846557]
1660 9.337261e-06 [0.99645096] [0.00806772]
1680 8.480534e-06 [0.9966178] [0.00768859]
1700 7.70192e-06 [0.99677676] [0.00732726]
1720 6.995199e-06 [0.9969282] [0.0069829]
1740 6.353202e-06 [0.9970726] [0.00665471]
1760 5.7696852e-06 [0.99721014] [0.00634197]
1780 5.2401374e-06 [0.9973413] [0.00604392]
1800 4.759299e-06 [0.9974662] [0.0057599]
1820 4.3226487e-06 [0.9975853] [0.00548921]
1840 3.925906e-06 [0.9976988] [0.00523125]
1860 3.5656049e-06 [0.99780697] [0.00498538]
1880 3.2383002e-06 [0.99790996] [0.00475108]
1900 2.9409819e-06 [0.99800825] [0.00452781]
1920 2.6710188e-06 [0.99810183] [0.004315]
1940 2.4258268e-06 [0.998191] [0.00411222]
1960 2.2032366e-06 [0.99827605] [0.00391897]
1980 2.0010555e-06 [0.99835706] [0.0037348]
2000 1.8173722e-06 [0.99843425] [0.00355927]
Done
