2020-05-11 13:22:22.778637: I tensorflow/core/platform/cpu_feature_guard.cc:141] Your CPU supports instructions that this TensorFlow binary was not compiled to use: SSE4.1 SSE4.2
2020-05-11 13:22:22.879760: I tensorflow/stream_executor/cuda/cuda_gpu_executor.cc:964] successful NUMA node read from SysFS had negative value (-1), but there must be at least one NUMA node, so returning NUMA node zero
2020-05-11 13:22:22.880181: I tensorflow/core/common_runtime/gpu/gpu_device.cc:1432] Found device 0 with properties: 
name: GeForce GTX 1050 major: 6 minor: 1 memoryClockRate(GHz): 1.506
pciBusID: 0000:01:00.0
totalMemory: 1.95GiB freeMemory: 1.90GiB
2020-05-11 13:22:22.880207: I tensorflow/core/common_runtime/gpu/gpu_device.cc:1511] Adding visible gpu devices: 0
2020-05-11 13:22:23.220312: I tensorflow/core/common_runtime/gpu/gpu_device.cc:982] Device interconnect StreamExecutor with strength 1 edge matrix:
2020-05-11 13:22:23.220361: I tensorflow/core/common_runtime/gpu/gpu_device.cc:988]      0 
2020-05-11 13:22:23.220375: I tensorflow/core/common_runtime/gpu/gpu_device.cc:1001] 0:   N 
2020-05-11 13:22:23.220485: I tensorflow/core/common_runtime/gpu/gpu_device.cc:1115] Created TensorFlow device (/job:localhost/replica:0/task:0/device:GPU:0 with 1658 MB memory) -> physical GPU (device: 0, name: GeForce GTX 1050, pci bus id: 0000:01:00.0, compute capability: 6.1)
0 7.6290827 [0.2618032]
1 2.1700504 [0.60629505]
2 0.61725867 [0.79002404]
3 0.17557582 [0.8880128]
4 0.049941525 [0.9402735]
5 0.0142055545 [0.9681459]
6 0.0040407176 [0.9830111]
7 0.0011493517 [0.99093926]
8 0.00032693095 [0.9951676]
9 9.298978e-05 [0.99742275]
10 2.6451638e-05 [0.99862546]
11 7.523375e-06 [0.9992669]
12 2.1404048e-06 [0.999609]
13 6.088677e-07 [0.99979144]
14 1.7326506e-07 [0.9998888]
15 4.922065e-08 [0.9999407]
16 1.4012858e-08 [0.99996835]
17 3.977437e-09 [0.99998313]
18 1.1308607e-09 [0.999991]
19 3.2806113e-10 [0.9999952]
20 9.10525e-11 [0.99999744]
Done
