2020-05-11 13:24:34.894774: I tensorflow/core/platform/cpu_feature_guard.cc:141] Your CPU supports instructions that this TensorFlow binary was not compiled to use: SSE4.1 SSE4.2
2020-05-11 13:24:34.997962: I tensorflow/stream_executor/cuda/cuda_gpu_executor.cc:964] successful NUMA node read from SysFS had negative value (-1), but there must be at least one NUMA node, so returning NUMA node zero
2020-05-11 13:24:34.998370: I tensorflow/core/common_runtime/gpu/gpu_device.cc:1432] Found device 0 with properties: 
name: GeForce GTX 1050 major: 6 minor: 1 memoryClockRate(GHz): 1.506
pciBusID: 0000:01:00.0
totalMemory: 1.95GiB freeMemory: 1.90GiB
2020-05-11 13:24:34.998393: I tensorflow/core/common_runtime/gpu/gpu_device.cc:1511] Adding visible gpu devices: 0
2020-05-11 13:24:35.335515: I tensorflow/core/common_runtime/gpu/gpu_device.cc:982] Device interconnect StreamExecutor with strength 1 edge matrix:
2020-05-11 13:24:35.335560: I tensorflow/core/common_runtime/gpu/gpu_device.cc:988]      0 
2020-05-11 13:24:35.335572: I tensorflow/core/common_runtime/gpu/gpu_device.cc:1001] 0:   N 
2020-05-11 13:24:35.335683: I tensorflow/core/common_runtime/gpu/gpu_device.cc:1115] Created TensorFlow device (/job:localhost/replica:0/task:0/device:GPU:0 with 1658 MB memory) -> physical GPU (device: 0, name: GeForce GTX 1050, pci bus id: 0000:01:00.0, compute capability: 6.1)
0 Cost:  127435.85 
Prediction:
 [[-156.85483]
 [-201.48602]
 [-191.3509 ]
 [-213.00317]
 [-153.34972]] 
W:
 [[-0.4175803]
 [ 0.5580467]
 [-2.2635531]] 
b:
 [-1.2487184]
10 Cost:  27.989819 
Prediction:
 [[158.88387]
 [178.04544]
 [182.58856]
 [194.21043]
 [136.14403]] 
W:
 [[ 0.9645534]
 [ 1.933794 ]
 [-0.8666584]] 
b:
 [-1.2326789]
20 Cost:  26.688766 
Prediction:
 [[159.81963]
 [179.20715]
 [183.71393]
 [195.43875]
 [137.03694]] 
W:
 [[ 0.9708184]
 [ 1.9350574]
 [-0.8616278]] 
b:
 [-1.2326396]
30 Cost:  26.55473 
Prediction:
 [[159.80292]
 [179.22397]
 [183.71124]
 [195.43874]
 [137.0566 ]] 
W:
 [[ 0.9729144 ]
 [ 1.9321697 ]
 [-0.86081016]] 
b:
 [-1.232649]
40 Cost:  26.42146 
Prediction:
 [[159.78339]
 [179.23732]
 [183.70518]
 [195.43498]
 [137.07353]] 
W:
 [[ 0.9749918 ]
 [ 1.929277  ]
 [-0.86000687]] 
b:
 [-1.2326585]
50 Cost:  26.288914 
Prediction:
 [[159.76389]
 [179.2506 ]
 [183.69916]
 [195.43129]
 [137.09044]] 
W:
 [[ 0.97706324]
 [ 1.9263918 ]
 [-0.8592052 ]] 
b:
 [-1.232668]
60 Cost:  26.156998 
Prediction:
 [[159.74445]
 [179.26387]
 [183.6931 ]
 [195.42754]
 [137.10728]] 
W:
 [[ 0.97912854]
 [ 1.9235142 ]
 [-0.8584051 ]] 
b:
 [-1.2326776]
70 Cost:  26.025951 
Prediction:
 [[159.72508]
 [179.27705]
 [183.68706]
 [195.42384]
 [137.1241 ]] 
W:
 [[ 0.9811879]
 [ 1.9206443]
 [-0.8576066]] 
b:
 [-1.2326871]
80 Cost:  25.895477 
Prediction:
 [[159.70576]
 [179.29028]
 [183.68108]
 [195.42014]
 [137.14087]] 
W:
 [[ 0.98324126]
 [ 1.9177822 ]
 [-0.8568097 ]] 
b:
 [-1.2326967]
90 Cost:  25.76587 
Prediction:
 [[159.68648]
 [179.30339]
 [183.6751 ]
 [195.41646]
 [137.15756]] 
W:
 [[ 0.9852887 ]
 [ 1.9149275 ]
 [-0.85601443]] 
b:
 [-1.2327062]
100 Cost:  25.636862 
Prediction:
 [[159.66728]
 [179.31654]
 [183.66914]
 [195.41277]
 [137.17424]] 
W:
 [[ 0.98733026]
 [ 1.9120802 ]
 [-0.8552206 ]] 
b:
 [-1.2327157]
110 Cost:  25.508463 
Prediction:
 [[159.6481 ]
 [179.32962]
 [183.66315]
 [195.40912]
 [137.19086]] 
W:
 [[ 0.9893658]
 [ 1.9092405]
 [-0.8544284]] 
b:
 [-1.2327253]
120 Cost:  25.380816 
Prediction:
 [[159.62894]
 [179.34262]
 [183.6572 ]
 [195.40546]
 [137.20741]] 
W:
 [[ 0.99139553]
 [ 1.9064082 ]
 [-0.8536379 ]] 
b:
 [-1.2327348]
130 Cost:  25.253773 
Prediction:
 [[159.60988]
 [179.35567]
 [183.65128]
 [195.40181]
 [137.22397]] 
W:
 [[ 0.9934193]
 [ 1.9035835]
 [-0.8528488]] 
b:
 [-1.2327443]
140 Cost:  25.127514 
Prediction:
 [[159.59085]
 [179.36862]
 [183.64536]
 [195.39818]
 [137.24045]] 
W:
 [[ 0.9954372]
 [ 1.9007663]
 [-0.8520613]] 
b:
 [-1.2327539]
150 Cost:  25.001892 
Prediction:
 [[159.5719 ]
 [179.38159]
 [183.63947]
 [195.39456]
 [137.2569 ]] 
W:
 [[ 0.99744916]
 [ 1.8979565 ]
 [-0.85127527]] 
b:
 [-1.2327634]
160 Cost:  24.877008 
Prediction:
 [[159.55298]
 [179.39449]
 [183.63359]
 [195.39095]
 [137.27328]] 
W:
 [[ 0.99945533]
 [ 1.895154  ]
 [-0.85049075]] 
b:
 [-1.232773]
170 Cost:  24.752804 
Prediction:
 [[159.5341 ]
 [179.40735]
 [183.62773]
 [195.38733]
 [137.28961]] 
W:
 [[ 1.0014557 ]
 [ 1.8923589 ]
 [-0.84970784]] 
b:
 [-1.2327825]
180 Cost:  24.629175 
Prediction:
 [[159.51529]
 [179.42018]
 [183.62187]
 [195.38376]
 [137.30594]] 
W:
 [[ 1.0034502]
 [ 1.8895712]
 [-0.8489263]] 
b:
 [-1.232792]
190 Cost:  24.506395 
Prediction:
 [[159.49654]
 [179.43297]
 [183.61606]
 [195.3802 ]
 [137.32217]] 
W:
 [[ 1.005439  ]
 [ 1.8867908 ]
 [-0.84814644]] 
b:
 [-1.2328016]
200 Cost:  24.383957 
Prediction:
 [[159.47778]
 [179.44577]
 [183.61023]
 [195.37662]
 [137.33838]] 
W:
 [[ 1.007422  ]
 [ 1.8840177 ]
 [-0.84736806]] 
b:
 [-1.2328111]
210 Cost:  24.262379 
Prediction:
 [[159.45912]
 [179.4585 ]
 [183.60443]
 [195.37308]
 [137.35455]] 
W:
 [[ 1.009399 ]
 [ 1.8812519]
 [-0.8465911]] 
b:
 [-1.2328206]
220 Cost:  24.141409 
Prediction:
 [[159.4405 ]
 [179.4712 ]
 [183.59865]
 [195.36952]
 [137.37068]] 
W:
 [[ 1.0113705]
 [ 1.8784935]
 [-0.8458157]] 
b:
 [-1.2328302]
230 Cost:  24.021114 
Prediction:
 [[159.42195]
 [179.48387]
 [183.59288]
 [195.366  ]
 [137.38678]] 
W:
 [[ 1.0133363]
 [ 1.8757423]
 [-0.845042 ]] 
b:
 [-1.2328397]
240 Cost:  23.9015 
Prediction:
 [[159.40343]
 [179.49649]
 [183.58713]
 [195.36247]
 [137.4028 ]] 
W:
 [[ 1.0152962]
 [ 1.8729984]
 [-0.8442696]] 
b:
 [-1.2328492]
250 Cost:  23.782505 
Prediction:
 [[159.38496]
 [179.50908]
 [183.58138]
 [195.35898]
 [137.4188 ]] 
W:
 [[ 1.0172505]
 [ 1.8702617]
 [-0.8434987]] 
b:
 [-1.2328588]
260 Cost:  23.664131 
Prediction:
 [[159.36655]
 [179.52165]
 [183.57565]
 [195.35545]
 [137.43474]] 
W:
 [[ 1.0191991]
 [ 1.8675323]
 [-0.8427295]] 
b:
 [-1.2328694]
270 Cost:  23.546339 
Prediction:
 [[159.34818]
 [179.5342 ]
 [183.56995]
 [195.35199]
 [137.45065]] 
W:
 [[ 1.0211421 ]
 [ 1.8648101 ]
 [-0.84196174]] 
b:
 [-1.2328801]
280 Cost:  23.429255 
Prediction:
 [[159.32985]
 [179.54668]
 [183.56422]
 [195.3485 ]
 [137.46649]] 
W:
 [[ 1.0230794]
 [ 1.862095 ]
 [-0.8411954]] 
b:
 [-1.2328908]
290 Cost:  23.312654 
Prediction:
 [[159.31155]
 [179.55914]
 [183.55852]
 [195.34502]
 [137.48232]] 
W:
 [[ 1.0250111]
 [ 1.8593869]
 [-0.8404307]] 
b:
 [-1.2329016]
300 Cost:  23.196873 
Prediction:
 [[159.29335]
 [179.57158]
 [183.55286]
 [195.34155]
 [137.49808]] 
W:
 [[ 1.0269374]
 [ 1.856686 ]
 [-0.8396674]] 
b:
 [-1.2329123]
310 Cost:  23.081635 
Prediction:
 [[159.27516]
 [179.58397]
 [183.54723]
 [195.33812]
 [137.51381]] 
W:
 [[ 1.028858 ]
 [ 1.8539922]
 [-0.8389056]] 
b:
 [-1.232923]
320 Cost:  22.967009 
Prediction:
 [[159.25702]
 [179.59631]
 [183.54156]
 [195.33467]
 [137.52948]] 
W:
 [[ 1.0307728 ]
 [ 1.8513056 ]
 [-0.83814526]] 
b:
 [-1.2329338]
330 Cost:  22.853031 
Prediction:
 [[159.23895]
 [179.60864]
 [183.53595]
 [195.33125]
 [137.54514]] 
W:
 [[ 1.0326821]
 [ 1.848626 ]
 [-0.8373863]] 
b:
 [-1.2329445]
340 Cost:  22.739695 
Prediction:
 [[159.22093]
 [179.62096]
 [183.53038]
 [195.32784]
 [137.56073]] 
W:
 [[ 1.0345858]
 [ 1.8459537]
 [-0.836629 ]] 
b:
 [-1.2329552]
350 Cost:  22.62687 
Prediction:
 [[159.20294]
 [179.63322]
 [183.52475]
 [195.32443]
 [137.57626]] 
W:
 [[ 1.036484 ]
 [ 1.8432882]
 [-0.835873 ]] 
b:
 [-1.232966]
360 Cost:  22.514774 
Prediction:
 [[159.18503]
 [179.64545]
 [183.51918]
 [195.32104]
 [137.59178]] 
W:
 [[ 1.0383766]
 [ 1.8406297]
 [-0.8351185]] 
b:
 [-1.2329767]
370 Cost:  22.403042 
Prediction:
 [[159.16711]
 [179.65767]
 [183.5136 ]
 [195.31764]
 [137.60725]] 
W:
 [[ 1.0402637]
 [ 1.8379784]
 [-0.8343654]] 
b:
 [-1.2329874]
380 Cost:  22.292162 
Prediction:
 [[159.14928]
 [179.6698 ]
 [183.50806]
 [195.31427]
 [137.62268]] 
W:
 [[ 1.0421455]
 [ 1.8353337]
 [-0.8336139]] 
b:
 [-1.2329981]
390 Cost:  22.181808 
Prediction:
 [[159.1315 ]
 [179.68195]
 [183.50253]
 [195.31094]
 [137.63806]] 
W:
 [[ 1.0440217]
 [ 1.8326961]
 [-0.8328638]] 
b:
 [-1.2330089]
400 Cost:  22.07199 
Prediction:
 [[159.11375]
 [179.69406]
 [183.49702]
 [195.30757]
 [137.65341]] 
W:
 [[ 1.0458925]
 [ 1.8300656]
 [-0.8321151]] 
b:
 [-1.2330196]
410 Cost:  21.962864 
Prediction:
 [[159.09605]
 [179.70612]
 [183.49153]
 [195.30426]
 [137.66869]] 
W:
 [[ 1.0477577 ]
 [ 1.8274419 ]
 [-0.83136785]] 
b:
 [-1.2330303]
420 Cost:  21.854221 
Prediction:
 [[159.07838]
 [179.71812]
 [183.48601]
 [195.30087]
 [137.68394]] 
W:
 [[ 1.0496176]
 [ 1.824825 ]
 [-0.8306221]] 
b:
 [-1.233041]
430 Cost:  21.74622 
Prediction:
 [[159.06079]
 [179.73013]
 [183.48055]
 [195.29758]
 [137.69916]] 
W:
 [[ 1.051472 ]
 [ 1.8222152]
 [-0.8298778]] 
b:
 [-1.2330518]
440 Cost:  21.638697 
Prediction:
 [[159.04323]
 [179.74213]
 [183.47507]
 [195.29425]
 [137.71432]] 
W:
 [[ 1.0533208 ]
 [ 1.8196123 ]
 [-0.82913476]] 
b:
 [-1.2330625]
450 Cost:  21.531918 
Prediction:
 [[159.02573]
 [179.75404]
 [183.46965]
 [195.29097]
 [137.72946]] 
W:
 [[ 1.0551645 ]
 [ 1.8170161 ]
 [-0.82839334]] 
b:
 [-1.2330732]
460 Cost:  21.425528 
Prediction:
 [[159.00826]
 [179.76596]
 [183.46419]
 [195.28767]
 [137.74455]] 
W:
 [[ 1.0570027]
 [ 1.8144268]
 [-0.8276533]] 
b:
 [-1.233084]
470 Cost:  21.319834 
Prediction:
 [[158.99084]
 [179.77783]
 [183.45877]
 [195.28438]
 [137.7596 ]] 
W:
 [[ 1.0588355 ]
 [ 1.8118441 ]
 [-0.82691455]] 
b:
 [-1.2330947]
480 Cost:  21.214577 
Prediction:
 [[158.97346]
 [179.7897 ]
 [183.45335]
 [195.28111]
 [137.7746 ]] 
W:
 [[ 1.0606631]
 [ 1.8092684]
 [-0.8261773]] 
b:
 [-1.2331054]
490 Cost:  21.110088 
Prediction:
 [[158.95615]
 [179.80148]
 [183.44797]
 [195.27783]
 [137.78955]] 
W:
 [[ 1.0624852 ]
 [ 1.8066994 ]
 [-0.82544154]] 
b:
 [-1.2331161]
500 Cost:  21.00603 
Prediction:
 [[158.93887]
 [179.81326]
 [183.4426 ]
 [195.27463]
 [137.80449]] 
W:
 [[ 1.064302 ]
 [ 1.8041372]
 [-0.8247071]] 
b:
 [-1.2331269]
510 Cost:  20.90253 
Prediction:
 [[158.92165]
 [179.82506]
 [183.43726]
 [195.27138]
 [137.81935]] 
W:
 [[ 1.0661136]
 [ 1.8015817]
 [-0.8239741]] 
b:
 [-1.2331376]
520 Cost:  20.799627 
Prediction:
 [[158.90445]
 [179.83673]
 [183.43188]
 [195.26813]
 [137.8342 ]] 
W:
 [[ 1.0679199 ]
 [ 1.7990329 ]
 [-0.82324255]] 
b:
 [-1.2331483]
530 Cost:  20.697315 
Prediction:
 [[158.88733]
 [179.84842]
 [183.42656]
 [195.26491]
 [137.849  ]] 
W:
 [[ 1.0697209]
 [ 1.7964908]
 [-0.8225123]] 
b:
 [-1.2331591]
540 Cost:  20.595438 
Prediction:
 [[158.87022]
 [179.86009]
 [183.42125]
 [195.2617 ]
 [137.86375]] 
W:
 [[ 1.0715164]
 [ 1.7939557]
 [-0.8217835]] 
b:
 [-1.2331698]
550 Cost:  20.494095 
Prediction:
 [[158.85315]
 [179.8717 ]
 [183.41592]
 [195.25851]
 [137.87846]] 
W:
 [[ 1.0733068]
 [ 1.7914269]
 [-0.821056 ]] 
b:
 [-1.2331805]
560 Cost:  20.393452 
Prediction:
 [[158.83618]
 [179.88329]
 [183.41061]
 [195.25533]
 [137.89314]] 
W:
 [[ 1.075092 ]
 [ 1.7889049]
 [-0.8203301]] 
b:
 [-1.2331913]
570 Cost:  20.29321 
Prediction:
 [[158.8192 ]
 [179.89485]
 [183.40535]
 [195.25212]
 [137.90778]] 
W:
 [[ 1.0768719]
 [ 1.7863895]
 [-0.8196054]] 
b:
 [-1.233202]
580 Cost:  20.193521 
Prediction:
 [[158.80229]
 [179.9064 ]
 [183.4001 ]
 [195.249  ]
 [137.92238]] 
W:
 [[ 1.0786467]
 [ 1.7838808]
 [-0.8188821]] 
b:
 [-1.2332127]
590 Cost:  20.09444 
Prediction:
 [[158.78542]
 [179.91786]
 [183.39479]
 [195.24577]
 [137.9369 ]] 
W:
 [[ 1.0804161]
 [ 1.7813785]
 [-0.8181603]] 
b:
 [-1.2332234]
600 Cost:  19.995842 
Prediction:
 [[158.7686 ]
 [179.92935]
 [183.3896 ]
 [195.24265]
 [137.95145]] 
W:
 [[ 1.0821805 ]
 [ 1.778883  ]
 [-0.81743973]] 
b:
 [-1.2332342]
610 Cost:  19.89778 
Prediction:
 [[158.75182]
 [179.9408 ]
 [183.3844 ]
 [195.23953]
 [137.96591]] 
W:
 [[ 1.0839398]
 [ 1.7763939]
 [-0.8167206]] 
b:
 [-1.2332449]
620 Cost:  19.800243 
Prediction:
 [[158.73508]
 [179.9522 ]
 [183.37917]
 [195.23637]
 [137.98033]] 
W:
 [[ 1.0856938 ]
 [ 1.7739114 ]
 [-0.81600285]] 
b:
 [-1.2332556]
630 Cost:  19.70319 
Prediction:
 [[158.7184 ]
 [179.9636 ]
 [183.37396]
 [195.23326]
 [137.99474]] 
W:
 [[ 1.0874428 ]
 [ 1.7714353 ]
 [-0.81528646]] 
b:
 [-1.2332675]
640 Cost:  19.606731 
Prediction:
 [[158.70177]
 [179.97493]
 [183.36877]
 [195.23015]
 [138.0091 ]] 
W:
 [[ 1.0891865]
 [ 1.7689658]
 [-0.8145714]] 
b:
 [-1.2332795]
650 Cost:  19.51073 
Prediction:
 [[158.68515]
 [179.98625]
 [183.3636 ]
 [195.227  ]
 [138.02339]] 
W:
 [[ 1.0909251]
 [ 1.7665029]
 [-0.8138576]] 
b:
 [-1.2332914]
660 Cost:  19.415318 
Prediction:
 [[158.66861]
 [179.99753]
 [183.35846]
 [195.22397]
 [138.03767]] 
W:
 [[ 1.0926586]
 [ 1.7640464]
 [-0.8131452]] 
b:
 [-1.2333033]
670 Cost:  19.320412 
Prediction:
 [[158.65208]
 [180.00876]
 [183.35332]
 [195.22086]
 [138.0519 ]] 
W:
 [[ 1.094387 ]
 [ 1.7615963]
 [-0.8124342]] 
b:
 [-1.2333152]
680 Cost:  19.225939 
Prediction:
 [[158.63564]
 [180.02   ]
 [183.34819]
 [195.21779]
 [138.06612]] 
W:
 [[ 1.0961106 ]
 [ 1.7591527 ]
 [-0.81172454]] 
b:
 [-1.2333272]
690 Cost:  19.13196 
Prediction:
 [[158.6192 ]
 [180.03122]
 [183.34308]
 [195.21472]
 [138.08026]] 
W:
 [[ 1.097829  ]
 [ 1.7567154 ]
 [-0.81101614]] 
b:
 [-1.2333391]
700 Cost:  19.038614 
Prediction:
 [[158.60281]
 [180.04234]
 [183.338  ]
 [195.21169]
 [138.09438]] 
W:
 [[ 1.0995423 ]
 [ 1.7542846 ]
 [-0.81030923]] 
b:
 [-1.233351]
710 Cost:  18.945553 
Prediction:
 [[158.58646]
 [180.05351]
 [183.33289]
 [195.20862]
 [138.10844]] 
W:
 [[ 1.1012506 ]
 [ 1.7518601 ]
 [-0.80960363]] 
b:
 [-1.2333629]
720 Cost:  18.853144 
Prediction:
 [[158.57016]
 [180.0646 ]
 [183.32782]
 [195.2056 ]
 [138.12248]] 
W:
 [[ 1.1029539]
 [ 1.749442 ]
 [-0.8088993]] 
b:
 [-1.2333748]
730 Cost:  18.761312 
Prediction:
 [[158.55394]
 [180.07567]
 [183.32277]
 [195.20258]
 [138.13649]] 
W:
 [[ 1.1046522 ]
 [ 1.7470304 ]
 [-0.80819625]] 
b:
 [-1.2333868]
740 Cost:  18.669796 
Prediction:
 [[158.53772]
 [180.08673]
 [183.31772]
 [195.19955]
 [138.15045]] 
W:
 [[ 1.1063454 ]
 [ 1.744625  ]
 [-0.80749446]] 
b:
 [-1.2333987]
750 Cost:  18.578821 
Prediction:
 [[158.52156]
 [180.09775]
 [183.31265]
 [195.19655]
 [138.16437]] 
W:
 [[ 1.1080338 ]
 [ 1.7422258 ]
 [-0.80679405]] 
b:
 [-1.2334106]
760 Cost:  18.488361 
Prediction:
 [[158.50542]
 [180.1087 ]
 [183.30762]
 [195.19354]
 [138.17824]] 
W:
 [[ 1.1097171 ]
 [ 1.7398328 ]
 [-0.80609494]] 
b:
 [-1.2334225]
770 Cost:  18.39843 
Prediction:
 [[158.48938]
 [180.11969]
 [183.30264]
 [195.19057]
 [138.19211]] 
W:
 [[ 1.1113957]
 [ 1.7374462]
 [-0.8053972]] 
b:
 [-1.2334344]
780 Cost:  18.308947 
Prediction:
 [[158.47334]
 [180.1306 ]
 [183.29764]
 [195.18758]
 [138.20592]] 
W:
 [[ 1.1130693 ]
 [ 1.735066  ]
 [-0.80470085]] 
b:
 [-1.2334464]
790 Cost:  18.219852 
Prediction:
 [[158.45732]
 [180.14153]
 [183.29268]
 [195.18463]
 [138.21967]] 
W:
 [[ 1.1147379]
 [ 1.732692 ]
 [-0.8040058]] 
b:
 [-1.2334583]
800 Cost:  18.131313 
Prediction:
 [[158.44138]
 [180.15239]
 [183.28767]
 [195.18164]
 [138.23338]] 
W:
 [[ 1.1164014 ]
 [ 1.7303243 ]
 [-0.80331194]] 
b:
 [-1.2334702]
810 Cost:  18.043272 
Prediction:
 [[158.42549]
 [180.16325]
 [183.28276]
 [195.1787 ]
 [138.2471 ]] 
W:
 [[ 1.1180604]
 [ 1.7279627]
 [-0.8026195]] 
b:
 [-1.2334821]
820 Cost:  17.9557 
Prediction:
 [[158.40964]
 [180.17406]
 [183.27783]
 [195.1758 ]
 [138.26077]] 
W:
 [[ 1.1197143]
 [ 1.7256075]
 [-0.8019283]] 
b:
 [-1.233494]
830 Cost:  17.868502 
Prediction:
 [[158.3938 ]
 [180.18486]
 [183.2729 ]
 [195.17287]
 [138.27438]] 
W:
 [[ 1.1213633 ]
 [ 1.7232584 ]
 [-0.80123836]] 
b:
 [-1.233506]
840 Cost:  17.781801 
Prediction:
 [[158.37799]
 [180.19559]
 [183.26793]
 [195.1699 ]
 [138.28793]] 
W:
 [[ 1.1230073]
 [ 1.7209153]
 [-0.8005498]] 
b:
 [-1.2335179]
850 Cost:  17.695665 
Prediction:
 [[158.36227]
 [180.20631]
 [183.26305]
 [195.167  ]
 [138.30148]] 
W:
 [[ 1.1246468 ]
 [ 1.7185785 ]
 [-0.79986244]] 
b:
 [-1.2335298]
860 Cost:  17.609928 
Prediction:
 [[158.34657]
 [180.217  ]
 [183.25813]
 [195.16408]
 [138.31499]] 
W:
 [[ 1.1262813]
 [ 1.7162476]
 [-0.7991764]] 
b:
 [-1.2335417]
870 Cost:  17.524662 
Prediction:
 [[158.33092]
 [180.22768]
 [183.2533 ]
 [195.1612 ]
 [138.32846]] 
W:
 [[ 1.1279109]
 [ 1.713923 ]
 [-0.7984915]] 
b:
 [-1.2335536]
880 Cost:  17.439802 
Prediction:
 [[158.31529]
 [180.23831]
 [183.2484 ]
 [195.15831]
 [138.34187]] 
W:
 [[ 1.1295358 ]
 [ 1.7116044 ]
 [-0.79780793]] 
b:
 [-1.2335656]
890 Cost:  17.355417 
Prediction:
 [[158.29971]
 [180.24893]
 [183.24356]
 [195.15543]
 [138.35527]] 
W:
 [[ 1.1311558 ]
 [ 1.7092919 ]
 [-0.79712564]] 
b:
 [-1.2335775]
900 Cost:  17.271564 
Prediction:
 [[158.2842 ]
 [180.25949]
 [183.2387 ]
 [195.15257]
 [138.3686 ]] 
W:
 [[ 1.1327711]
 [ 1.7069856]
 [-0.7964448]] 
b:
 [-1.2335894]
910 Cost:  17.18805 
Prediction:
 [[158.2687 ]
 [180.27007]
 [183.23387]
 [195.1497 ]
 [138.38194]] 
W:
 [[ 1.1343818]
 [ 1.7046853]
 [-0.7957651]] 
b:
 [-1.2336013]
920 Cost:  17.10501 
Prediction:
 [[158.25327]
 [180.28061]
 [183.22906]
 [195.14685]
 [138.39523]] 
W:
 [[ 1.1359875]
 [ 1.7023911]
 [-0.7950867]] 
b:
 [-1.2336133]
930 Cost:  17.022509 
Prediction:
 [[158.23787]
 [180.29108]
 [183.22426]
 [195.14403]
 [138.40848]] 
W:
 [[ 1.1375885 ]
 [ 1.7001029 ]
 [-0.79440945]] 
b:
 [-1.2336252]
940 Cost:  16.940344 
Prediction:
 [[158.22247]
 [180.30154]
 [183.21947]
 [195.14117]
 [138.42166]] 
W:
 [[ 1.1391848]
 [ 1.6978207]
 [-0.7937336]] 
b:
 [-1.2336371]
950 Cost:  16.858738 
Prediction:
 [[158.20718]
 [180.312  ]
 [183.21472]
 [195.13837]
 [138.43484]] 
W:
 [[ 1.1407766]
 [ 1.6955444]
 [-0.793059 ]] 
b:
 [-1.233649]
960 Cost:  16.777363 
Prediction:
 [[158.19188]
 [180.32243]
 [183.20995]
 [195.13557]
 [138.44798]] 
W:
 [[ 1.1423637]
 [ 1.693274 ]
 [-0.7923856]] 
b:
 [-1.2336609]
970 Cost:  16.696665 
Prediction:
 [[158.17667]
 [180.3328 ]
 [183.2052 ]
 [195.13275]
 [138.46109]] 
W:
 [[ 1.143946 ]
 [ 1.6910096]
 [-0.7917135]] 
b:
 [-1.2336729]
980 Cost:  16.616192 
Prediction:
 [[158.16144]
 [180.34315]
 [183.20042]
 [195.12994]
 [138.47414]] 
W:
 [[ 1.1455237]
 [ 1.6887512]
 [-0.7910426]] 
b:
 [-1.2336848]
990 Cost:  16.536318 
Prediction:
 [[158.14629]
 [180.35349]
 [183.19572]
 [195.12714]
 [138.48715]] 
W:
 [[ 1.1470965]
 [ 1.6864988]
 [-0.7903729]] 
b:
 [-1.2336967]
1000 Cost:  16.45675 
Prediction:
 [[158.13118]
 [180.3638 ]
 [183.19101]
 [195.1244 ]
 [138.50017]] 
W:
 [[ 1.1486648 ]
 [ 1.6842521 ]
 [-0.78970444]] 
b:
 [-1.2337086]
1010 Cost:  16.377634 
Prediction:
 [[158.11607]
 [180.37407]
 [183.18631]
 [195.1216 ]
 [138.5131 ]] 
W:
 [[ 1.1502285]
 [ 1.6820114]
 [-0.7890372]] 
b:
 [-1.2337205]
1020 Cost:  16.298954 
Prediction:
 [[158.10104]
 [180.38432]
 [183.1816 ]
 [195.11884]
 [138.52602]] 
W:
 [[ 1.1517875 ]
 [ 1.6797765 ]
 [-0.78837126]] 
b:
 [-1.2337325]
1030 Cost:  16.220713 
Prediction:
 [[158.08603]
 [180.39452]
 [183.17693]
 [195.11607]
 [138.53891]] 
W:
 [[ 1.153342 ]
 [ 1.6775475]
 [-0.7877065]] 
b:
 [-1.2337444]
1040 Cost:  16.142864 
Prediction:
 [[158.07106]
 [180.40471]
 [183.17226]
 [195.11334]
 [138.55174]] 
W:
 [[ 1.1548917]
 [ 1.6753243]
 [-0.787043 ]] 
b:
 [-1.2337567]
1050 Cost:  16.065434 
Prediction:
 [[158.05614]
 [180.41489]
 [183.1676 ]
 [195.1106 ]
 [138.56454]] 
W:
 [[ 1.1564369]
 [ 1.673107 ]
 [-0.7863806]] 
b:
 [-1.2337698]
1060 Cost:  15.988417 
Prediction:
 [[158.04126]
 [180.42503]
 [183.16298]
 [195.1079 ]
 [138.57733]] 
W:
 [[ 1.1579777]
 [ 1.6708956]
 [-0.7857196]] 
b:
 [-1.2337829]
1070 Cost:  15.911845 
Prediction:
 [[158.02641]
 [180.43513]
 [183.15834]
 [195.10515]
 [138.59006]] 
W:
 [[ 1.1595138 ]
 [ 1.6686897 ]
 [-0.78505963]] 
b:
 [-1.233796]
1080 Cost:  15.835617 
Prediction:
 [[158.01161]
 [180.44522]
 [183.1537 ]
 [195.10246]
 [138.60277]] 
W:
 [[ 1.1610456]
 [ 1.6664897]
 [-0.784401 ]] 
b:
 [-1.2338091]
1090 Cost:  15.759839 
Prediction:
 [[157.99684]
 [180.45529]
 [183.14911]
 [195.09976]
 [138.61542]] 
W:
 [[ 1.1625726]
 [ 1.6642956]
 [-0.7837436]] 
b:
 [-1.2338222]
1100 Cost:  15.684514 
Prediction:
 [[157.98213]
 [180.46532]
 [183.14452]
 [195.09706]
 [138.62805]] 
W:
 [[ 1.1640953]
 [ 1.662107 ]
 [-0.7830874]] 
b:
 [-1.2338353]
1110 Cost:  15.609526 
Prediction:
 [[157.96745]
 [180.47533]
 [183.13994]
 [195.09438]
 [138.64067]] 
W:
 [[ 1.1656134]
 [ 1.6599241]
 [-0.7824323]] 
b:
 [-1.2338485]
1120 Cost:  15.534994 
Prediction:
 [[157.9528 ]
 [180.48529]
 [183.13538]
 [195.09169]
 [138.65323]] 
W:
 [[ 1.1671269]
 [ 1.6577471]
 [-0.7817784]] 
b:
 [-1.2338616]
1130 Cost:  15.460754 
Prediction:
 [[157.93819]
 [180.49524]
 [183.13078]
 [195.08904]
 [138.66576]] 
W:
 [[ 1.168636 ]
 [ 1.6555758]
 [-0.7811258]] 
b:
 [-1.2338747]
1140 Cost:  15.386958 
Prediction:
 [[157.92361]
 [180.50519]
 [183.12627]
 [195.08638]
 [138.67825]] 
W:
 [[ 1.1701407 ]
 [ 1.6534102 ]
 [-0.78047436]] 
b:
 [-1.2338878]
1150 Cost:  15.313563 
Prediction:
 [[157.90907]
 [180.51508]
 [183.12172]
 [195.08372]
 [138.6907 ]] 
W:
 [[ 1.171641 ]
 [ 1.6512501]
 [-0.7798242]] 
b:
 [-1.2339009]
1160 Cost:  15.240637 
Prediction:
 [[157.89459]
 [180.52493]
 [183.11722]
 [195.08109]
 [138.70314]] 
W:
 [[ 1.1731366]
 [ 1.6490959]
 [-0.7791751]] 
b:
 [-1.233914]
1170 Cost:  15.168065 
Prediction:
 [[157.88014]
 [180.53477]
 [183.11269]
 [195.07845]
 [138.7155 ]] 
W:
 [[ 1.1746278 ]
 [ 1.6469471 ]
 [-0.77852714]] 
b:
 [-1.2339271]
1180 Cost:  15.095822 
Prediction:
 [[157.86572]
 [180.54459]
 [183.10818]
 [195.07584]
 [138.72787]] 
W:
 [[ 1.1761147]
 [ 1.6448041]
 [-0.7778805]] 
b:
 [-1.2339402]
1190 Cost:  15.024063 
Prediction:
 [[157.85136]
 [180.5544 ]
 [183.10373]
 [195.0732 ]
 [138.74019]] 
W:
 [[ 1.1775972]
 [ 1.6426666]
 [-0.777235 ]] 
b:
 [-1.2339534]
1200 Cost:  14.95255 
Prediction:
 [[157.83702]
 [180.56418]
 [183.09924]
 [195.0706 ]
 [138.75249]] 
W:
 [[ 1.1790752 ]
 [ 1.6405346 ]
 [-0.77659047]] 
b:
 [-1.2339665]
1210 Cost:  14.88151 
Prediction:
 [[157.82272]
 [180.57391]
 [183.09479]
 [195.06802]
 [138.76474]] 
W:
 [[ 1.180549  ]
 [ 1.6384083 ]
 [-0.77594733]] 
b:
 [-1.2339796]
1220 Cost:  14.810812 
Prediction:
 [[157.80844]
 [180.58362]
 [183.09033]
 [195.06543]
 [138.77695]] 
W:
 [[ 1.1820183 ]
 [ 1.6362876 ]
 [-0.77530533]] 
b:
 [-1.2339927]
1230 Cost:  14.74052 
Prediction:
 [[157.79422]
 [180.5933 ]
 [183.08588]
 [195.06282]
 [138.78912]] 
W:
 [[ 1.1834831 ]
 [ 1.6341724 ]
 [-0.77466446]] 
b:
 [-1.2340058]
1240 Cost:  14.670652 
Prediction:
 [[157.78004]
 [180.60295]
 [183.08147]
 [195.06027]
 [138.80128]] 
W:
 [[ 1.1849438]
 [ 1.6320628]
 [-0.7740248]] 
b:
 [-1.2340189]
1250 Cost:  14.601091 
Prediction:
 [[157.76588]
 [180.61258]
 [183.07703]
 [195.05768]
 [138.81339]] 
W:
 [[ 1.1863999]
 [ 1.6299586]
 [-0.7733863]] 
b:
 [-1.234032]
1260 Cost:  14.53187 
Prediction:
 [[157.75177]
 [180.62222]
 [183.07265]
 [195.05515]
 [138.82547]] 
W:
 [[ 1.1878519]
 [ 1.6278601]
 [-0.772749 ]] 
b:
 [-1.2340451]
1270 Cost:  14.463081 
Prediction:
 [[157.7377 ]
 [180.63179]
 [183.06824]
 [195.05258]
 [138.83752]] 
W:
 [[ 1.1892995 ]
 [ 1.625767  ]
 [-0.77211285]] 
b:
 [-1.2340583]
1280 Cost:  14.3946 
Prediction:
 [[157.72366]
 [180.64136]
 [183.06384]
 [195.05003]
 [138.84955]] 
W:
 [[ 1.1907427]
 [ 1.6236794]
 [-0.7714778]] 
b:
 [-1.2340714]
1290 Cost:  14.326567 
Prediction:
 [[157.70967]
 [180.6509 ]
 [183.0595 ]
 [195.0475 ]
 [138.86153]] 
W:
 [[ 1.1921818]
 [ 1.6215972]
 [-0.7708439]] 
b:
 [-1.2340845]
1300 Cost:  14.258838 
Prediction:
 [[157.6957 ]
 [180.66039]
 [183.05511]
 [195.04495]
 [138.87347]] 
W:
 [[ 1.1936165 ]
 [ 1.6195204 ]
 [-0.77021116]] 
b:
 [-1.2340976]
1310 Cost:  14.191536 
Prediction:
 [[157.6818 ]
 [180.66988]
 [183.05078]
 [195.04247]
 [138.88539]] 
W:
 [[ 1.1950469]
 [ 1.6174492]
 [-0.7695795]] 
b:
 [-1.2341107]
1320 Cost:  14.1245575 
Prediction:
 [[157.6679 ]
 [180.67934]
 [183.04645]
 [195.03993]
 [138.89725]] 
W:
 [[ 1.1964731 ]
 [ 1.6153833 ]
 [-0.76894915]] 
b:
 [-1.2341238]
1330 Cost:  14.057894 
Prediction:
 [[157.65405]
 [180.68877]
 [183.04211]
 [195.03745]
 [138.90913]] 
W:
 [[ 1.1978952]
 [ 1.6133227]
 [-0.7683199]] 
b:
 [-1.2341369]
1340 Cost:  13.991594 
Prediction:
 [[157.64023]
 [180.6982 ]
 [183.03783]
 [195.03496]
 [138.92094]] 
W:
 [[ 1.199313 ]
 [ 1.6112676]
 [-0.7676917]] 
b:
 [-1.23415]
1350 Cost:  13.925653 
Prediction:
 [[157.62643]
 [180.70755]
 [183.0335 ]
 [195.03247]
 [138.93272]] 
W:
 [[ 1.2007265]
 [ 1.6092176]
 [-0.7670646]] 
b:
 [-1.2341632]
1360 Cost:  13.860146 
Prediction:
 [[157.61272]
 [180.71692]
 [183.02922]
 [195.02998]
 [138.94447]] 
W:
 [[ 1.2021359 ]
 [ 1.6071733 ]
 [-0.76643866]] 
b:
 [-1.2341763]
1370 Cost:  13.794879 
Prediction:
 [[157.599  ]
 [180.72624]
 [183.02493]
 [195.02753]
 [138.9562 ]] 
W:
 [[ 1.203541 ]
 [ 1.6051342]
 [-0.7658139]] 
b:
 [-1.2341894]
1380 Cost:  13.7300825 
Prediction:
 [[157.58533]
 [180.73553]
 [183.02068]
 [195.02504]
 [138.96786]] 
W:
 [[ 1.2049419 ]
 [ 1.6031004 ]
 [-0.76519006]] 
b:
 [-1.2342025]
1390 Cost:  13.66548 
Prediction:
 [[157.57169]
 [180.74483]
 [183.01637]
 [195.02258]
 [138.9795 ]] 
W:
 [[ 1.2063385 ]
 [ 1.6010721 ]
 [-0.76456755]] 
b:
 [-1.2342156]
1400 Cost:  13.601311 
Prediction:
 [[157.5581 ]
 [180.7541 ]
 [183.01216]
 [195.02016]
 [138.99115]] 
W:
 [[ 1.2077312 ]
 [ 1.5990489 ]
 [-0.76394606]] 
b:
 [-1.2342287]
1410 Cost:  13.537537 
Prediction:
 [[157.54457]
 [180.76332]
 [183.00792]
 [195.01773]
 [139.00275]] 
W:
 [[ 1.2091197]
 [ 1.597031 ]
 [-0.7633257]] 
b:
 [-1.2342418]
1420 Cost:  13.473926 
Prediction:
 [[157.53102]
 [180.77255]
 [183.0037 ]
 [195.0153 ]
 [139.01431]] 
W:
 [[ 1.2105039 ]
 [ 1.5950185 ]
 [-0.76270646]] 
b:
 [-1.234255]
1430 Cost:  13.410889 
Prediction:
 [[157.51756]
 [180.78172]
 [182.9995 ]
 [195.01286]
 [139.02583]] 
W:
 [[ 1.211884 ]
 [ 1.5930113]
 [-0.7620883]] 
b:
 [-1.2342681]
1440 Cost:  13.348033 
Prediction:
 [[157.50409]
 [180.79086]
 [182.99527]
 [195.01044]
 [139.03732]] 
W:
 [[ 1.21326  ]
 [ 1.591009 ]
 [-0.7614712]] 
b:
 [-1.2342812]
1450 Cost:  13.285524 
Prediction:
 [[157.49066]
 [180.8    ]
 [182.99107]
 [195.00804]
 [139.04877]] 
W:
 [[ 1.2146319]
 [ 1.5890123]
 [-0.7608553]] 
b:
 [-1.2342943]
1460 Cost:  13.223352 
Prediction:
 [[157.47728]
 [180.80911]
 [182.9869 ]
 [195.00565]
 [139.06021]] 
W:
 [[ 1.2159998]
 [ 1.5870205]
 [-0.7602405]] 
b:
 [-1.2343074]
1470 Cost:  13.161539 
Prediction:
 [[157.46393]
 [180.8182 ]
 [182.98274]
 [195.00327]
 [139.0716 ]] 
W:
 [[ 1.2173635 ]
 [ 1.5850341 ]
 [-0.75962675]] 
b:
 [-1.2343205]
1480 Cost:  13.100057 
Prediction:
 [[157.45064]
 [180.82729]
 [182.97858]
 [195.00087]
 [139.08296]] 
W:
 [[ 1.218723]
 [ 1.583053]
 [-0.759014]] 
b:
 [-1.2343336]
1490 Cost:  13.038882 
Prediction:
 [[157.43735]
 [180.8363 ]
 [182.97443]
 [194.9985 ]
 [139.0943 ]] 
W:
 [[ 1.2200787 ]
 [ 1.5810769 ]
 [-0.75840247]] 
b:
 [-1.2343467]
1500 Cost:  12.978111 
Prediction:
 [[157.42413]
 [180.8453 ]
 [182.97028]
 [194.99611]
 [139.1056 ]] 
W:
 [[ 1.2214302]
 [ 1.579106 ]
 [-0.757792 ]] 
b:
 [-1.2343599]
1510 Cost:  12.917623 
Prediction:
 [[157.41093]
 [180.85431]
 [182.96617]
 [194.99376]
 [139.11687]] 
W:
 [[ 1.2227776]
 [ 1.5771402]
 [-0.7571825]] 
b:
 [-1.234373]
1520 Cost:  12.857387 
Prediction:
 [[157.39775]
 [180.86327]
 [182.96204]
 [194.99141]
 [139.12811]] 
W:
 [[ 1.2241211 ]
 [ 1.5751795 ]
 [-0.75657415]] 
b:
 [-1.2343861]
1530 Cost:  12.797534 
Prediction:
 [[157.3846 ]
 [180.8722 ]
 [182.95795]
 [194.98906]
 [139.13931]] 
W:
 [[ 1.2254605 ]
 [ 1.573224  ]
 [-0.75596696]] 
b:
 [-1.2344]
1540 Cost:  12.737965 
Prediction:
 [[157.3715 ]
 [180.88113]
 [182.95384]
 [194.98671]
 [139.15048]] 
W:
 [[ 1.226796 ]
 [ 1.5712734]
 [-0.7553608]] 
b:
 [-1.2344143]
1550 Cost:  12.678797 
Prediction:
 [[157.35843]
 [180.88998]
 [182.94977]
 [194.98439]
 [139.16162]] 
W:
 [[ 1.2281274 ]
 [ 1.5693282 ]
 [-0.75475574]] 
b:
 [-1.2344286]
1560 Cost:  12.619842 
Prediction:
 [[157.34543]
 [180.8989 ]
 [182.94568]
 [194.98209]
 [139.17274]] 
W:
 [[ 1.2294548]
 [ 1.5673879]
 [-0.7541517]] 
b:
 [-1.234443]
1570 Cost:  12.56124 
Prediction:
 [[157.33244]
 [180.90776]
 [182.94162]
 [194.97978]
 [139.18382]] 
W:
 [[ 1.2307783]
 [ 1.5654527]
 [-0.7535487]] 
b:
 [-1.2344573]
1580 Cost:  12.502943 
Prediction:
 [[157.31946]
 [180.91656]
 [182.93758]
 [194.97745]
 [139.19489]] 
W:
 [[ 1.2320977]
 [ 1.5635226]
 [-0.7529468]] 
b:
 [-1.2344716]
1590 Cost:  12.444994 
Prediction:
 [[157.30653]
 [180.92535]
 [182.93353]
 [194.97514]
 [139.2059 ]] 
W:
 [[ 1.2334133]
 [ 1.5615973]
 [-0.7523459]] 
b:
 [-1.2344859]
1600 Cost:  12.387318 
Prediction:
 [[157.29364]
 [180.93414]
 [182.92952]
 [194.97284]
 [139.2169 ]] 
W:
 [[ 1.234725 ]
 [ 1.5596772]
 [-0.7517461]] 
b:
 [-1.2345002]
1610 Cost:  12.329937 
Prediction:
 [[157.28078]
 [180.94289]
 [182.92546]
 [194.97057]
 [139.22784]] 
W:
 [[ 1.2360326]
 [ 1.5577621]
 [-0.7511474]] 
b:
 [-1.2345145]
1620 Cost:  12.272923 
Prediction:
 [[157.26796]
 [180.95161]
 [182.92146]
 [194.96828]
 [139.23877]] 
W:
 [[ 1.2373364]
 [ 1.555852 ]
 [-0.7505498]] 
b:
 [-1.2345288]
1630 Cost:  12.216152 
Prediction:
 [[157.25517]
 [180.96033]
 [182.91747]
 [194.96599]
 [139.2497 ]] 
W:
 [[ 1.2386364]
 [ 1.5539469]
 [-0.7499532]] 
b:
 [-1.2345431]
1640 Cost:  12.159723 
Prediction:
 [[157.24242]
 [180.969  ]
 [182.91348]
 [194.96378]
 [139.26056]] 
W:
 [[ 1.2399324]
 [ 1.5520468]
 [-0.7493577]] 
b:
 [-1.2345574]
1650 Cost:  12.103579 
Prediction:
 [[157.22969]
 [180.97768]
 [182.90953]
 [194.9615 ]
 [139.2714 ]] 
W:
 [[ 1.2412245 ]
 [ 1.5501515 ]
 [-0.74876314]] 
b:
 [-1.2345717]
1660 Cost:  12.047747 
Prediction:
 [[157.21701]
 [180.9863 ]
 [182.90555]
 [194.95926]
 [139.28221]] 
W:
 [[ 1.2425127 ]
 [ 1.5482612 ]
 [-0.74816966]] 
b:
 [-1.234586]
1670 Cost:  11.992195 
Prediction:
 [[157.20433]
 [180.99489]
 [182.90157]
 [194.95702]
 [139.29295]] 
W:
 [[ 1.2437971 ]
 [ 1.5463756 ]
 [-0.74757725]] 
b:
 [-1.2346003]
1680 Cost:  11.936949 
Prediction:
 [[157.19173]
 [181.0035 ]
 [182.89763]
 [194.9548 ]
 [139.30371]] 
W:
 [[ 1.2450776 ]
 [ 1.5444952 ]
 [-0.74698585]] 
b:
 [-1.2346146]
1690 Cost:  11.881978 
Prediction:
 [[157.17914]
 [181.01207]
 [182.89369]
 [194.95256]
 [139.31444]] 
W:
 [[ 1.2463542]
 [ 1.5426198]
 [-0.7463955]] 
b:
 [-1.2346289]
1700 Cost:  11.827344 
Prediction:
 [[157.16658]
 [181.02058]
 [182.88974]
 [194.95032]
 [139.32512]] 
W:
 [[ 1.247627 ]
 [ 1.540749 ]
 [-0.7458063]] 
b:
 [-1.2346432]
1710 Cost:  11.772929 
Prediction:
 [[157.15404]
 [181.02913]
 [182.88585]
 [194.9481 ]
 [139.33577]] 
W:
 [[ 1.248896 ]
 [ 1.5388832]
 [-0.745218 ]] 
b:
 [-1.2346575]
1720 Cost:  11.718878 
Prediction:
 [[157.14157]
 [181.03761]
 [182.88194]
 [194.94594]
 [139.34642]] 
W:
 [[ 1.2501613 ]
 [ 1.5370222 ]
 [-0.74463075]] 
b:
 [-1.2346718]
1730 Cost:  11.665075 
Prediction:
 [[157.12912]
 [181.0461 ]
 [182.87805]
 [194.94376]
 [139.35703]] 
W:
 [[ 1.2514228]
 [ 1.5351661]
 [-0.7440446]] 
b:
 [-1.2346861]
1740 Cost:  11.611615 
Prediction:
 [[157.1167 ]
 [181.05455]
 [182.87416]
 [194.94151]
 [139.36757]] 
W:
 [[ 1.2526803]
 [ 1.533315 ]
 [-0.7434595]] 
b:
 [-1.2347004]
1750 Cost:  11.558342 
Prediction:
 [[157.10431]
 [181.06299]
 [182.87027]
 [194.93933]
 [139.37813]] 
W:
 [[ 1.253934 ]
 [ 1.5314685]
 [-0.7428753]] 
b:
 [-1.2347147]
1760 Cost:  11.505407 
Prediction:
 [[157.09193]
 [181.07138]
 [182.86641]
 [194.93716]
 [139.38863]] 
W:
 [[ 1.2551839 ]
 [ 1.5296268 ]
 [-0.74229205]] 
b:
 [-1.234729]
1770 Cost:  11.452733 
Prediction:
 [[157.07962]
 [181.07979]
 [182.86256]
 [194.935  ]
 [139.39912]] 
W:
 [[ 1.2564303]
 [ 1.5277901]
 [-0.7417099]] 
b:
 [-1.2347434]
1780 Cost:  11.4003725 
Prediction:
 [[157.06734]
 [181.08815]
 [182.85872]
 [194.93285]
 [139.40958]] 
W:
 [[ 1.2576729]
 [ 1.525958 ]
 [-0.7411288]] 
b:
 [-1.2347577]
1790 Cost:  11.348269 
Prediction:
 [[157.05508]
 [181.0965 ]
 [182.85489]
 [194.9307 ]
 [139.42001]] 
W:
 [[ 1.2589116]
 [ 1.5241307]
 [-0.7405486]] 
b:
 [-1.234772]
1800 Cost:  11.2964525 
Prediction:
 [[157.04286]
 [181.1048 ]
 [182.85103]
 [194.92854]
 [139.4304 ]] 
W:
 [[ 1.2601465 ]
 [ 1.5223082 ]
 [-0.73996943]] 
b:
 [-1.2347877]
1810 Cost:  11.244904 
Prediction:
 [[157.03065]
 [181.1131 ]
 [182.84721]
 [194.92639]
 [139.44075]] 
W:
 [[ 1.2613778 ]
 [ 1.5204903 ]
 [-0.73939127]] 
b:
 [-1.2348006]
1820 Cost:  11.193611 
Prediction:
 [[157.0185 ]
 [181.12138]
 [182.84341]
 [194.92427]
 [139.4511 ]] 
W:
 [[ 1.2626054]
 [ 1.5186772]
 [-0.7388141]] 
b:
 [-1.2348149]
1830 Cost:  11.142706 
Prediction:
 [[157.00638]
 [181.12961]
 [182.83963]
 [194.92215]
 [139.4614 ]] 
W:
 [[ 1.2638292]
 [ 1.516869 ]
 [-0.738238 ]] 
b:
 [-1.2348292]
1840 Cost:  11.091966 
Prediction:
 [[156.99428]
 [181.13786]
 [182.83586]
 [194.92   ]
 [139.47168]] 
W:
 [[ 1.2650495 ]
 [ 1.5150654 ]
 [-0.73766285]] 
b:
 [-1.2348435]
1850 Cost:  11.041484 
Prediction:
 [[156.98221]
 [181.14606]
 [182.83205]
 [194.91791]
 [139.48192]] 
W:
 [[ 1.2662659]
 [ 1.5132663]
 [-0.7370887]] 
b:
 [-1.2348578]
1860 Cost:  10.991325 
Prediction:
 [[156.97018]
 [181.15425]
 [182.8283 ]
 [194.91579]
 [139.49214]] 
W:
 [[ 1.2674787]
 [ 1.5114721]
 [-0.7365155]] 
b:
 [-1.2348721]
1870 Cost:  10.941401 
Prediction:
 [[156.95818]
 [181.1624 ]
 [182.82452]
 [194.9137 ]
 [139.50233]] 
W:
 [[ 1.2686878]
 [ 1.5096825]
 [-0.7359434]] 
b:
 [-1.2348864]
1880 Cost:  10.891745 
Prediction:
 [[156.94621]
 [181.17056]
 [182.8208 ]
 [194.9116 ]
 [139.51251]] 
W:
 [[ 1.2698934]
 [ 1.5078975]
 [-0.7353722]] 
b:
 [-1.2349007]
1890 Cost:  10.842364 
Prediction:
 [[156.93427]
 [181.17867]
 [182.81706]
 [194.90953]
 [139.52264]] 
W:
 [[ 1.2710952]
 [ 1.5061172]
 [-0.734802 ]] 
b:
 [-1.234915]
1900 Cost:  10.793222 
Prediction:
 [[156.92236]
 [181.18678]
 [182.81332]
 [194.90744]
 [139.53275]] 
W:
 [[ 1.2722934]
 [ 1.5043416]
 [-0.7342328]] 
b:
 [-1.2349293]
1910 Cost:  10.744381 
Prediction:
 [[156.9105 ]
 [181.19487]
 [182.80962]
 [194.90538]
 [139.54283]] 
W:
 [[ 1.273488  ]
 [ 1.5025705 ]
 [-0.73366445]] 
b:
 [-1.2349436]
1920 Cost:  10.695818 
Prediction:
 [[156.89867]
 [181.20291]
 [182.80592]
 [194.90332]
 [139.55289]] 
W:
 [[ 1.2746792]
 [ 1.500804 ]
 [-0.7330972]] 
b:
 [-1.2349594]
1930 Cost:  10.647428 
Prediction:
 [[156.88684]
 [181.21095]
 [182.80222]
 [194.90126]
 [139.56291]] 
W:
 [[ 1.2758666]
 [ 1.499042 ]
 [-0.7325309]] 
b:
 [-1.2349722]
1940 Cost:  10.599345 
Prediction:
 [[156.87506]
 [181.21896]
 [182.79852]
 [194.8992 ]
 [139.5729 ]] 
W:
 [[ 1.2770504 ]
 [ 1.4972848 ]
 [-0.73196554]] 
b:
 [-1.2349865]
1950 Cost:  10.551475 
Prediction:
 [[156.86331]
 [181.22696]
 [182.79482]
 [194.89717]
 [139.58287]] 
W:
 [[ 1.2782307 ]
 [ 1.4955319 ]
 [-0.73140115]] 
b:
 [-1.2350008]
1960 Cost:  10.5039625 
Prediction:
 [[156.8516 ]
 [181.23492]
 [182.79117]
 [194.89511]
 [139.59279]] 
W:
 [[ 1.2794073 ]
 [ 1.4937838 ]
 [-0.73083776]] 
b:
 [-1.2350152]
1970 Cost:  10.456589 
Prediction:
 [[156.83989]
 [181.24287]
 [182.78749]
 [194.89307]
 [139.6027 ]] 
W:
 [[ 1.2805804]
 [ 1.4920402]
 [-0.7302754]] 
b:
 [-1.2350295]
1980 Cost:  10.409571 
Prediction:
 [[156.82825]
 [181.2508 ]
 [182.78384]
 [194.89105]
 [139.61258]] 
W:
 [[ 1.2817501]
 [ 1.490301 ]
 [-0.729714 ]] 
b:
 [-1.2350438]
1990 Cost:  10.362659 
Prediction:
 [[156.8166 ]
 [181.25871]
 [182.78018]
 [194.88904]
 [139.62245]] 
W:
 [[ 1.2829161]
 [ 1.4885665]
 [-0.7291536]] 
b:
 [-1.2350581]
2000 Cost:  10.316128 
Prediction:
 [[156.80502]
 [181.2666 ]
 [182.77655]
 [194.88702]
 [139.63226]] 
W:
 [[ 1.2840785]
 [ 1.4868364]
 [-0.728594 ]] 
b:
 [-1.2350724]
Done
