2020-05-11 13:25:45.475435: I tensorflow/core/platform/cpu_feature_guard.cc:141] Your CPU supports instructions that this TensorFlow binary was not compiled to use: SSE4.1 SSE4.2
2020-05-11 13:25:45.568981: I tensorflow/stream_executor/cuda/cuda_gpu_executor.cc:964] successful NUMA node read from SysFS had negative value (-1), but there must be at least one NUMA node, so returning NUMA node zero
2020-05-11 13:25:45.569400: I tensorflow/core/common_runtime/gpu/gpu_device.cc:1432] Found device 0 with properties: 
name: GeForce GTX 1050 major: 6 minor: 1 memoryClockRate(GHz): 1.506
pciBusID: 0000:01:00.0
totalMemory: 1.95GiB freeMemory: 1.90GiB
2020-05-11 13:25:45.569423: I tensorflow/core/common_runtime/gpu/gpu_device.cc:1511] Adding visible gpu devices: 0
2020-05-11 13:25:45.907443: I tensorflow/core/common_runtime/gpu/gpu_device.cc:982] Device interconnect StreamExecutor with strength 1 edge matrix:
2020-05-11 13:25:45.907487: I tensorflow/core/common_runtime/gpu/gpu_device.cc:988]      0 
2020-05-11 13:25:45.907499: I tensorflow/core/common_runtime/gpu/gpu_device.cc:1001] 0:   N 
2020-05-11 13:25:45.907606: I tensorflow/core/common_runtime/gpu/gpu_device.cc:1115] Created TensorFlow device (/job:localhost/replica:0/task:0/device:GPU:0 with 1658 MB memory) -> physical GPU (device: 0, name: GeForce GTX 1050, pci bus id: 0000:01:00.0, compute capability: 6.1)
0 Cost:  1539.6332 
Prediction:
 [123.56297 138.51274 141.56184 153.57019 103.91252]
10 Cost:  22.647379 
Prediction:
 [157.99786 179.93561 182.35846 197.99858 135.5148 ]
20 Cost:  22.51235 
Prediction:
 [158.08377 180.07349 182.47632 198.12881 135.62701]
30 Cost:  22.391962 
Prediction:
 [158.06581 180.0864  182.47112 198.12502 135.64389]
40 Cost:  22.272148 
Prediction:
 [158.04758 180.09892 182.46556 198.12086 135.66045]
50 Cost:  22.152988 
Prediction:
 [158.0294  180.1114  182.45999 198.1167  135.67696]
60 Cost:  22.034458 
Prediction:
 [158.01126 180.12384 182.45447 198.11252 135.69342]
70 Cost:  21.916626 
Prediction:
 [157.9932  180.13626 182.44894 198.1084  135.70984]
80 Cost:  21.799408 
Prediction:
 [157.97516 180.14864 182.44344 198.10423 135.7262 ]
90 Cost:  21.682796 
Prediction:
 [157.95717 180.16096 182.43794 198.10011 135.74254]
100 Cost:  21.56683 
Prediction:
 [157.93924 180.17328 182.43246 198.09598 135.75882]
110 Cost:  21.45148 
Prediction:
 [157.92136 180.18558 182.427   198.09189 135.77505]
120 Cost:  21.33675 
Prediction:
 [157.90352 180.19781 182.42157 198.08781 135.79128]
130 Cost:  21.222677 
Prediction:
 [157.88571 180.21    182.41612 198.08371 135.8074 ]
140 Cost:  21.109213 
Prediction:
 [157.86798 180.22218 182.4107  198.07964 135.82352]
150 Cost:  20.996296 
Prediction:
 [157.8503  180.23434 182.4053  198.07558 135.8396 ]
160 Cost:  20.884033 
Prediction:
 [157.83264 180.24646 182.39993 198.07153 135.85562]
170 Cost:  20.772402 
Prediction:
 [157.81505 180.25853 182.39455 198.06749 135.8716 ]
180 Cost:  20.66134 
Prediction:
 [157.7975  180.27058 182.3892  198.06346 135.88754]
190 Cost:  20.550919 
Prediction:
 [157.78    180.2826  182.38387 198.05943 135.90343]
200 Cost:  20.441032 
Prediction:
 [157.76254 180.29457 182.37851 198.05542 135.91928]
210 Cost:  20.331802 
Prediction:
 [157.74513 180.30652 182.37321 198.05144 135.93509]
220 Cost:  20.22312 
Prediction:
 [157.72778 180.31844 182.36792 198.04744 135.95087]
230 Cost:  20.115034 
Prediction:
 [157.71048 180.33032 182.36263 198.04347 135.9666 ]
240 Cost:  20.007544 
Prediction:
 [157.6932  180.34218 182.35736 198.0395  135.98227]
250 Cost:  19.900602 
Prediction:
 [157.676   180.354   182.35211 198.03555 135.99792]
260 Cost:  19.794254 
Prediction:
 [157.6588  180.36577 182.34685 198.03159 136.0135 ]
270 Cost:  19.688517 
Prediction:
 [157.6417  180.37753 182.34163 198.02766 136.02907]
280 Cost:  19.58334 
Prediction:
 [157.62462 180.38925 182.33643 198.02374 136.04459]
290 Cost:  19.478672 
Prediction:
 [157.60757 180.40094 182.33122 198.0198  136.06006]
300 Cost:  19.374613 
Prediction:
 [157.59059 180.41261 182.32603 198.01591 136.07549]
310 Cost:  19.27112 
Prediction:
 [157.57365 180.42422 182.32086 198.01201 136.09088]
320 Cost:  19.1682 
Prediction:
 [157.55676 180.43582 182.31572 198.00813 136.10623]
330 Cost:  19.065792 
Prediction:
 [157.53992 180.4474  182.31056 198.00427 136.12154]
340 Cost:  18.963985 
Prediction:
 [157.52312 180.45892 182.30544 198.00038 136.1368 ]
350 Cost:  18.862732 
Prediction:
 [157.50636 180.47043 182.30034 197.99655 136.15202]
360 Cost:  18.762 
Prediction:
 [157.48965 180.4819  182.29523 197.99272 136.1672 ]
370 Cost:  18.66182 
Prediction:
 [157.47299 180.49335 182.29015 197.98888 136.18234]
380 Cost:  18.562168 
Prediction:
 [157.45636 180.50475 182.28508 197.98506 136.19745]
390 Cost:  18.463085 
Prediction:
 [157.4398  180.51613 182.28001 197.98125 136.21251]
400 Cost:  18.364506 
Prediction:
 [157.42325 180.52747 182.27495 197.97745 136.22751]
410 Cost:  18.266449 
Prediction:
 [157.40678 180.53879 182.26993 197.97363 136.24251]
420 Cost:  18.168966 
Prediction:
 [157.39035 180.55008 182.26492 197.96986 136.25745]
430 Cost:  18.071964 
Prediction:
 [157.37395 180.56134 182.25993 197.96611 136.27235]
440 Cost:  17.97549 
Prediction:
 [157.35759 180.57256 182.25491 197.96233 136.2872 ]
450 Cost:  17.87955 
Prediction:
 [157.3413  180.58377 182.24997 197.95859 136.30203]
460 Cost:  17.78413 
Prediction:
 [157.32503 180.59492 182.24498 197.95483 136.3168 ]
470 Cost:  17.689209 
Prediction:
 [157.30882 180.60606 182.24004 197.9511  136.33156]
480 Cost:  17.594833 
Prediction:
 [157.29263 180.61714 182.23509 197.94737 136.34625]
490 Cost:  17.500982 
Prediction:
 [157.27652 180.62823 182.2302  197.94368 136.36092]
500 Cost:  17.407553 
Prediction:
 [157.2604  180.63927 182.22525 197.93994 136.37552]
510 Cost:  17.314697 
Prediction:
 [157.24438 180.65028 182.22037 197.93626 136.39012]
520 Cost:  17.222363 
Prediction:
 [157.22838 180.66125 182.21548 197.93257 136.40465]
530 Cost:  17.130505 
Prediction:
 [157.21243 180.67221 182.21063 197.9289  136.41916]
540 Cost:  17.039099 
Prediction:
 [157.19652 180.68315 182.20576 197.92525 136.43362]
550 Cost:  16.948244 
Prediction:
 [157.18065 180.69403 182.20091 197.92159 136.44804]
560 Cost:  16.857815 
Prediction:
 [157.16481 180.7049  182.19608 197.91794 136.46243]
570 Cost:  16.767939 
Prediction:
 [157.14903 180.71573 182.19127 197.91429 136.47678]
580 Cost:  16.678497 
Prediction:
 [157.13329 180.72653 182.18646 197.91066 136.49109]
590 Cost:  16.589603 
Prediction:
 [157.1176  180.7373  182.18167 197.90704 136.50536]
600 Cost:  16.501171 
Prediction:
 [157.10196 180.74806 182.17691 197.90344 136.51959]
610 Cost:  16.413195 
Prediction:
 [157.08632 180.75876 182.17213 197.89983 136.53377]
620 Cost:  16.32572 
Prediction:
 [157.07079 180.76947 182.1674  197.89626 136.54794]
630 Cost:  16.238682 
Prediction:
 [157.05524 180.78012 182.16264 197.89267 136.56204]
640 Cost:  16.152122 
Prediction:
 [157.03976 180.79076 182.15793 197.88911 136.57614]
650 Cost:  16.066044 
Prediction:
 [157.02432 180.80136 182.15323 197.88554 136.59018]
660 Cost:  15.980418 
Prediction:
 [157.00891 180.81192 182.1485  197.88199 136.60417]
670 Cost:  15.895246 
Prediction:
 [156.99356 180.82248 182.14383 197.87845 136.61815]
680 Cost:  15.810568 
Prediction:
 [156.97824 180.833   182.13914 197.87492 136.63206]
690 Cost:  15.726278 
Prediction:
 [156.96295 180.84348 182.13449 197.87138 136.64597]
700 Cost:  15.642487 
Prediction:
 [156.94772 180.85394 182.12984 197.86787 136.65982]
710 Cost:  15.559186 
Prediction:
 [156.93254 180.86436 182.1252  197.86435 136.67363]
720 Cost:  15.476288 
Prediction:
 [156.91737 180.87477 182.12057 197.86089 136.68741]
730 Cost:  15.3938875 
Prediction:
 [156.90227 180.88513 182.11597 197.85738 136.70114]
740 Cost:  15.311847 
Prediction:
 [156.88719 180.89548 182.11136 197.8539  136.71486]
750 Cost:  15.230319 
Prediction:
 [156.87218 180.9058  182.10678 197.85045 136.72853]
760 Cost:  15.1492 
Prediction:
 [156.85718 180.91609 182.1022  197.84698 136.74216]
770 Cost:  15.068515 
Prediction:
 [156.84224 180.92636 182.09766 197.84354 136.75577]
780 Cost:  14.988317 
Prediction:
 [156.82733 180.93658 182.0931  197.84007 136.7693 ]
790 Cost:  14.908481 
Prediction:
 [156.81247 180.94681 182.08856 197.83665 136.78284]
800 Cost:  14.829104 
Prediction:
 [156.79764 180.95699 182.08405 197.83324 136.79633]
810 Cost:  14.750186 
Prediction:
 [156.78285 180.96712 182.07951 197.82982 136.80977]
820 Cost:  14.671661 
Prediction:
 [156.76811 180.97725 182.07503 197.82643 136.8232 ]
830 Cost:  14.5935955 
Prediction:
 [156.7534  180.98734 182.07056 197.82301 136.83656]
840 Cost:  14.515909 
Prediction:
 [156.73875 180.99742 182.06607 197.81964 136.84991]
850 Cost:  14.438665 
Prediction:
 [156.72412 181.00746 182.06161 197.81624 136.8632 ]
860 Cost:  14.36186 
Prediction:
 [156.70953 181.01747 182.05716 197.81288 136.87646]
870 Cost:  14.285441 
Prediction:
 [156.69499 181.02745 182.05273 197.80951 136.88971]
880 Cost:  14.20946 
Prediction:
 [156.68048 181.0374  182.0483  197.80615 136.9029 ]
890 Cost:  14.133833 
Prediction:
 [156.66603 181.04736 182.0439  197.80283 136.91608]
900 Cost:  14.0586605 
Prediction:
 [156.6516  181.05725 182.03949 197.79948 136.9292 ]
910 Cost:  13.983874 
Prediction:
 [156.63719 181.06712 182.03508 197.79616 136.94228]
920 Cost:  13.909508 
Prediction:
 [156.62285 181.07698 182.03072 197.79285 136.95534]
930 Cost:  13.835589 
Prediction:
 [156.60855 181.08679 182.02635 197.78954 136.96835]
940 Cost:  13.761984 
Prediction:
 [156.59427 181.0966  182.022   197.78624 136.98134]
950 Cost:  13.688751 
Prediction:
 [156.58003 181.10638 182.01765 197.78296 136.99431]
960 Cost:  13.615993 
Prediction:
 [156.56586 181.11612 182.01332 197.77966 137.00723]
970 Cost:  13.543628 
Prediction:
 [156.5517  181.12584 182.009   197.77638 137.0201 ]
980 Cost:  13.471611 
Prediction:
 [156.53758 181.13554 182.00471 197.77313 137.03296]
990 Cost:  13.399983 
Prediction:
 [156.5235  181.1452  182.00041 197.76987 137.04578]
1000 Cost:  13.32881 
Prediction:
 [156.50946 181.15483 181.99612 197.7666  137.05853]
1010 Cost:  13.25797 
Prediction:
 [156.49547 181.16446 181.99187 197.76338 137.07129]
1020 Cost:  13.187543 
Prediction:
 [156.4815  181.17404 181.9876  197.76015 137.08398]
1030 Cost:  13.117439 
Prediction:
 [156.46758 181.18361 181.98335 197.75691 137.09666]
1040 Cost:  13.047757 
Prediction:
 [156.45369 181.19315 181.97913 197.75372 137.10931]
1050 Cost:  12.978419 
Prediction:
 [156.43983 181.20265 181.97488 197.7505  137.12192]
1060 Cost:  12.909521 
Prediction:
 [156.42603 181.21213 181.97067 197.7473  137.13448]
1070 Cost:  12.840937 
Prediction:
 [156.41226 181.2216  181.96649 197.74413 137.14703]
1080 Cost:  12.772716 
Prediction:
 [156.39851 181.23103 181.96228 197.74094 137.15953]
1090 Cost:  12.704883 
Prediction:
 [156.38481 181.24043 181.95811 197.73776 137.17201]
1100 Cost:  12.637453 
Prediction:
 [156.37115 181.24982 181.95395 197.73459 137.18443]
1110 Cost:  12.570341 
Prediction:
 [156.35751 181.25917 181.9498  197.73145 137.19684]
1120 Cost:  12.503599 
Prediction:
 [156.34393 181.2685  181.94563 197.72829 137.20921]
1130 Cost:  12.437217 
Prediction:
 [156.33038 181.2778  181.94151 197.72514 137.22156]
1140 Cost:  12.371199 
Prediction:
 [156.31686 181.28708 181.93738 197.72202 137.23386]
1150 Cost:  12.305525 
Prediction:
 [156.30339 181.29634 181.93327 197.7189  137.24614]
1160 Cost:  12.240239 
Prediction:
 [156.28996 181.30557 181.92918 197.71577 137.25838]
1170 Cost:  12.17527 
Prediction:
 [156.27655 181.31477 181.9251  197.71266 137.27058]
1180 Cost:  12.110648 
Prediction:
 [156.26317 181.32396 181.921   197.70956 137.28275]
1190 Cost:  12.04642 
Prediction:
 [156.24986 181.33311 181.91695 197.7065  137.2949 ]
1200 Cost:  11.982478 
Prediction:
 [156.23654 181.34224 181.91289 197.7034  137.307  ]
1210 Cost:  11.918925 
Prediction:
 [156.22328 181.35135 181.90884 197.70033 137.31908]
1220 Cost:  11.855705 
Prediction:
 [156.21007 181.36043 181.90482 197.69727 137.33113]
1230 Cost:  11.792849 
Prediction:
 [156.19688 181.36948 181.9008  197.6942  137.34314]
1240 Cost:  11.730303 
Prediction:
 [156.18373 181.37851 181.89679 197.69115 137.35512]
1250 Cost:  11.668078 
Prediction:
 [156.17061 181.38753 181.89279 197.68811 137.36707]
1260 Cost:  11.606239 
Prediction:
 [156.15753 181.3965  181.8888  197.68506 137.37897]
1270 Cost:  11.544727 
Prediction:
 [156.14449 181.40546 181.88481 197.68204 137.39084]
1280 Cost:  11.483513 
Prediction:
 [156.13148 181.4144  181.88086 197.67903 137.40271]
1290 Cost:  11.422633 
Prediction:
 [156.1185  181.42331 181.87689 197.67603 137.41452]
1300 Cost:  11.362104 
Prediction:
 [156.10556 181.43219 181.87294 197.67302 137.4263 ]
1310 Cost:  11.301885 
Prediction:
 [156.09265 181.44104 181.86902 197.67001 137.43806]
1320 Cost:  11.242002 
Prediction:
 [156.0798  181.4499  181.86511 197.66705 137.4498 ]
1330 Cost:  11.182438 
Prediction:
 [156.06696 181.4587  181.86118 197.66403 137.46147]
1340 Cost:  11.123222 
Prediction:
 [156.05415 181.46747 181.85727 197.66107 137.47313]
1350 Cost:  11.064284 
Prediction:
 [156.0414  181.47626 181.85338 197.65811 137.48476]
1360 Cost:  11.005697 
Prediction:
 [156.02867 181.485   181.8495  197.65517 137.49635]
1370 Cost:  10.947388 
Prediction:
 [156.01598 181.49371 181.84564 197.6522  137.50793]
1380 Cost:  10.889437 
Prediction:
 [156.00331 181.5024  181.84177 197.64926 137.51945]
1390 Cost:  10.831743 
Prediction:
 [155.99068 181.51108 181.83792 197.64632 137.53096]
1400 Cost:  10.774425 
Prediction:
 [155.97812 181.51974 181.8341  197.64342 137.54245]
1410 Cost:  10.717401 
Prediction:
 [155.96555 181.52834 181.83025 197.64049 137.55388]
1420 Cost:  10.660678 
Prediction:
 [155.95302 181.53694 181.82643 197.63757 137.56528]
1430 Cost:  10.604238 
Prediction:
 [155.94052 181.54552 181.82262 197.63467 137.57666]
1440 Cost:  10.548116 
Prediction:
 [155.92809 181.5541  181.81885 197.63179 137.58803]
1450 Cost:  10.492277 
Prediction:
 [155.91565 181.5626  181.81505 197.62889 137.59935]
1460 Cost:  10.436758 
Prediction:
 [155.90326 181.5711  181.81126 197.626   137.61064]
1470 Cost:  10.381594 
Prediction:
 [155.89091 181.57959 181.80751 197.62314 137.62189]
1480 Cost:  10.326662 
Prediction:
 [155.8786  181.58807 181.80376 197.62029 137.63312]
1490 Cost:  10.272027 
Prediction:
 [155.86632 181.5965  181.8     197.61742 137.64433]
1500 Cost:  10.21771 
Prediction:
 [155.85405 181.6049  181.79626 197.61456 137.65549]
1510 Cost:  10.163691 
Prediction:
 [155.84184 181.6133  181.79253 197.61172 137.66663]
1520 Cost:  10.10995 
Prediction:
 [155.82967 181.62169 181.78883 197.60889 137.67773]
1530 Cost:  10.0564785 
Prediction:
 [155.81749 181.63002 181.78513 197.60605 137.68881]
1540 Cost:  10.003319 
Prediction:
 [155.80537 181.63834 181.78142 197.60321 137.69986]
1550 Cost:  9.950473 
Prediction:
 [155.79329 181.64664 181.77774 197.60042 137.71088]
1560 Cost:  9.89785 
Prediction:
 [155.78125 181.65494 181.77408 197.59763 137.7219 ]
1570 Cost:  9.845561 
Prediction:
 [155.76921 181.66318 181.7704  197.59482 137.73283]
1580 Cost:  9.793519 
Prediction:
 [155.75722 181.67142 181.76674 197.59201 137.74376]
1590 Cost:  9.741803 
Prediction:
 [155.74527 181.67963 181.7631  197.58925 137.75467]
1600 Cost:  9.690336 
Prediction:
 [155.73335 181.68782 181.75948 197.58647 137.76555]
1610 Cost:  9.639158 
Prediction:
 [155.72145 181.69597 181.75584 197.58368 137.77638]
1620 Cost:  9.588269 
Prediction:
 [155.7096  181.70412 181.75223 197.58092 137.78719]
1630 Cost:  9.537628 
Prediction:
 [155.69777 181.71223 181.74861 197.57816 137.79797]
1640 Cost:  9.487279 
Prediction:
 [155.68599 181.72035 181.74504 197.57544 137.80875]
1650 Cost:  9.437187 
Prediction:
 [155.67421 181.72842 181.74146 197.57268 137.81946]
1660 Cost:  9.387385 
Prediction:
 [155.66249 181.73648 181.73787 197.56995 137.83015]
1670 Cost:  9.337866 
Prediction:
 [155.65077 181.74449 181.7343  197.56721 137.8408 ]
1680 Cost:  9.288556 
Prediction:
 [155.63913 181.75253 181.73076 197.5645  137.85147]
1690 Cost:  9.239514 
Prediction:
 [155.62749 181.76053 181.7272  197.5618  137.86209]
1700 Cost:  9.190811 
Prediction:
 [155.61588 181.76848 181.72366 197.55908 137.87265]
1710 Cost:  9.142305 
Prediction:
 [155.60431 181.77644 181.72014 197.55638 137.88321]
1720 Cost:  9.094091 
Prediction:
 [155.59276 181.78435 181.71661 197.5537  137.89374]
1730 Cost:  9.046104 
Prediction:
 [155.58125 181.79227 181.7131  197.551   137.90424]
1740 Cost:  8.998426 
Prediction:
 [155.5698  181.80016 181.70963 197.54834 137.91472]
1750 Cost:  8.950961 
Prediction:
 [155.55833 181.80801 181.70613 197.54565 137.92516]
1760 Cost:  8.903798 
Prediction:
 [155.54692 181.81584 181.70264 197.543   137.93556]
1770 Cost:  8.856865 
Prediction:
 [155.53554 181.82367 181.69917 197.54033 137.94594]
1780 Cost:  8.810153 
Prediction:
 [155.52417 181.83147 181.69571 197.53767 137.9563 ]
1790 Cost:  8.763751 
Prediction:
 [155.51286 181.83923 181.69225 197.53503 137.96663]
1800 Cost:  8.717585 
Prediction:
 [155.50159 181.84702 181.68884 197.53242 137.97694]
1810 Cost:  8.671641 
Prediction:
 [155.49031 181.85474 181.6854  197.52979 137.98721]
1820 Cost:  8.62596 
Prediction:
 [155.47908 181.86244 181.68198 197.52716 137.99747]
1830 Cost:  8.580518 
Prediction:
 [155.46786 181.87013 181.67856 197.52454 138.00768]
1840 Cost:  8.535324 
Prediction:
 [155.45671 181.87782 181.67516 197.52193 138.01787]
1850 Cost:  8.49036 
Prediction:
 [155.44556 181.88547 181.67175 197.51932 138.02803]
1860 Cost:  8.4456835 
Prediction:
 [155.43446 181.8931  181.66838 197.51674 138.03818]
1870 Cost:  8.401205 
Prediction:
 [155.42339 181.90071 181.66501 197.51414 138.0483 ]
1880 Cost:  8.357 
Prediction:
 [155.41234 181.9083  181.66164 197.51155 138.05836]
1890 Cost:  8.313026 
Prediction:
 [155.4013  181.91585 181.65828 197.50899 138.06842]
1900 Cost:  8.269293 
Prediction:
 [155.39034 181.9234  181.65492 197.50641 138.07845]
1910 Cost:  8.225756 
Prediction:
 [155.3794  181.93094 181.65158 197.50385 138.08847]
1920 Cost:  8.182512 
Prediction:
 [155.36845 181.93845 181.64825 197.5013  138.09842]
1930 Cost:  8.139456 
Prediction:
 [155.35754 181.94594 181.64494 197.49875 138.10837]
1940 Cost:  8.096648 
Prediction:
 [155.34668 181.9534  181.64163 197.49622 138.1183 ]
1950 Cost:  8.054109 
Prediction:
 [155.33583 181.96082 181.63832 197.49365 138.12817]
1960 Cost:  8.011763 
Prediction:
 [155.32503 181.96825 181.63503 197.49113 138.13805]
1970 Cost:  7.9696136 
Prediction:
 [155.31427 181.9757  181.63177 197.48863 138.14792]
1980 Cost:  7.927739 
Prediction:
 [155.30351 181.98306 181.62848 197.4861  138.15771]
1990 Cost:  7.886075 
Prediction:
 [155.29279 181.99042 181.62521 197.4836  138.16751]
2000 Cost:  7.8446336 
Prediction:
 [155.28209 181.99777 181.62195 197.4811  138.17726]
Done
