2020-05-11 13:24:03.160158: I tensorflow/core/platform/cpu_feature_guard.cc:141] Your CPU supports instructions that this TensorFlow binary was not compiled to use: SSE4.1 SSE4.2
2020-05-11 13:24:03.254593: I tensorflow/stream_executor/cuda/cuda_gpu_executor.cc:964] successful NUMA node read from SysFS had negative value (-1), but there must be at least one NUMA node, so returning NUMA node zero
2020-05-11 13:24:03.255002: I tensorflow/core/common_runtime/gpu/gpu_device.cc:1432] Found device 0 with properties: 
name: GeForce GTX 1050 major: 6 minor: 1 memoryClockRate(GHz): 1.506
pciBusID: 0000:01:00.0
totalMemory: 1.95GiB freeMemory: 1.90GiB
2020-05-11 13:24:03.255025: I tensorflow/core/common_runtime/gpu/gpu_device.cc:1511] Adding visible gpu devices: 0
2020-05-11 13:24:03.593428: I tensorflow/core/common_runtime/gpu/gpu_device.cc:982] Device interconnect StreamExecutor with strength 1 edge matrix:
2020-05-11 13:24:03.593473: I tensorflow/core/common_runtime/gpu/gpu_device.cc:988]      0 
2020-05-11 13:24:03.593485: I tensorflow/core/common_runtime/gpu/gpu_device.cc:1001] 0:   N 
2020-05-11 13:24:03.593592: I tensorflow/core/common_runtime/gpu/gpu_device.cc:1115] Created TensorFlow device (/job:localhost/replica:0/task:0/device:GPU:0 with 1658 MB memory) -> physical GPU (device: 0, name: GeForce GTX 1050, pci bus id: 0000:01:00.0, compute capability: 6.1)
0 Cost:  25555.975 
Prediction:
 [[ 3.5023642]
 [18.090935 ]
 [10.247184 ]
 [15.087081 ]
 [14.2338705]]
10 Cost:  14.058658 
Prediction:
 [[144.89378]
 [188.00848]
 [177.68262]
 [197.41771]
 [143.83408]]
20 Cost:  13.767097 
Prediction:
 [[145.33449]
 [188.51387]
 [178.19328]
 [197.97145]
 [144.21547]]
30 Cost:  13.70972 
Prediction:
 [[145.34865]
 [188.50665]
 [178.19885]
 [197.9752 ]
 [144.20589]]
40 Cost:  13.652585 
Prediction:
 [[145.36153]
 [188.49796]
 [178.20293]
 [197.97728]
 [144.19518]]
50 Cost:  13.595787 
Prediction:
 [[145.37434]
 [188.48926]
 [178.20699]
 [197.97934]
 [144.1845 ]]
60 Cost:  13.539278 
Prediction:
 [[145.38713]
 [188.48058]
 [178.211  ]
 [197.98138]
 [144.17383]]
70 Cost:  13.48303 
Prediction:
 [[145.39989]
 [188.47191]
 [178.21501]
 [197.98341]
 [144.1632 ]]
80 Cost:  13.427122 
Prediction:
 [[145.4126 ]
 [188.46327]
 [178.21902]
 [197.98546]
 [144.15257]]
90 Cost:  13.371547 
Prediction:
 [[145.42528]
 [188.45467]
 [178.22302]
 [197.9875 ]
 [144.14201]]
100 Cost:  13.316144 
Prediction:
 [[145.43794]
 [188.44606]
 [178.227  ]
 [197.9895 ]
 [144.13147]]
110 Cost:  13.261144 
Prediction:
 [[145.45056]
 [188.43752]
 [178.23099]
 [197.99153]
 [144.12096]]
120 Cost:  13.206413 
Prediction:
 [[145.46315]
 [188.42899]
 [178.23497]
 [197.99356]
 [144.11047]]
130 Cost:  13.151907 
Prediction:
 [[145.47571]
 [188.42044]
 [178.2389 ]
 [197.99554]
 [144.10002]]
140 Cost:  13.097754 
Prediction:
 [[145.48822]
 [188.41194]
 [178.24286]
 [197.99754]
 [144.0896 ]]
150 Cost:  13.04381 
Prediction:
 [[145.50073]
 [188.40347]
 [178.2468 ]
 [197.99953]
 [144.07921]]
160 Cost:  12.990257 
Prediction:
 [[145.51317]
 [188.39503]
 [178.25072]
 [198.0015 ]
 [144.06883]]
170 Cost:  12.936902 
Prediction:
 [[145.52559]
 [188.38658]
 [178.25462]
 [198.00346]
 [144.05849]]
180 Cost:  12.883875 
Prediction:
 [[145.53798]
 [188.37819]
 [178.25854]
 [198.00543]
 [144.04819]]
190 Cost:  12.831088 
Prediction:
 [[145.55034]
 [188.3698 ]
 [178.26245]
 [198.00739]
 [144.03792]]
200 Cost:  12.77863 
Prediction:
 [[145.56267]
 [188.36145]
 [178.26634]
 [198.00935]
 [144.02768]]
210 Cost:  12.726384 
Prediction:
 [[145.57497]
 [188.3531 ]
 [178.2702 ]
 [198.01129]
 [144.01744]]
220 Cost:  12.674452 
Prediction:
 [[145.58722]
 [188.34477]
 [178.27408]
 [198.01323]
 [144.00726]]
230 Cost:  12.622774 
Prediction:
 [[145.59944]
 [188.33647]
 [178.27794]
 [198.01515]
 [143.99709]]
240 Cost:  12.571409 
Prediction:
 [[145.61163]
 [188.3282 ]
 [178.28177]
 [198.01707]
 [143.98695]]
250 Cost:  12.520197 
Prediction:
 [[145.62384]
 [188.31995]
 [178.28561]
 [198.01901]
 [143.97687]]
260 Cost:  12.469416 
Prediction:
 [[145.63596]
 [188.31174]
 [178.28946]
 [198.02094]
 [143.9668 ]]
270 Cost:  12.418787 
Prediction:
 [[145.64807]
 [188.30353]
 [178.29327]
 [198.02283]
 [143.95676]]
280 Cost:  12.36851 
Prediction:
 [[145.66013]
 [188.29535]
 [178.29709]
 [198.02473]
 [143.94673]]
290 Cost:  12.318396 
Prediction:
 [[145.67218]
 [188.28719]
 [178.30089]
 [198.02661]
 [143.93674]]
300 Cost:  12.268635 
Prediction:
 [[145.68417]
 [188.27904]
 [178.30469]
 [198.0285 ]
 [143.92679]]
310 Cost:  12.219099 
Prediction:
 [[145.69614]
 [188.2709 ]
 [178.30846]
 [198.03036]
 [143.91684]]
320 Cost:  12.169792 
Prediction:
 [[145.70808]
 [188.2628 ]
 [178.31223]
 [198.03223]
 [143.90692]]
330 Cost:  12.120791 
Prediction:
 [[145.72   ]
 [188.25473]
 [178.316  ]
 [198.0341 ]
 [143.89706]]
340 Cost:  12.07205 
Prediction:
 [[145.73187]
 [188.24667]
 [178.31973]
 [198.03595]
 [143.8872 ]]
350 Cost:  12.023519 
Prediction:
 [[145.74373]
 [188.23863]
 [178.32347]
 [198.0378 ]
 [143.87738]]
360 Cost:  11.975279 
Prediction:
 [[145.75554]
 [188.2306 ]
 [178.3272 ]
 [198.03964]
 [143.86758]]
370 Cost:  11.927257 
Prediction:
 [[145.76733]
 [188.22261]
 [178.33092]
 [198.04147]
 [143.85782]]
380 Cost:  11.879549 
Prediction:
 [[145.77908]
 [188.21465]
 [178.33464]
 [198.04332]
 [143.84808]]
390 Cost:  11.832056 
Prediction:
 [[145.7908 ]
 [188.2067 ]
 [178.33835]
 [198.04514]
 [143.83836]]
400 Cost:  11.7847395 
Prediction:
 [[145.80252]
 [188.19876]
 [178.34204]
 [198.04694]
 [143.82869]]
410 Cost:  11.737807 
Prediction:
 [[145.81416]
 [188.19086]
 [178.3457 ]
 [198.04874]
 [143.81903]]
420 Cost:  11.69105 
Prediction:
 [[145.82579]
 [188.18295]
 [178.34938]
 [198.05055]
 [143.80939]]
430 Cost:  11.644547 
Prediction:
 [[145.8374 ]
 [188.17511]
 [178.35306]
 [198.05234]
 [143.7998 ]]
440 Cost:  11.598284 
Prediction:
 [[145.84897]
 [188.16725]
 [178.35672]
 [198.05414]
 [143.79022]]
450 Cost:  11.552263 
Prediction:
 [[145.8605 ]
 [188.15942]
 [178.36037]
 [198.05592]
 [143.78065]]
460 Cost:  11.5064335 
Prediction:
 [[145.87204]
 [188.15163]
 [178.36401]
 [198.0577 ]
 [143.77115]]
470 Cost:  11.460921 
Prediction:
 [[145.8835 ]
 [188.14381]
 [178.36761]
 [198.05946]
 [143.76164]]
480 Cost:  11.415593 
Prediction:
 [[145.89496]
 [188.13606]
 [178.37125]
 [198.06122]
 [143.75217]]
490 Cost:  11.370573 
Prediction:
 [[145.90639]
 [188.12834]
 [178.37485]
 [198.06299]
 [143.74275]]
500 Cost:  11.325703 
Prediction:
 [[145.91779]
 [188.1206 ]
 [178.37846]
 [198.06474]
 [143.73334]]
510 Cost:  11.281136 
Prediction:
 [[145.92914]
 [188.11292]
 [178.38205]
 [198.06648]
 [143.72394]]
520 Cost:  11.236759 
Prediction:
 [[145.94046]
 [188.10521]
 [178.38562]
 [198.0682 ]
 [143.71457]]
530 Cost:  11.192666 
Prediction:
 [[145.95177]
 [188.09756]
 [178.38919]
 [198.06995]
 [143.70526]]
540 Cost:  11.148739 
Prediction:
 [[145.96304]
 [188.08992]
 [178.39276]
 [198.07167]
 [143.69594]]
550 Cost:  11.105079 
Prediction:
 [[145.97429]
 [188.0823 ]
 [178.39632]
 [198.0734 ]
 [143.68666]]
560 Cost:  11.06167 
Prediction:
 [[145.98549]
 [188.0747 ]
 [178.39987]
 [198.0751 ]
 [143.67741]]
570 Cost:  11.018427 
Prediction:
 [[145.99667]
 [188.06711]
 [178.40338]
 [198.07678]
 [143.66818]]
580 Cost:  10.975411 
Prediction:
 [[146.00786]
 [188.05957]
 [178.40694]
 [198.07852]
 [143.65898]]
590 Cost:  10.932628 
Prediction:
 [[146.01898]
 [188.05202]
 [178.41048]
 [198.08022]
 [143.64981]]
600 Cost:  10.890112 
Prediction:
 [[146.03008]
 [188.04451]
 [178.41397]
 [198.0819 ]
 [143.64066]]
610 Cost:  10.847848 
Prediction:
 [[146.04112]
 [188.037  ]
 [178.41747]
 [198.08357]
 [143.63155]]
620 Cost:  10.8057575 
Prediction:
 [[146.05215]
 [188.02953]
 [178.42096]
 [198.08525]
 [143.62242]]
630 Cost:  10.763834 
Prediction:
 [[146.06319]
 [188.02206]
 [178.42445]
 [198.08693]
 [143.61336]]
640 Cost:  10.722216 
Prediction:
 [[146.07416]
 [188.01463]
 [178.42792]
 [198.08858]
 [143.60432]]
650 Cost:  10.680781 
Prediction:
 [[146.0851 ]
 [188.00719]
 [178.43138]
 [198.09024]
 [143.5953 ]]
660 Cost:  10.639519 
Prediction:
 [[146.09602]
 [187.99979]
 [178.43483]
 [198.09186]
 [143.58629]]
670 Cost:  10.598551 
Prediction:
 [[146.10692]
 [187.99242]
 [178.43828]
 [198.09352]
 [143.57733]]
680 Cost:  10.557766 
Prediction:
 [[146.11778]
 [187.98505]
 [178.44171]
 [198.09517]
 [143.56839]]
690 Cost:  10.517169 
Prediction:
 [[146.12862]
 [187.9777 ]
 [178.44514]
 [198.09679]
 [143.55945]]
700 Cost:  10.476787 
Prediction:
 [[146.13943]
 [187.97038]
 [178.44858]
 [198.09842]
 [143.55057]]
710 Cost:  10.436613 
Prediction:
 [[146.15022]
 [187.96307]
 [178.45198]
 [198.10004]
 [143.5417 ]]
720 Cost:  10.396706 
Prediction:
 [[146.16096]
 [187.9558 ]
 [178.45538]
 [198.10165]
 [143.53287]]
730 Cost:  10.356913 
Prediction:
 [[146.17169]
 [187.94852]
 [178.45879]
 [198.10324]
 [143.52403]]
740 Cost:  10.31739 
Prediction:
 [[146.18239]
 [187.94127]
 [178.46216]
 [198.10484]
 [143.51524]]
750 Cost:  10.278034 
Prediction:
 [[146.19307]
 [187.93404]
 [178.46555]
 [198.10645]
 [143.50648]]
760 Cost:  10.238945 
Prediction:
 [[146.20369]
 [187.92682]
 [178.4689 ]
 [198.10803]
 [143.49773]]
770 Cost:  10.20003 
Prediction:
 [[146.21431]
 [187.91965]
 [178.47227]
 [198.10962]
 [143.48901]]
780 Cost:  10.161298 
Prediction:
 [[146.22488]
 [187.91246]
 [178.47562]
 [198.11118]
 [143.4803 ]]
790 Cost:  10.122785 
Prediction:
 [[146.23547]
 [187.90535]
 [178.47899]
 [198.11278]
 [143.47166]]
800 Cost:  10.084461 
Prediction:
 [[146.246  ]
 [187.89821]
 [178.48233]
 [198.11435]
 [143.46301]]
810 Cost:  10.046323 
Prediction:
 [[146.2565 ]
 [187.89108]
 [178.48564]
 [198.11588]
 [143.45439]]
820 Cost:  10.008476 
Prediction:
 [[146.26695]
 [187.88399]
 [178.48894]
 [198.11743]
 [143.4458 ]]
830 Cost:  9.970702 
Prediction:
 [[146.27742]
 [187.8769 ]
 [178.49226]
 [198.11899]
 [143.43723]]
840 Cost:  9.933197 
Prediction:
 [[146.28783]
 [187.86984]
 [178.49557]
 [198.12053]
 [143.42868]]
850 Cost:  9.895873 
Prediction:
 [[146.29822]
 [187.86281]
 [178.49886]
 [198.12206]
 [143.42015]]
860 Cost:  9.858691 
Prediction:
 [[146.3086 ]
 [187.85577]
 [178.50215]
 [198.12358]
 [143.41165]]
870 Cost:  9.8218 
Prediction:
 [[146.31892]
 [187.84879]
 [178.50543]
 [198.12512]
 [143.40318]]
880 Cost:  9.785067 
Prediction:
 [[146.32922]
 [187.8418 ]
 [178.5087 ]
 [198.12663]
 [143.39473]]
890 Cost:  9.74848 
Prediction:
 [[146.33952]
 [187.83484]
 [178.51196]
 [198.12814]
 [143.3863 ]]
900 Cost:  9.712145 
Prediction:
 [[146.34978]
 [187.8279 ]
 [178.5152 ]
 [198.12965]
 [143.37791]]
910 Cost:  9.675963 
Prediction:
 [[146.36002]
 [187.82098]
 [178.51846]
 [198.13116]
 [143.36954]]
920 Cost:  9.639937 
Prediction:
 [[146.37022]
 [187.81406]
 [178.52168]
 [198.13264]
 [143.36118]]
930 Cost:  9.60415 
Prediction:
 [[146.38039]
 [187.80716]
 [178.52492]
 [198.13412]
 [143.35284]]
940 Cost:  9.568552 
Prediction:
 [[146.39053]
 [187.8003 ]
 [178.52814]
 [198.13562]
 [143.34453]]
950 Cost:  9.533121 
Prediction:
 [[146.40067]
 [187.79344]
 [178.53134]
 [198.1371 ]
 [143.33626]]
960 Cost:  9.497858 
Prediction:
 [[146.41075]
 [187.78659]
 [178.53455]
 [198.13855]
 [143.32799]]
970 Cost:  9.462789 
Prediction:
 [[146.42084]
 [187.77977]
 [178.53772]
 [198.14003]
 [143.31976]]
980 Cost:  9.427906 
Prediction:
 [[146.4309 ]
 [187.773  ]
 [178.54094]
 [198.1415 ]
 [143.31157]]
990 Cost:  9.393208 
Prediction:
 [[146.4409 ]
 [187.76619]
 [178.54411]
 [198.14296]
 [143.30338]]
1000 Cost:  9.358683 
Prediction:
 [[146.4509 ]
 [187.75943]
 [178.54727]
 [198.1444 ]
 [143.29521]]
1010 Cost:  9.324328 
Prediction:
 [[146.46086]
 [187.75267]
 [178.55043]
 [198.14584]
 [143.28705]]
1020 Cost:  9.290171 
Prediction:
 [[146.47081]
 [187.74596]
 [178.5536 ]
 [198.1473 ]
 [143.27895]]
1030 Cost:  9.256198 
Prediction:
 [[146.4807 ]
 [187.73923]
 [178.55673]
 [198.1487 ]
 [143.27083]]
1040 Cost:  9.22238 
Prediction:
 [[146.4906 ]
 [187.73254]
 [178.55988]
 [198.15013]
 [143.26277]]
1050 Cost:  9.188772 
Prediction:
 [[146.50046]
 [187.72588]
 [178.563  ]
 [198.15157]
 [143.25471]]
1060 Cost:  9.155277 
Prediction:
 [[146.5103 ]
 [187.71921]
 [178.56613]
 [198.15297]
 [143.24669]]
1070 Cost:  9.12203 
Prediction:
 [[146.52011]
 [187.71259]
 [178.56924]
 [198.15439]
 [143.23871]]
1080 Cost:  9.088889 
Prediction:
 [[146.5299 ]
 [187.70596]
 [178.57236]
 [198.15579]
 [143.23073]]
1090 Cost:  9.055939 
Prediction:
 [[146.53966]
 [187.69934]
 [178.57544]
 [198.15718]
 [143.22275]]
1100 Cost:  9.023133 
Prediction:
 [[146.54941]
 [187.69275]
 [178.57854]
 [198.15858]
 [143.21481]]
1110 Cost:  8.990548 
Prediction:
 [[146.55911]
 [187.68619]
 [178.58163]
 [198.15997]
 [143.20691]]
1120 Cost:  8.958096 
Prediction:
 [[146.5688 ]
 [187.67963]
 [178.5847 ]
 [198.16136]
 [143.199  ]]
1130 Cost:  8.925848 
Prediction:
 [[146.57845]
 [187.6731 ]
 [178.58777]
 [198.16272]
 [143.19113]]
1140 Cost:  8.893742 
Prediction:
 [[146.58809]
 [187.66656]
 [178.59082]
 [198.16411]
 [143.1833 ]]
1150 Cost:  8.861828 
Prediction:
 [[146.59769]
 [187.66006]
 [178.59389]
 [198.16548]
 [143.17548]]
1160 Cost:  8.830023 
Prediction:
 [[146.60728]
 [187.65358]
 [178.59694]
 [198.16684]
 [143.16768]]
1170 Cost:  8.798446 
Prediction:
 [[146.61684]
 [187.64713]
 [178.59998]
 [198.1682 ]
 [143.1599 ]]
1180 Cost:  8.7669935 
Prediction:
 [[146.62637]
 [187.64067]
 [178.603  ]
 [198.16954]
 [143.15215]]
1190 Cost:  8.735706 
Prediction:
 [[146.63588]
 [187.63423]
 [178.606  ]
 [198.17087]
 [143.14441]]
1200 Cost:  8.7045965 
Prediction:
 [[146.64537]
 [187.62782]
 [178.60902]
 [198.17223]
 [143.1367 ]]
1210 Cost:  8.673627 
Prediction:
 [[146.65483]
 [187.62141]
 [178.61205]
 [198.17357]
 [143.12901]]
1220 Cost:  8.642863 
Prediction:
 [[146.66425]
 [187.61504]
 [178.61504]
 [198.17488]
 [143.12134]]
1230 Cost:  8.612207 
Prediction:
 [[146.67366]
 [187.60866]
 [178.61803]
 [198.17621]
 [143.1137 ]]
1240 Cost:  8.581701 
Prediction:
 [[146.68306]
 [187.60231]
 [178.62102]
 [198.17754]
 [143.10606]]
1250 Cost:  8.551386 
Prediction:
 [[146.69243]
 [187.596  ]
 [178.624  ]
 [198.17885]
 [143.09848]]
1260 Cost:  8.521275 
Prediction:
 [[146.70175]
 [187.58969]
 [178.62697]
 [198.18018]
 [143.0909 ]]
1270 Cost:  8.491193 
Prediction:
 [[146.71107]
 [187.58336]
 [178.62991]
 [198.18146]
 [143.08333]]
1280 Cost:  8.461381 
Prediction:
 [[146.72035]
 [187.57709]
 [178.63287]
 [198.18277]
 [143.07579]]
1290 Cost:  8.431661 
Prediction:
 [[146.72963]
 [187.57083]
 [178.63583]
 [198.18407]
 [143.06828]]
1300 Cost:  8.402104 
Prediction:
 [[146.73886]
 [187.56458]
 [178.63876]
 [198.18533]
 [143.06078]]
1310 Cost:  8.372737 
Prediction:
 [[146.74806]
 [187.55832]
 [178.64166]
 [198.18661]
 [143.05331]]
1320 Cost:  8.343481 
Prediction:
 [[146.75726]
 [187.55212]
 [178.64462]
 [198.1879 ]
 [143.04587]]
1330 Cost:  8.314405 
Prediction:
 [[146.76642]
 [187.54591]
 [178.64754]
 [198.18918]
 [143.03842]]
1340 Cost:  8.285464 
Prediction:
 [[146.77557]
 [187.53975]
 [178.65045]
 [198.19044]
 [143.03104]]
1350 Cost:  8.256643 
Prediction:
 [[146.78471]
 [187.53358]
 [178.65337]
 [198.19173]
 [143.02365]]
1360 Cost:  8.228 
Prediction:
 [[146.7938 ]
 [187.52742]
 [178.65623]
 [198.19295]
 [143.01628]]
1370 Cost:  8.1994915 
Prediction:
 [[146.80287]
 [187.52129]
 [178.65913]
 [198.19421]
 [143.00893]]
1380 Cost:  8.171122 
Prediction:
 [[146.81192]
 [187.51515]
 [178.662  ]
 [198.19545]
 [143.0016 ]]
1390 Cost:  8.142919 
Prediction:
 [[146.82094]
 [187.50905]
 [178.66487]
 [198.19669]
 [142.99428]]
1400 Cost:  8.114887 
Prediction:
 [[146.82994]
 [187.50298]
 [178.66774]
 [198.19794]
 [142.98701]]
1410 Cost:  8.086973 
Prediction:
 [[146.83891]
 [187.4969 ]
 [178.67061]
 [198.19917]
 [142.97974]]
1420 Cost:  8.05917 
Prediction:
 [[146.84787]
 [187.49083]
 [178.67345]
 [198.20038]
 [142.9725 ]]
1430 Cost:  8.031531 
Prediction:
 [[146.85683]
 [187.48482]
 [178.67633]
 [198.20163]
 [142.96532]]
1440 Cost:  8.0040455 
Prediction:
 [[146.86574]
 [187.47879]
 [178.67914]
 [198.20285]
 [142.9581 ]]
1450 Cost:  7.9767213 
Prediction:
 [[146.8746 ]
 [187.47278]
 [178.68198]
 [198.20406]
 [142.95091]]
1460 Cost:  7.949523 
Prediction:
 [[146.88347]
 [187.4668 ]
 [178.6848 ]
 [198.20526]
 [142.94377]]
1470 Cost:  7.922446 
Prediction:
 [[146.8923 ]
 [187.46082]
 [178.6876 ]
 [198.20645]
 [142.93661]]
1480 Cost:  7.8954916 
Prediction:
 [[146.90112]
 [187.45483]
 [178.69043]
 [198.20766]
 [142.9295 ]]
1490 Cost:  7.868737 
Prediction:
 [[146.90991]
 [187.44891]
 [178.69322]
 [198.20885]
 [142.92241]]
1500 Cost:  7.8420525 
Prediction:
 [[146.91869]
 [187.44296]
 [178.696  ]
 [198.21002]
 [142.91533]]
1510 Cost:  7.8155203 
Prediction:
 [[146.92744]
 [187.43706]
 [178.6988 ]
 [198.21121]
 [142.90828]]
1520 Cost:  7.789173 
Prediction:
 [[146.93616]
 [187.43117]
 [178.70158]
 [198.21239]
 [142.90125]]
1530 Cost:  7.762895 
Prediction:
 [[146.94489]
 [187.4253 ]
 [178.70436]
 [198.21358]
 [142.89423]]
1540 Cost:  7.73682 
Prediction:
 [[146.95355]
 [187.41943]
 [178.70714]
 [198.21475]
 [142.88724]]
1550 Cost:  7.7108307 
Prediction:
 [[146.9622 ]
 [187.41356]
 [178.70987]
 [198.2159 ]
 [142.88026]]
1560 Cost:  7.685 
Prediction:
 [[146.97084]
 [187.40773]
 [178.71263]
 [198.21707]
 [142.8733 ]]
1570 Cost:  7.659297 
Prediction:
 [[146.97945]
 [187.40192]
 [178.71538]
 [198.21822]
 [142.86636]]
1580 Cost:  7.6336946 
Prediction:
 [[146.98804]
 [187.3961 ]
 [178.71811]
 [198.21935]
 [142.85945]]
1590 Cost:  7.6082125 
Prediction:
 [[146.99663]
 [187.39032]
 [178.72086]
 [198.2205 ]
 [142.85255]]
1600 Cost:  7.582917 
Prediction:
 [[147.00516]
 [187.38454]
 [178.72359]
 [198.22165]
 [142.84567]]
1610 Cost:  7.557719 
Prediction:
 [[147.01369]
 [187.37878]
 [178.7263 ]
 [198.22278]
 [142.83882]]
1620 Cost:  7.532679 
Prediction:
 [[147.02219]
 [187.37305]
 [178.72903]
 [198.22392]
 [142.832  ]]
1630 Cost:  7.507722 
Prediction:
 [[147.03067]
 [187.36731]
 [178.7317 ]
 [198.22502]
 [142.82518]]
1640 Cost:  7.482928 
Prediction:
 [[147.03912]
 [187.3616 ]
 [178.73442]
 [198.22615]
 [142.81837]]
1650 Cost:  7.458271 
Prediction:
 [[147.04755]
 [187.3559 ]
 [178.73709]
 [198.22726]
 [142.81158]]
1660 Cost:  7.4337134 
Prediction:
 [[147.05597]
 [187.3502 ]
 [178.73978]
 [198.2284 ]
 [142.80484]]
1670 Cost:  7.4092727 
Prediction:
 [[147.06438]
 [187.34456]
 [178.7425 ]
 [198.2295 ]
 [142.79813]]
1680 Cost:  7.38498 
Prediction:
 [[147.07272]
 [187.33888]
 [178.74515]
 [198.23059]
 [142.79138]]
1690 Cost:  7.360774 
Prediction:
 [[147.08109]
 [187.33325]
 [178.74782]
 [198.23167]
 [142.7847 ]]
1700 Cost:  7.3367434 
Prediction:
 [[147.0894 ]
 [187.32762]
 [178.75046]
 [198.23277]
 [142.778  ]]
1710 Cost:  7.312814 
Prediction:
 [[147.0977 ]
 [187.322  ]
 [178.7531 ]
 [198.23386]
 [142.77133]]
1720 Cost:  7.28899 
Prediction:
 [[147.10602]
 [187.31644]
 [178.75577]
 [198.23497]
 [142.76472]]
1730 Cost:  7.2653055 
Prediction:
 [[147.11426]
 [187.31084]
 [178.75839]
 [198.23602]
 [142.75809]]
1740 Cost:  7.241716 
Prediction:
 [[147.12251]
 [187.30528]
 [178.76105]
 [198.2371 ]
 [142.75148]]
1750 Cost:  7.2182913 
Prediction:
 [[147.1307 ]
 [187.29971]
 [178.76366]
 [198.23816]
 [142.74489]]
1760 Cost:  7.194955 
Prediction:
 [[147.13892]
 [187.29419]
 [178.76628]
 [198.23923]
 [142.73833]]
1770 Cost:  7.171773 
Prediction:
 [[147.14708]
 [187.28867]
 [178.76889]
 [198.2403 ]
 [142.73177]]
1780 Cost:  7.1486588 
Prediction:
 [[147.15526]
 [187.28317]
 [178.77151]
 [198.24136]
 [142.72527]]
1790 Cost:  7.125698 
Prediction:
 [[147.16339]
 [187.27768]
 [178.7741 ]
 [198.24242]
 [142.71875]]
1800 Cost:  7.1028166 
Prediction:
 [[147.1715 ]
 [187.27217]
 [178.77667]
 [198.24344]
 [142.71225]]
1810 Cost:  7.0800886 
Prediction:
 [[147.1796 ]
 [187.26674]
 [178.77928]
 [198.24449]
 [142.7058 ]]
1820 Cost:  7.0574555 
Prediction:
 [[147.18765]
 [187.26126]
 [178.78185]
 [198.24551]
 [142.69933]]
1830 Cost:  7.034963 
Prediction:
 [[147.19572]
 [187.25586]
 [178.78444]
 [198.24658]
 [142.69292]]
1840 Cost:  7.012581 
Prediction:
 [[147.20374]
 [187.25043]
 [178.78699]
 [198.24759]
 [142.6865 ]]
1850 Cost:  6.990284 
Prediction:
 [[147.21175]
 [187.24501]
 [178.78955]
 [198.24861]
 [142.6801 ]]
1860 Cost:  6.968112 
Prediction:
 [[147.21974]
 [187.23962]
 [178.7921 ]
 [198.24963]
 [142.67372]]
1870 Cost:  6.94607 
Prediction:
 [[147.22769]
 [187.23424]
 [178.79465]
 [198.25064]
 [142.66734]]
1880 Cost:  6.924154 
Prediction:
 [[147.23566]
 [187.2289 ]
 [178.7972 ]
 [198.2517 ]
 [142.66103]]
1890 Cost:  6.9022875 
Prediction:
 [[147.24358]
 [187.22353]
 [178.79973]
 [198.25267]
 [142.6547 ]]
1900 Cost:  6.880568 
Prediction:
 [[147.25148]
 [187.21819]
 [178.80226]
 [198.25368]
 [142.64839]]
1910 Cost:  6.858969 
Prediction:
 [[147.25935]
 [187.21286]
 [178.80478]
 [198.25467]
 [142.64209]]
1920 Cost:  6.8374467 
Prediction:
 [[147.26723]
 [187.20755]
 [178.8073 ]
 [198.25566]
 [142.63582]]
1930 Cost:  6.8160906 
Prediction:
 [[147.27507]
 [187.20227]
 [178.8098 ]
 [198.25667]
 [142.62958]]
1940 Cost:  6.794773 
Prediction:
 [[147.28291]
 [187.19699]
 [178.81232]
 [198.25766]
 [142.62335]]
1950 Cost:  6.773619 
Prediction:
 [[147.29071]
 [187.19174]
 [178.81482]
 [198.25864]
 [142.61714]]
1960 Cost:  6.75252 
Prediction:
 [[147.29848]
 [187.18645]
 [178.81729]
 [198.25958]
 [142.61092]]
1970 Cost:  6.7315893 
Prediction:
 [[147.30624]
 [187.18123]
 [178.81978]
 [198.26057]
 [142.60475]]
1980 Cost:  6.710704 
Prediction:
 [[147.314  ]
 [187.176  ]
 [178.82227]
 [198.26154]
 [142.5986 ]]
1990 Cost:  6.689954 
Prediction:
 [[147.32173]
 [187.1708 ]
 [178.82475]
 [198.26251]
 [142.59245]]
2000 Cost:  6.6693177 
Prediction:
 [[147.32942]
 [187.1656 ]
 [178.82721]
 [198.26346]
 [142.58632]]
Done
