2020-05-11 13:25:06.313004: I tensorflow/core/platform/cpu_feature_guard.cc:141] Your CPU supports instructions that this TensorFlow binary was not compiled to use: SSE4.1 SSE4.2
2020-05-11 13:25:06.407446: I tensorflow/stream_executor/cuda/cuda_gpu_executor.cc:964] successful NUMA node read from SysFS had negative value (-1), but there must be at least one NUMA node, so returning NUMA node zero
2020-05-11 13:25:06.407854: I tensorflow/core/common_runtime/gpu/gpu_device.cc:1432] Found device 0 with properties: 
name: GeForce GTX 1050 major: 6 minor: 1 memoryClockRate(GHz): 1.506
pciBusID: 0000:01:00.0
totalMemory: 1.95GiB freeMemory: 1.90GiB
2020-05-11 13:25:06.407877: I tensorflow/core/common_runtime/gpu/gpu_device.cc:1511] Adding visible gpu devices: 0
2020-05-11 13:25:06.746411: I tensorflow/core/common_runtime/gpu/gpu_device.cc:982] Device interconnect StreamExecutor with strength 1 edge matrix:
2020-05-11 13:25:06.746456: I tensorflow/core/common_runtime/gpu/gpu_device.cc:988]      0 
2020-05-11 13:25:06.746477: I tensorflow/core/common_runtime/gpu/gpu_device.cc:1001] 0:   N 
2020-05-11 13:25:06.746584: I tensorflow/core/common_runtime/gpu/gpu_device.cc:1115] Created TensorFlow device (/job:localhost/replica:0/task:0/device:GPU:0 with 1658 MB memory) -> physical GPU (device: 0, name: GeForce GTX 1050, pci bus id: 0000:01:00.0, compute capability: 6.1)
(6, 3) [[ 73.  80.  75.]
 [ 93.  88.  93.]
 [ 89.  91.  90.]
 [ 96.  98. 100.]
 [ 73.  66.  70.]
 [ 53.  46.  55.]] 6
(6, 1) [[152.]
 [185.]
 [180.]
 [196.]
 [142.]
 [101.]]
0 Cost:  33155.582 
Prediction:
 [[ -6.693405]
 [-28.114967]
 [-17.361336]
 [-17.597973]
 [-27.746117]
 [-21.239836]]
10 Cost:  83.366035 
Prediction:
 [[162.80948]
 [175.74358]
 [183.43637]
 [201.08069]
 [127.76631]
 [ 93.42042]]
20 Cost:  81.36861 
Prediction:
 [[163.91684]
 [177.14459]
 [184.78027]
 [202.54922]
 [128.84824]
 [ 94.23384]]
30 Cost:  80.89136 
Prediction:
 [[163.88388 ]
 [177.17436 ]
 [184.77344 ]
 [202.54669 ]
 [128.88417 ]
 [ 94.276085]]
40 Cost:  80.41726 
Prediction:
 [[163.8433 ]
 [177.1948 ]
 [184.75749]
 [202.53424]
 [128.9129 ]
 [ 94.31298]]
50 Cost:  79.946075 
Prediction:
 [[163.80281]
 [177.21507]
 [184.74153]
 [202.52174]
 [128.94153]
 [ 94.34973]]
60 Cost:  79.478264 
Prediction:
 [[163.7625 ]
 [177.2353 ]
 [184.72566]
 [202.50932]
 [128.97006]
 [ 94.38635]]
70 Cost:  79.01324 
Prediction:
 [[163.72227]
 [177.25548]
 [184.70981]
 [202.4969 ]
 [128.9985 ]
 [ 94.42283]]
80 Cost:  78.5513 
Prediction:
 [[163.68219]
 [177.27557]
 [184.694  ]
 [202.4845 ]
 [129.02684]
 [ 94.45918]]
90 Cost:  78.09241 
Prediction:
 [[163.64224 ]
 [177.29561 ]
 [184.67828 ]
 [202.47217 ]
 [129.05511 ]
 [ 94.495415]]
100 Cost:  77.63662 
Prediction:
 [[163.60243]
 [177.31557]
 [184.6626 ]
 [202.45987]
 [129.08327]
 [ 94.53153]]
110 Cost:  77.18368 
Prediction:
 [[163.56274]
 [177.33546]
 [184.64697]
 [202.4476 ]
 [129.11136]
 [ 94.56751]]
120 Cost:  76.733696 
Prediction:
 [[163.5232  ]
 [177.35532 ]
 [184.63141 ]
 [202.4354  ]
 [129.13936 ]
 [ 94.603386]]
130 Cost:  76.286705 
Prediction:
 [[163.48376]
 [177.37506]
 [184.61588]
 [202.42319]
 [129.16727]
 [ 94.63911]]
140 Cost:  75.842705 
Prediction:
 [[163.4445  ]
 [177.39479 ]
 [184.60042 ]
 [202.41106 ]
 [129.19508 ]
 [ 94.674736]]
150 Cost:  75.40148 
Prediction:
 [[163.40533]
 [177.41441]
 [184.58499]
 [202.39891]
 [129.22281]
 [ 94.71022]]
160 Cost:  74.96295 
Prediction:
 [[163.3663 ]
 [177.43399]
 [184.56961]
 [202.38681]
 [129.25049]
 [ 94.74559]]
170 Cost:  74.52761 
Prediction:
 [[163.32742]
 [177.45352]
 [184.55434]
 [202.37479]
 [129.27805]
 [ 94.78085]]
180 Cost:  74.09494 
Prediction:
 [[163.28865]
 [177.47296]
 [184.53906]
 [202.36276]
 [129.30553]
 [ 94.81597]]
190 Cost:  73.66528 
Prediction:
 [[163.25002]
 [177.49236]
 [184.52388]
 [202.35081]
 [129.3329 ]
 [ 94.85098]]
200 Cost:  73.23824 
Prediction:
 [[163.2115  ]
 [177.51166 ]
 [184.5087  ]
 [202.33884 ]
 [129.3602  ]
 [ 94.885864]]
210 Cost:  72.814156 
Prediction:
 [[163.17313]
 [177.53091]
 [184.4936 ]
 [202.32693]
 [129.3874 ]
 [ 94.92062]]
220 Cost:  72.392685 
Prediction:
 [[163.1349 ]
 [177.55014]
 [184.47856]
 [202.31508]
 [129.41457]
 [ 94.95527]]
230 Cost:  71.97391 
Prediction:
 [[163.09677]
 [177.56927]
 [184.46356]
 [202.30325]
 [129.44164]
 [ 94.9898 ]]
240 Cost:  71.55796 
Prediction:
 [[163.05876]
 [177.58833]
 [184.4486 ]
 [202.29143]
 [129.46858]
 [ 95.02419]]
250 Cost:  71.14454 
Prediction:
 [[163.02087]
 [177.60736]
 [184.4337 ]
 [202.27966]
 [129.49548]
 [ 95.05848]]
260 Cost:  70.73402 
Prediction:
 [[162.98314]
 [177.6263 ]
 [184.41884]
 [202.26794]
 [129.5223 ]
 [ 95.09264]]
270 Cost:  70.326164 
Prediction:
 [[162.94551]
 [177.64519]
 [184.40407]
 [202.25624]
 [129.549  ]
 [ 95.1267 ]]
280 Cost:  69.92099 
Prediction:
 [[162.90804]
 [177.664  ]
 [184.38931]
 [202.24458]
 [129.57564]
 [ 95.16064]]
290 Cost:  69.518456 
Prediction:
 [[162.87068]
 [177.68279]
 [184.37462]
 [202.23297]
 [129.60219]
 [ 95.19445]]
300 Cost:  69.11849 
Prediction:
 [[162.83344]
 [177.70148]
 [184.35999]
 [202.22137]
 [129.62866]
 [ 95.22815]]
310 Cost:  68.7211 
Prediction:
 [[162.79631 ]
 [177.72014 ]
 [184.34538 ]
 [202.20982 ]
 [129.65504 ]
 [ 95.261734]]
320 Cost:  68.32641 
Prediction:
 [[162.75934]
 [177.73871]
 [184.33084]
 [202.1983 ]
 [129.68137]
 [ 95.29519]]
330 Cost:  67.934074 
Prediction:
 [[162.72244]
 [177.75723]
 [184.31633]
 [202.1868 ]
 [129.70758]
 [ 95.32856]]
340 Cost:  67.544586 
Prediction:
 [[162.6857 ]
 [177.77568]
 [184.30188]
 [202.17534]
 [129.7337 ]
 [ 95.36178]]
350 Cost:  67.15744 
Prediction:
 [[162.64908]
 [177.7941 ]
 [184.28748]
 [202.16391]
 [129.75977]
 [ 95.3949 ]]
360 Cost:  66.77288 
Prediction:
 [[162.61255]
 [177.81241]
 [184.27313]
 [202.15251]
 [129.78574]
 [ 95.4279 ]]
370 Cost:  66.39073 
Prediction:
 [[162.57619]
 [177.83072]
 [184.25883]
 [202.14117]
 [129.81166]
 [ 95.4608 ]]
380 Cost:  66.01117 
Prediction:
 [[162.53993]
 [177.84892]
 [184.24458]
 [202.12984]
 [129.83748]
 [ 95.49358]]
390 Cost:  65.63407 
Prediction:
 [[162.50378 ]
 [177.8671  ]
 [184.23038 ]
 [202.11856 ]
 [129.8632  ]
 [ 95.526245]]
400 Cost:  65.259476 
Prediction:
 [[162.46777]
 [177.8852 ]
 [184.21622]
 [202.1073 ]
 [129.88885]
 [ 95.5588 ]]
410 Cost:  64.88724 
Prediction:
 [[162.43187]
 [177.90324]
 [184.20213]
 [202.09608]
 [129.91444]
 [ 95.59123]]
420 Cost:  64.51739 
Prediction:
 [[162.39607]
 [177.92122]
 [184.18806]
 [202.08488]
 [129.93994]
 [ 95.62356]]
430 Cost:  64.15009 
Prediction:
 [[162.36044]
 [177.93915]
 [184.17407]
 [202.07375]
 [129.96538]
 [ 95.65578]]
440 Cost:  63.785023 
Prediction:
 [[162.32489]
 [177.957  ]
 [184.1601 ]
 [202.0626 ]
 [129.99072]
 [ 95.68788]]
450 Cost:  63.422443 
Prediction:
 [[162.28946]
 [177.97482]
 [184.14618]
 [202.05151]
 [130.01596]
 [ 95.71987]]
460 Cost:  63.06209 
Prediction:
 [[162.25417]
 [177.9926 ]
 [184.13232]
 [202.04048]
 [130.04118]
 [ 95.75175]]
470 Cost:  62.70424 
Prediction:
 [[162.21898]
 [178.01027]
 [184.11848]
 [202.02943]
 [130.06627]
 [ 95.78352]]
480 Cost:  62.348537 
Prediction:
 [[162.18388 ]
 [178.02791 ]
 [184.10472 ]
 [202.01842 ]
 [130.0913  ]
 [ 95.815186]]
490 Cost:  61.99533 
Prediction:
 [[162.14894]
 [178.04549]
 [184.091  ]
 [202.00749]
 [130.11626]
 [ 95.84674]]
500 Cost:  61.64432 
Prediction:
 [[162.11409 ]
 [178.06297 ]
 [184.0773  ]
 [201.99654 ]
 [130.14113 ]
 [ 95.878174]]
510 Cost:  61.295704 
Prediction:
 [[162.0794 ]
 [178.08047]
 [184.06369]
 [201.98567]
 [130.16594]
 [ 95.90951]]
520 Cost:  60.949146 
Prediction:
 [[162.0448  ]
 [178.0979  ]
 [184.05011 ]
 [201.9748  ]
 [130.19067 ]
 [ 95.940735]]
530 Cost:  60.605057 
Prediction:
 [[162.0103 ]
 [178.11523]
 [184.03656]
 [201.96397]
 [130.2153 ]
 [ 95.97185]]
540 Cost:  60.263042 
Prediction:
 [[161.97592]
 [178.13254]
 [184.02307]
 [201.95316]
 [130.23987]
 [ 96.00287]]
550 Cost:  59.923294 
Prediction:
 [[161.94167]
 [178.14978]
 [184.00964]
 [201.94238]
 [130.26437]
 [ 96.03377]]
560 Cost:  59.585827 
Prediction:
 [[161.90752]
 [178.16693]
 [183.99622]
 [201.93164]
 [130.28879]
 [ 96.06455]]
570 Cost:  59.2505 
Prediction:
 [[161.87349]
 [178.18408]
 [183.98288]
 [201.92096]
 [130.31314]
 [ 96.09524]]
580 Cost:  58.917377 
Prediction:
 [[161.83957 ]
 [178.20114 ]
 [183.96957 ]
 [201.91028 ]
 [130.3374  ]
 [ 96.125824]]
590 Cost:  58.586487 
Prediction:
 [[161.80576]
 [178.21814]
 [183.9563 ]
 [201.89963]
 [130.36157]
 [ 96.15629]]
600 Cost:  58.257557 
Prediction:
 [[161.77205]
 [178.23509]
 [183.94307]
 [201.889  ]
 [130.3857 ]
 [ 96.18667]]
610 Cost:  57.930847 
Prediction:
 [[161.73846]
 [178.252  ]
 [183.92989]
 [201.8784 ]
 [130.40973]
 [ 96.21692]]
620 Cost:  57.606293 
Prediction:
 [[161.70502 ]
 [178.26888 ]
 [183.9168  ]
 [201.86787 ]
 [130.43372 ]
 [ 96.247086]]
630 Cost:  57.283844 
Prediction:
 [[161.67166 ]
 [178.28566 ]
 [183.9037  ]
 [201.85736 ]
 [130.45761 ]
 [ 96.277145]]
640 Cost:  56.96343 
Prediction:
 [[161.6384 ]
 [178.3024 ]
 [183.89064]
 [201.84686]
 [130.48141]
 [ 96.3071 ]]
650 Cost:  56.64513 
Prediction:
 [[161.60527 ]
 [178.31909 ]
 [183.87766 ]
 [201.83641 ]
 [130.50517 ]
 [ 96.336945]]
660 Cost:  56.32899 
Prediction:
 [[161.57225 ]
 [178.3357  ]
 [183.86472 ]
 [201.82596 ]
 [130.52884 ]
 [ 96.366684]]
670 Cost:  56.01482 
Prediction:
 [[161.53935 ]
 [178.3523  ]
 [183.85182 ]
 [201.8156  ]
 [130.55246 ]
 [ 96.396324]]
680 Cost:  55.702625 
Prediction:
 [[161.50653]
 [178.36882]
 [183.83894]
 [201.8052 ]
 [130.57597]
 [ 96.42586]]
690 Cost:  55.39259 
Prediction:
 [[161.47386 ]
 [178.38528 ]
 [183.82613 ]
 [201.79488 ]
 [130.59944 ]
 [ 96.455284]]
700 Cost:  55.084423 
Prediction:
 [[161.44124]
 [178.4017 ]
 [183.81335]
 [201.78456]
 [130.6228 ]
 [ 96.48463]]
710 Cost:  54.778366 
Prediction:
 [[161.40877 ]
 [178.41806 ]
 [183.80063 ]
 [201.77429 ]
 [130.64612 ]
 [ 96.513855]]
720 Cost:  54.47424 
Prediction:
 [[161.37639]
 [178.43436]
 [183.78795]
 [201.76404]
 [130.66936]
 [ 96.54299]]
730 Cost:  54.17206 
Prediction:
 [[161.34416]
 [178.45064]
 [183.7753 ]
 [201.75383]
 [130.69255]
 [ 96.57202]]
740 Cost:  53.87186 
Prediction:
 [[161.31198]
 [178.46681]
 [183.76268]
 [201.74362]
 [130.71564]
 [ 96.60093]]
750 Cost:  53.57364 
Prediction:
 [[161.27994]
 [178.48297]
 [183.75012]
 [201.73347]
 [130.73866]
 [ 96.62975]]
760 Cost:  53.277363 
Prediction:
 [[161.248  ]
 [178.49907]
 [183.73763]
 [201.72334]
 [130.76161]
 [ 96.65849]]
770 Cost:  52.98296 
Prediction:
 [[161.21616]
 [178.5151 ]
 [183.72514]
 [201.71323]
 [130.78448]
 [ 96.68712]]
780 Cost:  52.69046 
Prediction:
 [[161.18445 ]
 [178.53113 ]
 [183.71274 ]
 [201.70319 ]
 [130.80733 ]
 [ 96.715645]]
790 Cost:  52.399982 
Prediction:
 [[161.15283]
 [178.54704]
 [183.70035]
 [201.69315]
 [130.83006]
 [ 96.74407]]
800 Cost:  52.111298 
Prediction:
 [[161.1213 ]
 [178.56293]
 [183.688  ]
 [201.68312]
 [130.85272]
 [ 96.7724 ]]
810 Cost:  51.82434 
Prediction:
 [[161.08987]
 [178.57877]
 [183.67569]
 [201.67313]
 [130.87534]
 [ 96.80062]]
820 Cost:  51.539433 
Prediction:
 [[161.0586 ]
 [178.59457]
 [183.66344]
 [201.6632 ]
 [130.89787]
 [ 96.82876]]
830 Cost:  51.256397 
Prediction:
 [[161.0274 ]
 [178.61029]
 [183.65123]
 [201.65326]
 [130.92033]
 [ 96.8568 ]]
840 Cost:  50.975037 
Prediction:
 [[160.99629]
 [178.62599]
 [183.63905]
 [201.64337]
 [130.94273]
 [ 96.88473]]
850 Cost:  50.695602 
Prediction:
 [[160.9653 ]
 [178.64162]
 [183.62692]
 [201.6335 ]
 [130.96506]
 [ 96.91257]]
860 Cost:  50.417927 
Prediction:
 [[160.9344 ]
 [178.6572 ]
 [183.61482]
 [201.62367]
 [130.98732]
 [ 96.94031]]
870 Cost:  50.14211 
Prediction:
 [[160.90363 ]
 [178.67273 ]
 [183.60278 ]
 [201.61386 ]
 [131.0095  ]
 [ 96.967964]]
880 Cost:  49.868 
Prediction:
 [[160.87294]
 [178.68822]
 [183.59076]
 [201.60408]
 [131.03163]
 [ 96.99551]]
890 Cost:  49.595734 
Prediction:
 [[160.84235]
 [178.70361]
 [183.5788 ]
 [201.5943 ]
 [131.05368]
 [ 97.02295]]
900 Cost:  49.325207 
Prediction:
 [[160.81187 ]
 [178.71901 ]
 [183.56686 ]
 [201.5846  ]
 [131.07567 ]
 [ 97.050316]]
910 Cost:  49.056396 
Prediction:
 [[160.7815  ]
 [178.73433 ]
 [183.55498 ]
 [201.57489 ]
 [131.0976  ]
 [ 97.077576]]
920 Cost:  48.7894 
Prediction:
 [[160.75122 ]
 [178.74962 ]
 [183.54314 ]
 [201.56522 ]
 [131.11943 ]
 [ 97.104744]]
930 Cost:  48.523987 
Prediction:
 [[160.72104]
 [178.76486]
 [183.53133]
 [201.55559]
 [131.14124]
 [ 97.13181]]
940 Cost:  48.260387 
Prediction:
 [[160.69096]
 [178.78004]
 [183.51958]
 [201.54596]
 [131.16295]
 [ 97.1588 ]]
950 Cost:  47.99855 
Prediction:
 [[160.66101]
 [178.79518]
 [183.50784]
 [201.53638]
 [131.1846 ]
 [ 97.18567]]
960 Cost:  47.738327 
Prediction:
 [[160.63112]
 [178.81026]
 [183.49617]
 [201.52684]
 [131.20619]
 [ 97.21247]]
970 Cost:  47.479767 
Prediction:
 [[160.60135 ]
 [178.82532 ]
 [183.48453 ]
 [201.5173  ]
 [131.2277  ]
 [ 97.239174]]
980 Cost:  47.22295 
Prediction:
 [[160.57166]
 [178.84027]
 [183.47293]
 [201.50778]
 [131.24915]
 [ 97.26578]]
990 Cost:  46.967716 
Prediction:
 [[160.5421 ]
 [178.85524]
 [183.46135]
 [201.49834]
 [131.27055]
 [ 97.29229]]
1000 Cost:  46.714283 
Prediction:
 [[160.51263]
 [178.87012]
 [183.44984]
 [201.48889]
 [131.29187]
 [ 97.31871]]
1010 Cost:  46.462315 
Prediction:
 [[160.48325]
 [178.88495]
 [183.43834]
 [201.47945]
 [131.31313]
 [ 97.34503]]
1020 Cost:  46.212025 
Prediction:
 [[160.45396]
 [178.89973]
 [183.42691]
 [201.47006]
 [131.33434]
 [ 97.37127]]
1030 Cost:  45.96335 
Prediction:
 [[160.42477]
 [178.91449]
 [183.4155 ]
 [201.4607 ]
 [131.35545]
 [ 97.39741]]
1040 Cost:  45.716328 
Prediction:
 [[160.39569]
 [178.92917]
 [183.40411]
 [201.45135]
 [131.37651]
 [ 97.42347]]
1050 Cost:  45.470783 
Prediction:
 [[160.36668]
 [178.94383]
 [183.39278]
 [201.44203]
 [131.3975 ]
 [ 97.44942]]
1060 Cost:  45.226944 
Prediction:
 [[160.3378 ]
 [178.95844]
 [183.38153]
 [201.43277]
 [131.41846]
 [ 97.4753 ]]
1070 Cost:  44.984634 
Prediction:
 [[160.309   ]
 [178.97299 ]
 [183.37025 ]
 [201.4235  ]
 [131.43932 ]
 [ 97.501076]]
1080 Cost:  44.74394 
Prediction:
 [[160.28032]
 [178.9875 ]
 [183.35905]
 [201.41428]
 [131.46013]
 [ 97.52677]]
1090 Cost:  44.504772 
Prediction:
 [[160.25171]
 [179.00195]
 [183.34789]
 [201.40506]
 [131.48087]
 [ 97.55237]]
1100 Cost:  44.26712 
Prediction:
 [[160.22318]
 [179.01636]
 [183.33673]
 [201.39587]
 [131.50153]
 [ 97.57787]]
1110 Cost:  44.030994 
Prediction:
 [[160.19476]
 [179.03072]
 [183.32565]
 [201.38672]
 [131.52216]
 [ 97.6033 ]]
1120 Cost:  43.796436 
Prediction:
 [[160.16644]
 [179.04504]
 [183.31459]
 [201.3776 ]
 [131.5427 ]
 [ 97.62864]]
1130 Cost:  43.563313 
Prediction:
 [[160.13823]
 [179.05934]
 [183.30357]
 [201.3685 ]
 [131.5632 ]
 [ 97.65388]]
1140 Cost:  43.331787 
Prediction:
 [[160.1101 ]
 [179.07355]
 [183.2926 ]
 [201.35942]
 [131.58363]
 [ 97.67905]]
1150 Cost:  43.101685 
Prediction:
 [[160.08206]
 [179.08772]
 [183.28163]
 [201.35036]
 [131.60399]
 [ 97.70411]]
1160 Cost:  42.873104 
Prediction:
 [[160.05412]
 [179.10187]
 [183.27072]
 [201.34135]
 [131.6243 ]
 [ 97.72909]]
1170 Cost:  42.645985 
Prediction:
 [[160.02626]
 [179.11594]
 [183.25986]
 [201.33234]
 [131.64453]
 [ 97.75398]]
1180 Cost:  42.420403 
Prediction:
 [[159.99852]
 [179.12999]
 [183.24902]
 [201.32338]
 [131.6647 ]
 [ 97.77879]]
1190 Cost:  42.196163 
Prediction:
 [[159.97084 ]
 [179.14398 ]
 [183.23824 ]
 [201.31444 ]
 [131.68483 ]
 [ 97.803505]]
1200 Cost:  41.973423 
Prediction:
 [[159.94328]
 [179.15794]
 [183.2275 ]
 [201.30553]
 [131.7049 ]
 [ 97.82815]]
1210 Cost:  41.75207 
Prediction:
 [[159.91579]
 [179.17183]
 [183.21675]
 [201.29659]
 [131.72487]
 [ 97.85269]]
1220 Cost:  41.53215 
Prediction:
 [[159.88841]
 [179.18571]
 [183.20609]
 [201.28775]
 [131.74483]
 [ 97.87717]]
1230 Cost:  41.313663 
Prediction:
 [[159.8611 ]
 [179.19951]
 [183.19542]
 [201.27888]
 [131.7647 ]
 [ 97.90152]]
1240 Cost:  41.09659 
Prediction:
 [[159.8339 ]
 [179.21329]
 [183.1848 ]
 [201.27007]
 [131.7845 ]
 [ 97.92581]]
1250 Cost:  40.880917 
Prediction:
 [[159.80678 ]
 [179.227   ]
 [183.17424 ]
 [201.26128 ]
 [131.80426 ]
 [ 97.950035]]
1260 Cost:  40.6666 
Prediction:
 [[159.77975]
 [179.2407 ]
 [183.16371]
 [201.25252]
 [131.82396]
 [ 97.97415]]
1270 Cost:  40.453728 
Prediction:
 [[159.7528 ]
 [179.25432]
 [183.15318]
 [201.24374]
 [131.84357]
 [ 97.99818]]
1280 Cost:  40.24216 
Prediction:
 [[159.72597]
 [179.26793]
 [183.14272]
 [201.23503]
 [131.86314]
 [ 98.02213]]
1290 Cost:  40.031967 
Prediction:
 [[159.6992  ]
 [179.28148 ]
 [183.13231 ]
 [201.22636 ]
 [131.88268 ]
 [ 98.046005]]
1300 Cost:  39.823185 
Prediction:
 [[159.67256]
 [179.29498]
 [183.1219 ]
 [201.2177 ]
 [131.90213]
 [ 98.0698 ]]
1310 Cost:  39.615673 
Prediction:
 [[159.64598]
 [179.30844]
 [183.11154]
 [201.20903]
 [131.92152]
 [ 98.09349]]
1320 Cost:  39.409595 
Prediction:
 [[159.61949 ]
 [179.32185 ]
 [183.10121 ]
 [201.20044 ]
 [131.94086 ]
 [ 98.117096]]
1330 Cost:  39.204712 
Prediction:
 [[159.5931 ]
 [179.33525]
 [183.09096]
 [201.19183]
 [131.96014]
 [ 98.14064]]
1340 Cost:  39.001236 
Prediction:
 [[159.56679]
 [179.34859]
 [183.0807 ]
 [201.18327]
 [131.97935]
 [ 98.16411]]
1350 Cost:  38.799 
Prediction:
 [[159.54057]
 [179.3619 ]
 [183.07048]
 [201.17474]
 [131.99854]
 [ 98.18746]]
1360 Cost:  38.59813 
Prediction:
 [[159.51443 ]
 [179.37512 ]
 [183.0603  ]
 [201.1662  ]
 [132.01762 ]
 [ 98.210754]]
1370 Cost:  38.398502 
Prediction:
 [[159.48839]
 [179.38832]
 [183.05016]
 [201.15768]
 [132.03667]
 [ 98.23396]]
1380 Cost:  38.200195 
Prediction:
 [[159.4624 ]
 [179.40146]
 [183.04002]
 [201.1492 ]
 [132.05563]
 [ 98.25708]]
1390 Cost:  38.00316 
Prediction:
 [[159.43652]
 [179.41457]
 [183.02995]
 [201.14076]
 [132.07457]
 [ 98.28011]]
1400 Cost:  37.807377 
Prediction:
 [[159.41075 ]
 [179.42767 ]
 [183.01993 ]
 [201.13235 ]
 [132.09344 ]
 [ 98.303085]]
1410 Cost:  37.612797 
Prediction:
 [[159.38504]
 [179.44069]
 [183.0099 ]
 [201.12393]
 [132.11226]
 [ 98.32597]]
1420 Cost:  37.4195 
Prediction:
 [[159.35944]
 [179.45369]
 [182.99994]
 [201.11555]
 [132.13103]
 [ 98.34878]]
1430 Cost:  37.227505 
Prediction:
 [[159.33391]
 [179.46663]
 [182.99   ]
 [201.10722]
 [132.14973]
 [ 98.3715 ]]
1440 Cost:  37.03667 
Prediction:
 [[159.30844 ]
 [179.47952 ]
 [182.98009 ]
 [201.09888 ]
 [132.16837 ]
 [ 98.394135]]
1450 Cost:  36.84706 
Prediction:
 [[159.2831 ]
 [179.4924 ]
 [182.97023]
 [201.09058]
 [132.18697]
 [ 98.41672]]
1460 Cost:  36.658707 
Prediction:
 [[159.2578  ]
 [179.5052  ]
 [182.96037 ]
 [201.08228 ]
 [132.20547 ]
 [ 98.439186]]
1470 Cost:  36.4715 
Prediction:
 [[159.23262]
 [179.518  ]
 [182.95059]
 [201.07402]
 [132.22397]
 [ 98.4616 ]]
1480 Cost:  36.285507 
Prediction:
 [[159.20749 ]
 [179.53073 ]
 [182.9408  ]
 [201.06577 ]
 [132.24237 ]
 [ 98.483925]]
1490 Cost:  36.100784 
Prediction:
 [[159.1825 ]
 [179.54346]
 [182.93109]
 [201.05757]
 [132.26074]
 [ 98.50618]]
1500 Cost:  35.91715 
Prediction:
 [[159.15752 ]
 [179.55609 ]
 [182.92137 ]
 [201.04936 ]
 [132.27904 ]
 [ 98.528336]]
1510 Cost:  35.73473 
Prediction:
 [[159.13269 ]
 [179.56873 ]
 [182.91173 ]
 [201.04121 ]
 [132.29732 ]
 [ 98.550446]]
1520 Cost:  35.55347 
Prediction:
 [[159.1079 ]
 [179.5813 ]
 [182.90207]
 [201.03308]
 [132.3155 ]
 [ 98.57245]]
1530 Cost:  35.37341 
Prediction:
 [[159.08322]
 [179.59384]
 [182.89249]
 [201.02495]
 [132.33365]
 [ 98.59439]]
1540 Cost:  35.194504 
Prediction:
 [[159.0586 ]
 [179.60632]
 [182.88292]
 [201.01686]
 [132.35173]
 [ 98.61624]]
1550 Cost:  35.01671 
Prediction:
 [[159.03407]
 [179.61877]
 [182.87338]
 [201.00877]
 [132.36977]
 [ 98.63802]]
1560 Cost:  34.84003 
Prediction:
 [[159.00964]
 [179.6312 ]
 [182.86388]
 [201.00072]
 [132.38776]
 [ 98.65974]]
1570 Cost:  34.664494 
Prediction:
 [[158.98526]
 [179.64357]
 [182.8544 ]
 [200.99269]
 [132.40567]
 [ 98.68137]]
1580 Cost:  34.49011 
Prediction:
 [[158.96098]
 [179.6559 ]
 [182.84497]
 [200.9847 ]
 [132.42355]
 [ 98.70292]]
1590 Cost:  34.316765 
Prediction:
 [[158.93678 ]
 [179.66821 ]
 [182.83557 ]
 [200.9767  ]
 [132.44138 ]
 [ 98.724396]]
1600 Cost:  34.14465 
Prediction:
 [[158.91264]
 [179.68044]
 [182.82619]
 [200.9687 ]
 [132.4591 ]
 [ 98.74579]]
1610 Cost:  33.97356 
Prediction:
 [[158.88861]
 [179.69266]
 [182.81685]
 [200.9608 ]
 [132.47684]
 [ 98.76713]]
1620 Cost:  33.803574 
Prediction:
 [[158.86465]
 [179.70485]
 [182.80756]
 [200.95288]
 [132.49449]
 [ 98.78838]]
1630 Cost:  33.634647 
Prediction:
 [[158.84077]
 [179.717  ]
 [182.79828]
 [200.94499]
 [132.5121 ]
 [ 98.80956]]
1640 Cost:  33.46683 
Prediction:
 [[158.81697]
 [179.72908]
 [182.78903]
 [200.9371 ]
 [132.52965]
 [ 98.83066]]
1650 Cost:  33.30012 
Prediction:
 [[158.79324 ]
 [179.74112 ]
 [182.77982 ]
 [200.92924 ]
 [132.54713 ]
 [ 98.851685]]
1660 Cost:  33.134457 
Prediction:
 [[158.7696 ]
 [179.75314]
 [182.77063]
 [200.92142]
 [132.56458]
 [ 98.87264]]
1670 Cost:  32.969814 
Prediction:
 [[158.74605]
 [179.76512]
 [182.76149]
 [200.91362]
 [132.58199]
 [ 98.89352]]
1680 Cost:  32.806232 
Prediction:
 [[158.72256]
 [179.77708]
 [182.75238]
 [200.90584]
 [132.59932]
 [ 98.91433]]
1690 Cost:  32.643772 
Prediction:
 [[158.69917]
 [179.78897]
 [182.74332]
 [200.89807]
 [132.61661]
 [ 98.93507]]
1700 Cost:  32.48224 
Prediction:
 [[158.67583]
 [179.80086]
 [182.73425]
 [200.89034]
 [132.63383]
 [ 98.95571]]
1710 Cost:  32.321774 
Prediction:
 [[158.65259]
 [179.81267]
 [182.72522]
 [200.88261]
 [132.65103]
 [ 98.9763 ]]
1720 Cost:  32.16229 
Prediction:
 [[158.62941]
 [179.82448]
 [182.71623]
 [200.87492]
 [132.66817]
 [ 98.99682]]
1730 Cost:  32.00392 
Prediction:
 [[158.60632]
 [179.83621]
 [182.70728]
 [200.86723]
 [132.68524]
 [ 99.01725]]
1740 Cost:  31.846582 
Prediction:
 [[158.58331]
 [179.84792]
 [182.69835]
 [200.8596 ]
 [132.70227]
 [ 99.03763]]
1750 Cost:  31.690134 
Prediction:
 [[158.56035 ]
 [179.85959 ]
 [182.68944 ]
 [200.85193 ]
 [132.71922 ]
 [ 99.057915]]
1760 Cost:  31.534706 
Prediction:
 [[158.53749]
 [179.87123]
 [182.68059]
 [200.84435]
 [132.73618]
 [ 99.07815]]
1770 Cost:  31.38027 
Prediction:
 [[158.51471 ]
 [179.88283 ]
 [182.67175 ]
 [200.83673 ]
 [132.75305 ]
 [ 99.098305]]
1780 Cost:  31.226847 
Prediction:
 [[158.49197 ]
 [179.89438 ]
 [182.66293 ]
 [200.82915 ]
 [132.76985 ]
 [ 99.118385]]
1790 Cost:  31.074402 
Prediction:
 [[158.46935]
 [179.9059 ]
 [182.65416]
 [200.82161]
 [132.78664]
 [ 99.1384 ]]
1800 Cost:  30.92288 
Prediction:
 [[158.44678]
 [179.91739]
 [182.64542]
 [200.81407]
 [132.80336]
 [ 99.15834]]
1810 Cost:  30.7724 
Prediction:
 [[158.4243 ]
 [179.92885]
 [182.6367 ]
 [200.80656]
 [132.82002]
 [ 99.17821]]
1820 Cost:  30.6228 
Prediction:
 [[158.4019 ]
 [179.94026]
 [182.62802]
 [200.79909]
 [132.83667]
 [ 99.19801]]
1830 Cost:  30.474218 
Prediction:
 [[158.37958]
 [179.95164]
 [182.61937]
 [200.79163]
 [132.85324]
 [ 99.21774]]
1840 Cost:  30.326569 
Prediction:
 [[158.35732]
 [179.96297]
 [182.61075]
 [200.78418]
 [132.86977]
 [ 99.23741]]
1850 Cost:  30.179825 
Prediction:
 [[158.33511]
 [179.97427]
 [182.60214]
 [200.77675]
 [132.88623]
 [ 99.25699]]
1860 Cost:  30.034033 
Prediction:
 [[158.31302]
 [179.98555]
 [182.59358]
 [200.76935]
 [132.90266]
 [ 99.27651]]
1870 Cost:  29.889185 
Prediction:
 [[158.29097]
 [179.99677]
 [182.58504]
 [200.76195]
 [132.91902]
 [ 99.29597]]
1880 Cost:  29.745264 
Prediction:
 [[158.269  ]
 [180.00797]
 [182.57654]
 [200.75461]
 [132.93535]
 [ 99.31534]]
1890 Cost:  29.602226 
Prediction:
 [[158.24712]
 [180.01912]
 [182.56807]
 [200.74725]
 [132.95163]
 [ 99.33467]]
1900 Cost:  29.460098 
Prediction:
 [[158.22531 ]
 [180.03026 ]
 [182.55963 ]
 [200.73996 ]
 [132.96788 ]
 [ 99.353905]]
1910 Cost:  29.3189 
Prediction:
 [[158.20355 ]
 [180.04132 ]
 [182.5512  ]
 [200.73264 ]
 [132.98404 ]
 [ 99.373085]]
1920 Cost:  29.178549 
Prediction:
 [[158.18188]
 [180.05238]
 [182.54282]
 [200.72536]
 [133.00018]
 [ 99.39219]]
1930 Cost:  29.039108 
Prediction:
 [[158.16026]
 [180.06339]
 [182.53445]
 [200.71808]
 [133.01625]
 [ 99.41124]]
1940 Cost:  28.900604 
Prediction:
 [[158.13876]
 [180.07437]
 [182.52614]
 [200.71086]
 [133.0323 ]
 [ 99.43022]]
1950 Cost:  28.762901 
Prediction:
 [[158.11731 ]
 [180.08531 ]
 [182.51782 ]
 [200.70363 ]
 [133.0483  ]
 [ 99.449135]]
1960 Cost:  28.626152 
Prediction:
 [[158.09592]
 [180.0962 ]
 [182.50955]
 [200.69643]
 [133.06422]
 [ 99.46796]]
1970 Cost:  28.490248 
Prediction:
 [[158.07462]
 [180.10709]
 [182.50131]
 [200.68924]
 [133.08011]
 [ 99.48675]]
1980 Cost:  28.355179 
Prediction:
 [[158.05336]
 [180.11792]
 [182.4931 ]
 [200.6821 ]
 [133.09596]
 [ 99.50544]]
1990 Cost:  28.2209 
Prediction:
 [[158.03218 ]
 [180.12872 ]
 [182.4849  ]
 [200.67493 ]
 [133.11176 ]
 [ 99.524086]]
2000 Cost:  28.087591 
Prediction:
 [[158.01111]
 [180.13951]
 [182.47676]
 [200.66783]
 [133.12752]
 [ 99.54266]]
Your score will be  [[163.29204]]
Other score will be  [[200.69785]
 [179.93365]]
Done
