2020-05-09 00:53:56.615025: I tensorflow/core/platform/cpu_feature_guard.cc:141] Your CPU supports instructions that this TensorFlow binary was not compiled to use: SSE4.1 SSE4.2
2020-05-09 00:53:56.709757: I tensorflow/stream_executor/cuda/cuda_gpu_executor.cc:964] successful NUMA node read from SysFS had negative value (-1), but there must be at least one NUMA node, so returning NUMA node zero
2020-05-09 00:53:56.710166: I tensorflow/core/common_runtime/gpu/gpu_device.cc:1432] Found device 0 with properties: 
name: GeForce GTX 1050 major: 6 minor: 1 memoryClockRate(GHz): 1.506
pciBusID: 0000:01:00.0
totalMemory: 1.95GiB freeMemory: 1.90GiB
2020-05-09 00:53:56.710189: I tensorflow/core/common_runtime/gpu/gpu_device.cc:1511] Adding visible gpu devices: 0
2020-05-09 00:53:57.052175: I tensorflow/core/common_runtime/gpu/gpu_device.cc:982] Device interconnect StreamExecutor with strength 1 edge matrix:
2020-05-09 00:53:57.052221: I tensorflow/core/common_runtime/gpu/gpu_device.cc:988]      0 
2020-05-09 00:53:57.052258: I tensorflow/core/common_runtime/gpu/gpu_device.cc:1001] 0:   N 
2020-05-09 00:53:57.052382: I tensorflow/core/common_runtime/gpu/gpu_device.cc:1115] Created TensorFlow device (/job:localhost/replica:0/task:0/device:GPU:0 with 1658 MB memory) -> physical GPU (device: 0, name: GeForce GTX 1050, pci bus id: 0000:01:00.0, compute capability: 6.1)
0 0.7740423
200 0.6752112
400 0.64110756
600 0.62001085
800 0.60314476
1000 0.58876926
1200 0.5763487
1400 0.5655807
1600 0.55622756
1800 0.5480871
2000 0.54098475
2200 0.5347712
2400 0.52931905
2600 0.5245197
2800 0.5202812
3000 0.51652545
3200 0.5131863
3400 0.51020724
3600 0.50754094
3800 0.5051464
4000 0.5029891
4200 0.5010394
4400 0.49927184
4600 0.49766457
4800 0.4961989
5000 0.4948585
5200 0.49362946
5400 0.49249956
5600 0.49145815
5800 0.49049592
6000 0.48960498
6200 0.48877805
6400 0.48800892
6600 0.48729214
6800 0.48662278
7000 0.4859966
7200 0.4854097
7400 0.48485878
7600 0.48434067
7800 0.48385274
8000 0.48339257
8200 0.48295784
8400 0.48254675
8600 0.48215744
8800 0.48178837
9000 0.48143786
9200 0.48110488
9400 0.4807881
9600 0.48048645
9800 0.4801989
10000 0.4799245

Hypothesis:  [[0.38340896]
 [0.93984383]
 [0.1414485 ]
 [0.9537772 ]
 [0.08383103]
 [0.77742076]
 [0.9415478 ]
 [0.5840595 ]
 [0.22233753]
 [0.6102973 ]
 [0.7890525 ]
 [0.13945387]
 [0.2066298 ]
 [0.2445092 ]
 [0.737866  ]
 [0.49633363]
 [0.7550598 ]
 [0.841896  ]
 [0.8250081 ]
 [0.6305446 ]
 [0.7355095 ]
 [0.0952746 ]
 [0.662977  ]
 [0.63914645]
 [0.37556913]
 [0.9340112 ]
 [0.48472315]
 [0.71782476]
 [0.74302244]
 [0.3857034 ]
 [0.9484408 ]
 [0.90399927]
 [0.57068115]
 [0.7916017 ]
 [0.34044272]
 [0.6639874 ]
 [0.8607854 ]
 [0.5416983 ]
 [0.36291128]
 [0.39070958]
 [0.86269057]
 [0.16881138]
 [0.34498915]
 [0.03110744]
 [0.5337739 ]
 [0.9460138 ]
 [0.7291046 ]
 [0.71678674]
 [0.9393047 ]
 [0.9175049 ]
 [0.92959833]
 [0.21615508]
 [0.30006942]
 [0.9692956 ]
 [0.16058493]
 [0.5314483 ]
 [0.10486111]
 [0.7128526 ]
 [0.9043592 ]
 [0.5008555 ]
 [0.9613136 ]
 [0.6334642 ]
 [0.6758232 ]
 [0.87360984]
 [0.61900115]
 [0.68972594]
 [0.9555945 ]
 [0.68808293]
 [0.8492924 ]
 [0.61004543]
 [0.28947926]
 [0.74709785]
 [0.94161594]
 [0.9242768 ]
 [0.91861534]
 [0.82499784]
 [0.4023029 ]
 [0.86874753]
 [0.8725982 ]
 [0.9411989 ]
 [0.87309784]
 [0.8135637 ]
 [0.50277793]
 [0.8200439 ]
 [0.5541229 ]
 [0.88656765]
 [0.35300466]
 [0.9099958 ]
 [0.95118415]
 [0.77708   ]
 [0.85921705]
 [0.678733  ]
 [0.699007  ]
 [0.5546404 ]
 [0.91919315]
 [0.9748716 ]
 [0.8715724 ]
 [0.70564   ]
 [0.22013739]
 [0.61913097]
 [0.6705819 ]
 [0.9660963 ]
 [0.80700725]
 [0.7290233 ]
 [0.9439315 ]
 [0.62904507]
 [0.9262384 ]
 [0.84185755]
 [0.4402271 ]
 [0.2873603 ]
 [0.9474736 ]
 [0.89763457]
 [0.31241345]
 [0.4971496 ]
 [0.6677698 ]
 [0.83768255]
 [0.86516815]
 [0.9310624 ]
 [0.12127689]
 [0.7310812 ]
 [0.8666306 ]
 [0.6769293 ]
 [0.6484448 ]
 [0.8084909 ]
 [0.7155977 ]
 [0.83395815]
 [0.85317653]
 [0.6588042 ]
 [0.42183498]
 [0.33220112]
 [0.36573318]
 [0.81461716]
 [0.92859006]
 [0.8258587 ]
 [0.7788911 ]
 [0.82268566]
 [0.43982473]
 [0.8254934 ]
 [0.7693931 ]
 [0.7870219 ]
 [0.8670683 ]
 [0.6377974 ]
 [0.50949246]
 [0.7206246 ]
 [0.9408241 ]
 [0.71141213]
 [0.49348584]
 [0.9449701 ]
 [0.65512425]
 [0.78134376]
 [0.20701578]
 [0.411014  ]
 [0.10541031]
 [0.2772784 ]
 [0.901201  ]
 [0.8486745 ]
 [0.95093536]
 [0.06907562]
 [0.55184096]
 [0.8029562 ]
 [0.6485646 ]
 [0.887015  ]
 [0.4239251 ]
 [0.79819167]
 [0.58592284]
 [0.640144  ]
 [0.7416069 ]
 [0.8803711 ]
 [0.8180333 ]
 [0.57778734]
 [0.8908483 ]
 [0.8968622 ]
 [0.9577386 ]
 [0.15515426]
 [0.8621845 ]
 [0.35724965]
 [0.44288188]
 [0.41787595]
 [0.91100234]
 [0.5934967 ]
 [0.936486  ]
 [0.92315936]
 [0.60723674]
 [0.09302826]
 [0.14443792]
 [0.62879467]
 [0.7181617 ]
 [0.62099177]
 [0.85061854]
 [0.5900643 ]
 [0.30759457]
 [0.19375357]
 [0.8993426 ]
 [0.3803501 ]
 [0.886919  ]
 [0.87526995]
 [0.695279  ]
 [0.5961066 ]
 [0.6156116 ]
 [0.6371751 ]
 [0.672144  ]
 [0.9467024 ]
 [0.79797876]
 [0.81348485]
 [0.09611564]
 [0.39720955]
 [0.9214572 ]
 [0.18339422]
 [0.94339967]
 [0.28809145]
 [0.26849914]
 [0.40642133]
 [0.7219169 ]
 [0.16095494]
 [0.7407109 ]
 [0.6869385 ]
 [0.8102635 ]
 [0.70756114]
 [0.09357291]
 [0.38899973]
 [0.6952753 ]
 [0.4481744 ]
 [0.9181882 ]
 [0.95374763]
 [0.7338116 ]
 [0.29302642]
 [0.0199657 ]
 [0.6768164 ]
 [0.3924591 ]
 [0.5090701 ]
 [0.9587477 ]
 [0.65563935]
 [0.95681584]
 [0.21065946]
 [0.11795762]
 [0.21959114]
 [0.74874896]
 [0.9346974 ]
 [0.89044726]
 [0.59831846]
 [0.54175   ]
 [0.59874165]
 [0.09859876]
 [0.541032  ]
 [0.14387102]
 [0.56335413]
 [0.9008258 ]
 [0.6444183 ]
 [0.74905896]
 [0.9574859 ]
 [0.8312154 ]
 [0.7062924 ]
 [0.79140407]
 [0.7606594 ]
 [0.87310266]
 [0.25529924]
 [0.31680498]
 [0.47189173]
 [0.8336787 ]
 [0.69108135]
 [0.69672626]
 [0.80780154]
 [0.25788593]
 [0.47154117]
 [0.53391683]
 [0.6065935 ]
 [0.44781813]
 [0.90968317]
 [0.79502475]
 [0.9549891 ]
 [0.5635867 ]
 [0.801815  ]
 [0.79902357]
 [0.78655595]
 [0.6927181 ]
 [0.8377233 ]
 [0.32550287]
 [0.55637586]
 [0.6855398 ]
 [0.3705283 ]
 [0.86140525]
 [0.30275413]
 [0.67412037]
 [0.92481107]
 [0.80250484]
 [0.8862489 ]
 [0.63893324]
 [0.4907963 ]
 [0.61857903]
 [0.31730387]
 [0.37049603]
 [0.6316695 ]
 [0.6039232 ]
 [0.63524383]
 [0.60972476]
 [0.141508  ]
 [0.62839824]
 [0.93450576]
 [0.63709235]
 [0.6268006 ]
 [0.79714173]
 [0.36339062]
 [0.6693104 ]
 [0.38391644]
 [0.6854691 ]
 [0.9124301 ]
 [0.64495796]
 [0.645982  ]
 [0.81972265]
 [0.5577279 ]
 [0.86066645]
 [0.9451105 ]
 [0.26871067]
 [0.8049252 ]
 [0.21371557]
 [0.72530115]
 [0.8370929 ]
 [0.67186534]
 [0.27822945]
 [0.84113264]
 [0.70913684]
 [0.7392708 ]
 [0.14303334]
 [0.87378746]
 [0.85684294]
 [0.48634234]
 [0.94612116]
 [0.24568406]
 [0.7097575 ]
 [0.9478439 ]
 [0.19896266]
 [0.4320879 ]
 [0.7274137 ]
 [0.2606466 ]
 [0.17124319]
 [0.82467663]
 [0.92325985]
 [0.88156015]
 [0.67985564]
 [0.71860653]
 [0.60616803]
 [0.68462574]
 [0.81594706]
 [0.928464  ]
 [0.7995427 ]
 [0.83847183]
 [0.62507904]
 [0.9636816 ]
 [0.93888783]
 [0.8168785 ]
 [0.26330808]
 [0.6351669 ]
 [0.29547566]
 [0.7654618 ]
 [0.1585375 ]
 [0.17206979]
 [0.4229286 ]
 [0.8183093 ]
 [0.42101303]
 [0.5485576 ]
 [0.826876  ]
 [0.650385  ]
 [0.84319997]
 [0.9588781 ]
 [0.8180536 ]
 [0.0650081 ]
 [0.36057162]
 [0.8419951 ]
 [0.8663004 ]
 [0.63896435]
 [0.2739197 ]
 [0.8765584 ]
 [0.90849423]
 [0.32853705]
 [0.6741678 ]
 [0.84217983]
 [0.8275662 ]
 [0.850334  ]
 [0.8865153 ]
 [0.86967415]
 [0.902119  ]
 [0.6888286 ]
 [0.72263217]
 [0.56270885]
 [0.8259036 ]
 [0.89435774]
 [0.2348029 ]
 [0.80491596]
 [0.8599468 ]
 [0.30541202]
 [0.51581216]
 [0.84611094]
 [0.5223319 ]
 [0.9283529 ]
 [0.22307259]
 [0.8630834 ]
 [0.63955575]
 [0.90306747]
 [0.32826146]
 [0.6720489 ]
 [0.7538226 ]
 [0.7732908 ]
 [0.05771251]
 [0.21587445]
 [0.7351775 ]
 [0.83447945]
 [0.46377277]
 [0.78349614]
 [0.42529085]
 [0.35792774]
 [0.8448284 ]
 [0.47825554]
 [0.9323593 ]
 [0.7959572 ]
 [0.74200124]
 [0.9237933 ]
 [0.6722376 ]
 [0.815144  ]
 [0.30975795]
 [0.25150707]
 [0.7612024 ]
 [0.37040013]
 [0.4944849 ]
 [0.9289434 ]
 [0.9086369 ]
 [0.92131287]
 [0.95714194]
 [0.70927256]
 [0.89139974]
 [0.3453532 ]
 [0.35757726]
 [0.4647142 ]
 [0.9520082 ]
 [0.6567618 ]
 [0.15839742]
 [0.93553275]
 [0.8063575 ]
 [0.5570554 ]
 [0.79104954]
 [0.01208798]
 [0.9192878 ]
 [0.7939148 ]
 [0.72255653]
 [0.7314922 ]
 [0.965134  ]
 [0.6346053 ]
 [0.78526276]
 [0.73365074]
 [0.8534968 ]
 [0.12258124]
 [0.6152034 ]
 [0.91298485]
 [0.5768153 ]
 [0.68295187]
 [0.95570433]
 [0.85759056]
 [0.9078821 ]
 [0.51991826]
 [0.7089797 ]
 [0.93009967]
 [0.7284924 ]
 [0.6320515 ]
 [0.29774812]
 [0.51439744]
 [0.49920306]
 [0.60218966]
 [0.5749966 ]
 [0.7925314 ]
 [0.58307815]
 [0.81228167]
 [0.8048099 ]
 [0.71581286]
 [0.6945173 ]
 [0.46819508]
 [0.62340915]
 [0.93394166]
 [0.8685074 ]
 [0.22344853]
 [0.41147688]
 [0.5338503 ]
 [0.08530266]
 [0.89681476]
 [0.1161722 ]
 [0.91146034]
 [0.9228263 ]
 [0.8630168 ]
 [0.63089675]
 [0.9152902 ]
 [0.33952567]
 [0.7873287 ]
 [0.9460238 ]
 [0.222995  ]
 [0.36541367]
 [0.8943946 ]
 [0.9079901 ]
 [0.68617636]
 [0.7981549 ]
 [0.8682936 ]
 [0.8521478 ]
 [0.23008822]
 [0.73911226]
 [0.8927713 ]
 [0.64499956]
 [0.803609  ]
 [0.63443476]
 [0.8324876 ]
 [0.8807291 ]
 [0.9243214 ]
 [0.54269195]
 [0.37948984]
 [0.7860696 ]
 [0.7533737 ]
 [0.9742755 ]
 [0.7828701 ]
 [0.703707  ]
 [0.39013138]
 [0.7202183 ]
 [0.92911583]
 [0.95178515]
 [0.89289105]
 [0.6507563 ]
 [0.62514925]
 [0.7703789 ]
 [0.5073992 ]
 [0.84491855]
 [0.8095484 ]
 [0.889373  ]
 [0.6035418 ]
 [0.7637056 ]
 [0.9090916 ]
 [0.4570318 ]
 [0.566753  ]
 [0.6811582 ]
 [0.715877  ]
 [0.7005182 ]
 [0.9340023 ]
 [0.94103223]
 [0.17249885]
 [0.10712492]
 [0.7481983 ]
 [0.53246295]
 [0.23263359]
 [0.8668752 ]
 [0.9123953 ]
 [0.76461166]
 [0.9396437 ]
 [0.92984307]
 [0.7423533 ]
 [0.8836005 ]
 [0.73003465]
 [0.6035317 ]
 [0.78718996]
 [0.6595139 ]
 [0.07676093]
 [0.92206055]
 [0.86055565]
 [0.74754214]
 [0.9011745 ]
 [0.8945236 ]
 [0.89381593]
 [0.5448381 ]
 [0.6654256 ]
 [0.9204814 ]
 [0.7912039 ]
 [0.83770216]
 [0.9138789 ]
 [0.58855605]
 [0.7872449 ]
 [0.75723875]
 [0.63662654]
 [0.48604962]
 [0.09471507]
 [0.2903359 ]
 [0.8188144 ]
 [0.6221656 ]
 [0.73555857]
 [0.5495493 ]
 [0.93473965]
 [0.42663923]
 [0.81794494]
 [0.23207672]
 [0.89781225]
 [0.36822045]
 [0.8238412 ]
 [0.6287565 ]
 [0.8213855 ]
 [0.5690756 ]
 [0.15613282]
 [0.8637824 ]
 [0.92121744]
 [0.40016583]
 [0.89364785]
 [0.89701664]
 [0.8555959 ]
 [0.83738   ]
 [0.38152838]
 [0.26009953]
 [0.71674615]
 [0.15023738]
 [0.9467506 ]
 [0.33259976]
 [0.921665  ]
 [0.8696012 ]
 [0.32471013]
 [0.18752593]
 [0.7042648 ]
 [0.38241047]
 [0.8585331 ]
 [0.7658813 ]
 [0.9800346 ]
 [0.51654685]
 [0.6166211 ]
 [0.83567727]
 [0.787371  ]
 [0.06372173]
 [0.77638984]
 [0.8452101 ]
 [0.8865577 ]
 [0.6245008 ]
 [0.47824904]
 [0.659481  ]
 [0.9173635 ]
 [0.60570025]
 [0.78706634]
 [0.82241946]
 [0.8700501 ]
 [0.79918927]
 [0.55483985]
 [0.8317312 ]
 [0.9076697 ]
 [0.7113568 ]
 [0.9587116 ]
 [0.78618425]
 [0.6382799 ]
 [0.5089439 ]
 [0.8424578 ]
 [0.84662586]
 [0.5028007 ]
 [0.59439754]
 [0.1457485 ]
 [0.5277745 ]
 [0.78827393]
 [0.94681144]
 [0.8274534 ]
 [0.7313874 ]
 [0.7436124 ]
 [0.9033308 ]
 [0.46607193]
 [0.92702   ]
 [0.6097051 ]
 [0.8611238 ]
 [0.29448524]
 [0.0649427 ]
 [0.31242386]
 [0.31935164]
 [0.7054237 ]
 [0.86296535]
 [0.62933326]
 [0.731725  ]
 [0.80997485]
 [0.44963324]
 [0.30697948]
 [0.9060185 ]
 [0.92867696]
 [0.5057711 ]
 [0.7460745 ]
 [0.13886008]
 [0.3793875 ]
 [0.75457036]
 [0.7154067 ]
 [0.8891939 ]
 [0.97973263]
 [0.18395649]
 [0.73088115]
 [0.6390099 ]
 [0.48997906]
 [0.71907   ]
 [0.7172794 ]
 [0.89294916]
 [0.683795  ]
 [0.5676008 ]
 [0.6490345 ]
 [0.18997519]
 [0.67133623]
 [0.52242124]
 [0.9218634 ]
 [0.5949832 ]
 [0.50737524]
 [0.7804943 ]
 [0.729155  ]
 [0.49689493]
 [0.76836336]
 [0.65111524]
 [0.33674717]
 [0.64271754]
 [0.8896117 ]
 [0.8882181 ]
 [0.5674328 ]
 [0.7598542 ]
 [0.27112857]
 [0.859018  ]
 [0.53710645]
 [0.7455046 ]
 [0.38412172]
 [0.5814127 ]
 [0.8717275 ]
 [0.09884626]
 [0.24434574]
 [0.797864  ]
 [0.8297596 ]
 [0.8367298 ]
 [0.93269026]
 [0.82553357]
 [0.67721456]
 [0.77270406]
 [0.8520182 ]
 [0.7603426 ]
 [0.81887543]
 [0.46155903]
 [0.42764756]
 [0.8989283 ]
 [0.7925614 ]
 [0.6641815 ]
 [0.28157368]
 [0.8696459 ]
 [0.8478466 ]
 [0.8533511 ]
 [0.65299207]
 [0.9040224 ]
 [0.88044435]
 [0.84225696]
 [0.4071739 ]
 [0.8714806 ]
 [0.90678245]
 [0.34246126]
 [0.12044966]
 [0.7207391 ]
 [0.50375456]
 [0.8451013 ]
 [0.26493922]
 [0.39706177]
 [0.38712454]
 [0.8097889 ]
 [0.87036   ]
 [0.13701221]
 [0.3469192 ]
 [0.6367449 ]
 [0.5271363 ]
 [0.5449645 ]
 [0.8469058 ]
 [0.16735584]
 [0.90934426]
 [0.16285154]
 [0.85034573]
 [0.7551728 ]
 [0.75470227]
 [0.8144945 ]
 [0.736653  ]
 [0.91691554]] 
Correct (Y): [[0.]
 [1.]
 [0.]
 [1.]
 [0.]
 [1.]
 [1.]
 [1.]
 [0.]
 [1.]
 [1.]
 [0.]
 [0.]
 [0.]
 [1.]
 [0.]
 [1.]
 [1.]
 [1.]
 [1.]
 [1.]
 [0.]
 [1.]
 [1.]
 [0.]
 [1.]
 [0.]
 [1.]
 [1.]
 [0.]
 [1.]
 [1.]
 [1.]
 [1.]
 [0.]
 [1.]
 [1.]
 [1.]
 [0.]
 [0.]
 [1.]
 [0.]
 [0.]
 [0.]
 [1.]
 [1.]
 [1.]
 [1.]
 [1.]
 [1.]
 [1.]
 [0.]
 [0.]
 [1.]
 [0.]
 [1.]
 [0.]
 [1.]
 [1.]
 [1.]
 [1.]
 [1.]
 [1.]
 [1.]
 [1.]
 [1.]
 [1.]
 [1.]
 [1.]
 [1.]
 [0.]
 [1.]
 [1.]
 [1.]
 [1.]
 [1.]
 [0.]
 [1.]
 [1.]
 [1.]
 [1.]
 [1.]
 [1.]
 [1.]
 [1.]
 [1.]
 [0.]
 [1.]
 [1.]
 [1.]
 [1.]
 [1.]
 [1.]
 [1.]
 [1.]
 [1.]
 [1.]
 [1.]
 [0.]
 [1.]
 [1.]
 [1.]
 [1.]
 [1.]
 [1.]
 [1.]
 [1.]
 [1.]
 [0.]
 [0.]
 [1.]
 [1.]
 [0.]
 [0.]
 [1.]
 [1.]
 [1.]
 [1.]
 [0.]
 [1.]
 [1.]
 [1.]
 [1.]
 [1.]
 [1.]
 [1.]
 [1.]
 [1.]
 [0.]
 [0.]
 [0.]
 [1.]
 [1.]
 [1.]
 [1.]
 [1.]
 [0.]
 [1.]
 [1.]
 [1.]
 [1.]
 [1.]
 [1.]
 [1.]
 [1.]
 [1.]
 [0.]
 [1.]
 [1.]
 [1.]
 [0.]
 [0.]
 [0.]
 [0.]
 [1.]
 [1.]
 [1.]
 [0.]
 [1.]
 [1.]
 [1.]
 [1.]
 [0.]
 [1.]
 [1.]
 [1.]
 [1.]
 [1.]
 [1.]
 [1.]
 [1.]
 [1.]
 [1.]
 [0.]
 [1.]
 [0.]
 [0.]
 [0.]
 [1.]
 [1.]
 [1.]
 [1.]
 [1.]
 [0.]
 [0.]
 [1.]
 [1.]
 [1.]
 [1.]
 [1.]
 [0.]
 [0.]
 [1.]
 [0.]
 [1.]
 [1.]
 [1.]
 [1.]
 [1.]
 [1.]
 [1.]
 [1.]
 [1.]
 [1.]
 [0.]
 [0.]
 [1.]
 [0.]
 [1.]
 [0.]
 [0.]
 [0.]
 [1.]
 [0.]
 [1.]
 [1.]
 [1.]
 [1.]
 [0.]
 [0.]
 [1.]
 [0.]
 [1.]
 [1.]
 [1.]
 [0.]
 [0.]
 [1.]
 [0.]
 [1.]
 [1.]
 [1.]
 [1.]
 [0.]
 [0.]
 [0.]
 [1.]
 [1.]
 [1.]
 [1.]
 [1.]
 [1.]
 [0.]
 [1.]
 [0.]
 [1.]
 [1.]
 [1.]
 [1.]
 [1.]
 [1.]
 [1.]
 [1.]
 [1.]
 [1.]
 [0.]
 [0.]
 [0.]
 [1.]
 [1.]
 [1.]
 [1.]
 [0.]
 [0.]
 [1.]
 [1.]
 [0.]
 [1.]
 [1.]
 [1.]
 [1.]
 [1.]
 [1.]
 [1.]
 [1.]
 [1.]
 [0.]
 [1.]
 [1.]
 [0.]
 [1.]
 [0.]
 [1.]
 [1.]
 [1.]
 [1.]
 [1.]
 [0.]
 [1.]
 [0.]
 [0.]
 [1.]
 [1.]
 [1.]
 [1.]
 [0.]
 [1.]
 [1.]
 [1.]
 [1.]
 [1.]
 [0.]
 [1.]
 [0.]
 [1.]
 [1.]
 [1.]
 [1.]
 [1.]
 [1.]
 [1.]
 [1.]
 [0.]
 [1.]
 [0.]
 [1.]
 [1.]
 [1.]
 [0.]
 [1.]
 [1.]
 [1.]
 [0.]
 [1.]
 [1.]
 [0.]
 [1.]
 [0.]
 [1.]
 [1.]
 [0.]
 [0.]
 [1.]
 [0.]
 [0.]
 [1.]
 [1.]
 [1.]
 [1.]
 [1.]
 [1.]
 [1.]
 [1.]
 [1.]
 [1.]
 [1.]
 [1.]
 [1.]
 [1.]
 [1.]
 [0.]
 [1.]
 [0.]
 [1.]
 [0.]
 [0.]
 [0.]
 [1.]
 [0.]
 [1.]
 [1.]
 [1.]
 [1.]
 [1.]
 [1.]
 [0.]
 [0.]
 [1.]
 [1.]
 [1.]
 [0.]
 [1.]
 [1.]
 [0.]
 [1.]
 [1.]
 [1.]
 [1.]
 [1.]
 [1.]
 [1.]
 [1.]
 [1.]
 [1.]
 [1.]
 [1.]
 [0.]
 [1.]
 [1.]
 [0.]
 [1.]
 [1.]
 [1.]
 [1.]
 [0.]
 [1.]
 [1.]
 [1.]
 [0.]
 [1.]
 [1.]
 [1.]
 [0.]
 [0.]
 [1.]
 [1.]
 [0.]
 [1.]
 [0.]
 [0.]
 [1.]
 [0.]
 [1.]
 [1.]
 [1.]
 [1.]
 [1.]
 [1.]
 [0.]
 [0.]
 [1.]
 [0.]
 [0.]
 [1.]
 [1.]
 [1.]
 [1.]
 [1.]
 [1.]
 [0.]
 [0.]
 [0.]
 [1.]
 [1.]
 [0.]
 [1.]
 [1.]
 [1.]
 [1.]
 [0.]
 [1.]
 [1.]
 [1.]
 [1.]
 [1.]
 [1.]
 [1.]
 [1.]
 [1.]
 [0.]
 [1.]
 [1.]
 [1.]
 [1.]
 [1.]
 [1.]
 [1.]
 [1.]
 [1.]
 [1.]
 [1.]
 [1.]
 [0.]
 [1.]
 [0.]
 [1.]
 [1.]
 [1.]
 [1.]
 [1.]
 [1.]
 [1.]
 [1.]
 [0.]
 [1.]
 [1.]
 [1.]
 [0.]
 [0.]
 [1.]
 [0.]
 [1.]
 [0.]
 [1.]
 [1.]
 [1.]
 [1.]
 [1.]
 [0.]
 [1.]
 [1.]
 [0.]
 [0.]
 [1.]
 [1.]
 [1.]
 [1.]
 [1.]
 [1.]
 [0.]
 [1.]
 [1.]
 [1.]
 [1.]
 [1.]
 [1.]
 [1.]
 [1.]
 [1.]
 [0.]
 [1.]
 [1.]
 [1.]
 [1.]
 [1.]
 [0.]
 [1.]
 [1.]
 [1.]
 [1.]
 [1.]
 [1.]
 [1.]
 [1.]
 [1.]
 [1.]
 [1.]
 [1.]
 [1.]
 [1.]
 [0.]
 [1.]
 [1.]
 [1.]
 [1.]
 [1.]
 [1.]
 [0.]
 [0.]
 [1.]
 [1.]
 [0.]
 [1.]
 [1.]
 [1.]
 [1.]
 [1.]
 [1.]
 [1.]
 [1.]
 [1.]
 [1.]
 [1.]
 [0.]
 [1.]
 [1.]
 [1.]
 [1.]
 [1.]
 [1.]
 [1.]
 [1.]
 [1.]
 [1.]
 [1.]
 [1.]
 [1.]
 [1.]
 [1.]
 [1.]
 [0.]
 [0.]
 [0.]
 [1.]
 [1.]
 [1.]
 [1.]
 [1.]
 [0.]
 [1.]
 [0.]
 [1.]
 [0.]
 [1.]
 [1.]
 [1.]
 [1.]
 [0.]
 [1.]
 [1.]
 [0.]
 [1.]
 [1.]
 [1.]
 [1.]
 [0.]
 [0.]
 [1.]
 [0.]
 [1.]
 [0.]
 [1.]
 [1.]
 [0.]
 [0.]
 [1.]
 [0.]
 [1.]
 [1.]
 [1.]
 [1.]
 [1.]
 [1.]
 [1.]
 [0.]
 [1.]
 [1.]
 [1.]
 [1.]
 [0.]
 [1.]
 [1.]
 [1.]
 [1.]
 [1.]
 [1.]
 [1.]
 [1.]
 [1.]
 [1.]
 [1.]
 [1.]
 [1.]
 [1.]
 [1.]
 [1.]
 [1.]
 [1.]
 [1.]
 [0.]
 [1.]
 [1.]
 [1.]
 [1.]
 [1.]
 [1.]
 [1.]
 [0.]
 [1.]
 [1.]
 [1.]
 [0.]
 [0.]
 [0.]
 [0.]
 [1.]
 [1.]
 [1.]
 [1.]
 [1.]
 [0.]
 [0.]
 [1.]
 [1.]
 [1.]
 [1.]
 [0.]
 [0.]
 [1.]
 [1.]
 [1.]
 [1.]
 [0.]
 [1.]
 [1.]
 [0.]
 [1.]
 [1.]
 [1.]
 [1.]
 [1.]
 [1.]
 [0.]
 [1.]
 [1.]
 [1.]
 [1.]
 [1.]
 [1.]
 [1.]
 [0.]
 [1.]
 [1.]
 [0.]
 [1.]
 [1.]
 [1.]
 [1.]
 [1.]
 [0.]
 [1.]
 [1.]
 [1.]
 [0.]
 [1.]
 [1.]
 [0.]
 [0.]
 [1.]
 [1.]
 [1.]
 [1.]
 [1.]
 [1.]
 [1.]
 [1.]
 [1.]
 [1.]
 [0.]
 [0.]
 [1.]
 [1.]
 [1.]
 [0.]
 [1.]
 [1.]
 [1.]
 [1.]
 [1.]
 [1.]
 [1.]
 [0.]
 [1.]
 [1.]
 [0.]
 [0.]
 [1.]
 [1.]
 [1.]
 [0.]
 [0.]
 [0.]
 [1.]
 [1.]
 [0.]
 [0.]
 [1.]
 [1.]
 [1.]
 [1.]
 [0.]
 [1.]
 [0.]
 [1.]
 [1.]
 [1.]
 [1.]
 [1.]
 [1.]] 
Accuracy:  0.7654809
Done
