2020-05-09 00:39:50.432168: I tensorflow/core/platform/cpu_feature_guard.cc:141] Your CPU supports instructions that this TensorFlow binary was not compiled to use: SSE4.1 SSE4.2
2020-05-09 00:39:50.552296: I tensorflow/stream_executor/cuda/cuda_gpu_executor.cc:964] successful NUMA node read from SysFS had negative value (-1), but there must be at least one NUMA node, so returning NUMA node zero
2020-05-09 00:39:50.552706: I tensorflow/core/common_runtime/gpu/gpu_device.cc:1432] Found device 0 with properties: 
name: GeForce GTX 1050 major: 6 minor: 1 memoryClockRate(GHz): 1.506
pciBusID: 0000:01:00.0
totalMemory: 1.95GiB freeMemory: 1.90GiB
2020-05-09 00:39:50.552729: I tensorflow/core/common_runtime/gpu/gpu_device.cc:1511] Adding visible gpu devices: 0
2020-05-09 00:39:50.921474: I tensorflow/core/common_runtime/gpu/gpu_device.cc:982] Device interconnect StreamExecutor with strength 1 edge matrix:
2020-05-09 00:39:50.921523: I tensorflow/core/common_runtime/gpu/gpu_device.cc:988]      0 
2020-05-09 00:39:50.921536: I tensorflow/core/common_runtime/gpu/gpu_device.cc:1001] 0:   N 
2020-05-09 00:39:50.921656: I tensorflow/core/common_runtime/gpu/gpu_device.cc:1115] Created TensorFlow device (/job:localhost/replica:0/task:0/device:GPU:0 with 1658 MB memory) -> physical GPU (device: 0, name: GeForce GTX 1050, pci bus id: 0000:01:00.0, compute capability: 6.1)
0 2.915342
200 0.34236193
400 0.3173913
600 0.30131507
800 0.2894546
1000 0.2802293
1200 0.2727552
1400 0.2665018
1600 0.2611326
1800 0.2564241
2000 0.25222272
2200 0.24841942
2400 0.24493484
2600 0.24170972
2800 0.23869924
3000 0.23586863
3200 0.2331909
3400 0.23064423
3600 0.22821136
3800 0.22587813
4000 0.22363298
4200 0.22146624
4400 0.21936977
4600 0.21733694
4800 0.21536191
5000 0.21343976
5200 0.21156622
5400 0.20973764
5600 0.20795083
5800 0.20620303
6000 0.20449173
6200 0.2028147
6400 0.20117016
6600 0.19955617
6800 0.19797139
7000 0.1964144
7200 0.19488381
7400 0.19337861
7600 0.19189765
7800 0.19044007
8000 0.18900494
8200 0.18759148
8400 0.18619893
8600 0.18482672
8800 0.18347405
9000 0.18214042
9200 0.18082528
9400 0.17952807
9600 0.17824833
9800 0.1769856
10000 0.17573942

Hypothesis:  [[0.0115781 ]
 [0.03206751]
 [0.45223147]
 [0.70015085]
 [0.95146346]
 [0.9979571 ]] 
Correct (Y): [[0.]
 [0.]
 [0.]
 [1.]
 [1.]
 [1.]] 
Accuracy:  1.0
Done
